ARM GAS  C:\Users\giris\AppData\Local\Temp\ccHjlRlb.s 			page 1


   1              		.syntax unified
   2              		.cpu cortex-m3
   3              		.fpu softvfp
   4              		.eabi_attribute 20, 1
   5              		.eabi_attribute 21, 1
   6              		.eabi_attribute 23, 3
   7              		.eabi_attribute 24, 1
   8              		.eabi_attribute 25, 1
   9              		.eabi_attribute 26, 1
  10              		.eabi_attribute 30, 1
  11              		.eabi_attribute 34, 1
  12              		.eabi_attribute 18, 4
  13              		.thumb
  14              		.syntax unified
  15              		.file	"cymetadata.c"
  16              		.text
  17              	.Ltext0:
  18              		.cfi_sections	.debug_frame
  19              		.global	cy_metadata
  20              		.global	cy_meta_flashprotect
  21              		.global	cy_meta_wonvl
  22              		.global	cy_meta_custnvl
  23              		.global	cy_meta_configecc
  24              		.section	.cyconfigecc,"a",%progbits
  25              		.align	2
  26              		.type	cy_meta_configecc, %object
  27              		.size	cy_meta_configecc, 1356
  28              	cy_meta_configecc:
  29 0000 02       		.byte	2
  30 0001 4F       		.byte	79
  31 0002 00       		.byte	0
  32 0003 40       		.byte	64
  33 0004 01       		.byte	1
  34 0005 64       		.byte	100
  35 0006 00       		.byte	0
  36 0007 40       		.byte	64
  37 0008 03       		.byte	3
  38 0009 65       		.byte	101
  39 000a 00       		.byte	0
  40 000b 40       		.byte	64
  41 000c 01       		.byte	1
  42 000d 07       		.byte	7
  43 000e 01       		.byte	1
  44 000f 40       		.byte	64
  45 0010 0D       		.byte	13
  46 0011 08       		.byte	8
  47 0012 01       		.byte	1
  48 0013 40       		.byte	64
  49 0014 41       		.byte	65
  50 0015 09       		.byte	9
  51 0016 01       		.byte	1
  52 0017 40       		.byte	64
  53 0018 5E       		.byte	94
  54 0019 0A       		.byte	10
  55 001a 01       		.byte	1
  56 001b 40       		.byte	64
  57 001c 34       		.byte	52
ARM GAS  C:\Users\giris\AppData\Local\Temp\ccHjlRlb.s 			page 2


  58 001d 0B       		.byte	11
  59 001e 01       		.byte	1
  60 001f 40       		.byte	64
  61 0020 0F       		.byte	15
  62 0021 18       		.byte	24
  63 0022 01       		.byte	1
  64 0023 40       		.byte	64
  65 0024 42       		.byte	66
  66 0025 19       		.byte	25
  67 0026 01       		.byte	1
  68 0027 40       		.byte	64
  69 0028 0B       		.byte	11
  70 0029 1A       		.byte	26
  71 002a 01       		.byte	1
  72 002b 40       		.byte	64
  73 002c 43       		.byte	67
  74 002d 1B       		.byte	27
  75 002e 01       		.byte	1
  76 002f 40       		.byte	64
  77 0030 02       		.byte	2
  78 0031 42       		.byte	66
  79 0032 01       		.byte	1
  80 0033 40       		.byte	64
  81 0034 07       		.byte	7
  82 0035 43       		.byte	67
  83 0036 01       		.byte	1
  84 0037 40       		.byte	64
  85 0038 02       		.byte	2
  86 0039 44       		.byte	68
  87 003a 01       		.byte	1
  88 003b 40       		.byte	64
  89 003c 01       		.byte	1
  90 003d 45       		.byte	69
  91 003e 01       		.byte	1
  92 003f 40       		.byte	64
  93 0040 01       		.byte	1
  94 0041 46       		.byte	70
  95 0042 01       		.byte	1
  96 0043 40       		.byte	64
  97 0044 02       		.byte	2
  98 0045 47       		.byte	71
  99 0046 01       		.byte	1
 100 0047 40       		.byte	64
 101 0048 03       		.byte	3
 102 0049 4C       		.byte	76
 103 004a 01       		.byte	1
 104 004b 40       		.byte	64
 105 004c 0A       		.byte	10
 106 004d 4D       		.byte	77
 107 004e 01       		.byte	1
 108 004f 40       		.byte	64
 109 0050 04       		.byte	4
 110 0051 50       		.byte	80
 111 0052 01       		.byte	1
 112 0053 40       		.byte	64
 113 0054 01       		.byte	1
 114 0055 20       		.byte	32
ARM GAS  C:\Users\giris\AppData\Local\Temp\ccHjlRlb.s 			page 3


 115 0056 0A       		.byte	10
 116 0057 27       		.byte	39
 117 0058 88       		.byte	-120
 118 0059 0F       		.byte	15
 119 005a 88       		.byte	-120
 120 005b 38       		.byte	56
 121 005c 89       		.byte	-119
 122 005d 0F       		.byte	15
 123 005e 8A       		.byte	-118
 124 005f 72       		.byte	114
 125 0060 E2       		.byte	-30
 126 0061 01       		.byte	1
 127 0062 9C       		.byte	-100
 128 0063 04       		.byte	4
 129 0064 A8       		.byte	-88
 130 0065 02       		.byte	2
 131 0066 AE       		.byte	-82
 132 0067 01       		.byte	1
 133 0068 B0       		.byte	-80
 134 0069 04       		.byte	4
 135 006a B2       		.byte	-78
 136 006b 02       		.byte	2
 137 006c B4       		.byte	-76
 138 006d 01       		.byte	1
 139 006e B9       		.byte	-71
 140 006f 08       		.byte	8
 141 0070 BE       		.byte	-66
 142 0071 05       		.byte	5
 143 0072 BF       		.byte	-65
 144 0073 04       		.byte	4
 145 0074 D8       		.byte	-40
 146 0075 04       		.byte	4
 147 0076 D9       		.byte	-39
 148 0077 04       		.byte	4
 149 0078 DC       		.byte	-36
 150 0079 01       		.byte	1
 151 007a DF       		.byte	-33
 152 007b 01       		.byte	1
 153 007c 04       		.byte	4
 154 007d 04       		.byte	4
 155 007e 05       		.byte	5
 156 007f 10       		.byte	16
 157 0080 06       		.byte	6
 158 0081 02       		.byte	2
 159 0082 07       		.byte	7
 160 0083 40       		.byte	64
 161 0084 0A       		.byte	10
 162 0085 02       		.byte	2
 163 0086 0D       		.byte	13
 164 0087 02       		.byte	2
 165 0088 0E       		.byte	14
 166 0089 29       		.byte	41
 167 008a 10       		.byte	16
 168 008b 02       		.byte	2
 169 008c 12       		.byte	18
 170 008d 04       		.byte	4
 171 008e 17       		.byte	23
ARM GAS  C:\Users\giris\AppData\Local\Temp\ccHjlRlb.s 			page 4


 172 008f 15       		.byte	21
 173 0090 18       		.byte	24
 174 0091 80       		.byte	-128
 175 0092 19       		.byte	25
 176 0093 08       		.byte	8
 177 0094 1B       		.byte	27
 178 0095 20       		.byte	32
 179 0096 1C       		.byte	28
 180 0097 24       		.byte	36
 181 0098 1E       		.byte	30
 182 0099 82       		.byte	-126
 183 009a 1F       		.byte	31
 184 009b 80       		.byte	-128
 185 009c 21       		.byte	33
 186 009d 08       		.byte	8
 187 009e 24       		.byte	36
 188 009f 08       		.byte	8
 189 00a0 25       		.byte	37
 190 00a1 14       		.byte	20
 191 00a2 26       		.byte	38
 192 00a3 14       		.byte	20
 193 00a4 27       		.byte	39
 194 00a5 60       		.byte	96
 195 00a6 2B       		.byte	43
 196 00a7 C0       		.byte	-64
 197 00a8 2E       		.byte	46
 198 00a9 21       		.byte	33
 199 00aa 37       		.byte	55
 200 00ab 65       		.byte	101
 201 00ac 3D       		.byte	61
 202 00ad A0       		.byte	-96
 203 00ae 3E       		.byte	62
 204 00af 06       		.byte	6
 205 00b0 45       		.byte	69
 206 00b1 C4       		.byte	-60
 207 00b2 4C       		.byte	76
 208 00b3 04       		.byte	4
 209 00b4 4F       		.byte	79
 210 00b5 84       		.byte	-124
 211 00b6 55       		.byte	85
 212 00b7 02       		.byte	2
 213 00b8 56       		.byte	86
 214 00b9 A0       		.byte	-96
 215 00ba 57       		.byte	87
 216 00bb 14       		.byte	20
 217 00bc 66       		.byte	102
 218 00bd 10       		.byte	16
 219 00be 6C       		.byte	108
 220 00bf 10       		.byte	16
 221 00c0 6E       		.byte	110
 222 00c1 05       		.byte	5
 223 00c2 6F       		.byte	111
 224 00c3 15       		.byte	21
 225 00c4 76       		.byte	118
 226 00c5 02       		.byte	2
 227 00c6 80       		.byte	-128
 228 00c7 04       		.byte	4
ARM GAS  C:\Users\giris\AppData\Local\Temp\ccHjlRlb.s 			page 5


 229 00c8 81       		.byte	-127
 230 00c9 08       		.byte	8
 231 00ca 91       		.byte	-111
 232 00cb 20       		.byte	32
 233 00cc 92       		.byte	-110
 234 00cd 02       		.byte	2
 235 00ce 93       		.byte	-109
 236 00cf 10       		.byte	16
 237 00d0 94       		.byte	-108
 238 00d1 28       		.byte	40
 239 00d2 96       		.byte	-106
 240 00d3 01       		.byte	1
 241 00d4 97       		.byte	-105
 242 00d5 04       		.byte	4
 243 00d6 99       		.byte	-103
 244 00d7 11       		.byte	17
 245 00d8 9A       		.byte	-102
 246 00d9 10       		.byte	16
 247 00da 9D       		.byte	-99
 248 00db 80       		.byte	-128
 249 00dc 9E       		.byte	-98
 250 00dd 82       		.byte	-126
 251 00de 9F       		.byte	-97
 252 00df 25       		.byte	37
 253 00e0 A0       		.byte	-96
 254 00e1 80       		.byte	-128
 255 00e2 A1       		.byte	-95
 256 00e3 80       		.byte	-128
 257 00e4 A5       		.byte	-91
 258 00e5 10       		.byte	16
 259 00e6 A6       		.byte	-90
 260 00e7 CD       		.byte	-51
 261 00e8 A7       		.byte	-89
 262 00e9 14       		.byte	20
 263 00ea C0       		.byte	-64
 264 00eb F0       		.byte	-16
 265 00ec C2       		.byte	-62
 266 00ed F1       		.byte	-15
 267 00ee C4       		.byte	-60
 268 00ef 73       		.byte	115
 269 00f0 CA       		.byte	-54
 270 00f1 A0       		.byte	-96
 271 00f2 CC       		.byte	-52
 272 00f3 F0       		.byte	-16
 273 00f4 CE       		.byte	-50
 274 00f5 F0       		.byte	-16
 275 00f6 D0       		.byte	-48
 276 00f7 50       		.byte	80
 277 00f8 D2       		.byte	-46
 278 00f9 30       		.byte	48
 279 00fa D8       		.byte	-40
 280 00fb 20       		.byte	32
 281 00fc E0       		.byte	-32
 282 00fd 04       		.byte	4
 283 00fe 00       		.byte	0
 284 00ff 14       		.byte	20
 285 0100 04       		.byte	4
ARM GAS  C:\Users\giris\AppData\Local\Temp\ccHjlRlb.s 			page 6


 286 0101 09       		.byte	9
 287 0102 06       		.byte	6
 288 0103 D0       		.byte	-48
 289 0104 07       		.byte	7
 290 0105 08       		.byte	8
 291 0106 08       		.byte	8
 292 0107 10       		.byte	16
 293 0108 09       		.byte	9
 294 0109 2C       		.byte	44
 295 010a 0A       		.byte	10
 296 010b 40       		.byte	64
 297 010c 0B       		.byte	11
 298 010d 43       		.byte	67
 299 010e 0C       		.byte	12
 300 010f 0C       		.byte	12
 301 0110 0D       		.byte	13
 302 0111 80       		.byte	-128
 303 0112 0E       		.byte	14
 304 0113 71       		.byte	113
 305 0114 0F       		.byte	15
 306 0115 13       		.byte	19
 307 0116 14       		.byte	20
 308 0117 DC       		.byte	-36
 309 0118 15       		.byte	21
 310 0119 71       		.byte	113
 311 011a 16       		.byte	22
 312 011b 22       		.byte	34
 313 011c 17       		.byte	23
 314 011d 06       		.byte	6
 315 011e 1B       		.byte	27
 316 011f 0C       		.byte	12
 317 0120 1E       		.byte	30
 318 0121 03       		.byte	3
 319 0122 21       		.byte	33
 320 0123 71       		.byte	113
 321 0124 22       		.byte	34
 322 0125 20       		.byte	32
 323 0126 23       		.byte	35
 324 0127 0E       		.byte	14
 325 0128 28       		.byte	40
 326 0129 10       		.byte	16
 327 012a 2A       		.byte	42
 328 012b AC       		.byte	-84
 329 012c 30       		.byte	48
 330 012d E0       		.byte	-32
 331 012e 31       		.byte	49
 332 012f 30       		.byte	48
 333 0130 33       		.byte	51
 334 0131 0F       		.byte	15
 335 0132 35       		.byte	53
 336 0133 C0       		.byte	-64
 337 0134 36       		.byte	54
 338 0135 1F       		.byte	31
 339 0136 39       		.byte	57
 340 0137 22       		.byte	34
 341 0138 3A       		.byte	58
 342 0139 02       		.byte	2
ARM GAS  C:\Users\giris\AppData\Local\Temp\ccHjlRlb.s 			page 7


 343 013a 3B       		.byte	59
 344 013b 08       		.byte	8
 345 013c 3F       		.byte	63
 346 013d 01       		.byte	1
 347 013e 40       		.byte	64
 348 013f 04       		.byte	4
 349 0140 45       		.byte	69
 350 0141 04       		.byte	4
 351 0142 49       		.byte	73
 352 0143 FF       		.byte	-1
 353 0144 4A       		.byte	74
 354 0145 07       		.byte	7
 355 0146 4B       		.byte	75
 356 0147 FF       		.byte	-1
 357 0148 4C       		.byte	76
 358 0149 40       		.byte	64
 359 014a 4D       		.byte	77
 360 014b 20       		.byte	32
 361 014c 4E       		.byte	78
 362 014d F0       		.byte	-16
 363 014e 4F       		.byte	79
 364 014f 05       		.byte	5
 365 0150 50       		.byte	80
 366 0151 08       		.byte	8
 367 0152 54       		.byte	84
 368 0153 40       		.byte	64
 369 0154 58       		.byte	88
 370 0155 04       		.byte	4
 371 0156 59       		.byte	89
 372 0157 04       		.byte	4
 373 0158 5A       		.byte	90
 374 0159 04       		.byte	4
 375 015a 5B       		.byte	91
 376 015b 04       		.byte	4
 377 015c 5C       		.byte	92
 378 015d 11       		.byte	17
 379 015e 5D       		.byte	93
 380 015f 01       		.byte	1
 381 0160 5F       		.byte	95
 382 0161 01       		.byte	1
 383 0162 60       		.byte	96
 384 0163 40       		.byte	64
 385 0164 61       		.byte	97
 386 0165 A8       		.byte	-88
 387 0166 62       		.byte	98
 388 0167 40       		.byte	64
 389 0168 63       		.byte	99
 390 0169 20       		.byte	32
 391 016a 82       		.byte	-126
 392 016b 80       		.byte	-128
 393 016c 84       		.byte	-124
 394 016d 62       		.byte	98
 395 016e 85       		.byte	-123
 396 016f 20       		.byte	32
 397 0170 86       		.byte	-122
 398 0171 14       		.byte	20
 399 0172 87       		.byte	-121
ARM GAS  C:\Users\giris\AppData\Local\Temp\ccHjlRlb.s 			page 8


 400 0173 D0       		.byte	-48
 401 0174 88       		.byte	-120
 402 0175 8D       		.byte	-115
 403 0176 89       		.byte	-119
 404 0177 55       		.byte	85
 405 0178 8B       		.byte	-117
 406 0179 AA       		.byte	-86
 407 017a 8D       		.byte	-115
 408 017b 0E       		.byte	14
 409 017c 90       		.byte	-112
 410 017d 02       		.byte	2
 411 017e 92       		.byte	-110
 412 017f 0D       		.byte	13
 413 0180 94       		.byte	-108
 414 0181 40       		.byte	64
 415 0182 95       		.byte	-107
 416 0183 33       		.byte	51
 417 0184 97       		.byte	-105
 418 0185 C4       		.byte	-60
 419 0186 98       		.byte	-104
 420 0187 42       		.byte	66
 421 0188 99       		.byte	-103
 422 0189 94       		.byte	-108
 423 018a 9A       		.byte	-102
 424 018b 08       		.byte	8
 425 018c 9B       		.byte	-101
 426 018d 69       		.byte	105
 427 018e 9C       		.byte	-100
 428 018f 8D       		.byte	-115
 429 0190 A0       		.byte	-96
 430 0191 0D       		.byte	13
 431 0192 A2       		.byte	-94
 432 0193 80       		.byte	-128
 433 0194 A4       		.byte	-92
 434 0195 8D       		.byte	-115
 435 0196 A8       		.byte	-88
 436 0197 11       		.byte	17
 437 0198 AA       		.byte	-86
 438 0199 22       		.byte	34
 439 019a AC       		.byte	-84
 440 019b 8D       		.byte	-115
 441 019c B0       		.byte	-80
 442 019d 0F       		.byte	15
 443 019e B2       		.byte	-78
 444 019f 80       		.byte	-128
 445 01a0 B4       		.byte	-76
 446 01a1 70       		.byte	112
 447 01a2 B5       		.byte	-75
 448 01a3 F0       		.byte	-16
 449 01a4 B6       		.byte	-74
 450 01a5 70       		.byte	112
 451 01a6 B7       		.byte	-73
 452 01a7 0F       		.byte	15
 453 01a8 B9       		.byte	-71
 454 01a9 80       		.byte	-128
 455 01aa BA       		.byte	-70
 456 01ab A2       		.byte	-94
ARM GAS  C:\Users\giris\AppData\Local\Temp\ccHjlRlb.s 			page 9


 457 01ac BB       		.byte	-69
 458 01ad 20       		.byte	32
 459 01ae BE       		.byte	-66
 460 01af 04       		.byte	4
 461 01b0 D4       		.byte	-44
 462 01b1 09       		.byte	9
 463 01b2 D8       		.byte	-40
 464 01b3 04       		.byte	4
 465 01b4 D9       		.byte	-39
 466 01b5 04       		.byte	4
 467 01b6 DB       		.byte	-37
 468 01b7 04       		.byte	4
 469 01b8 DF       		.byte	-33
 470 01b9 01       		.byte	1
 471 01ba 00       		.byte	0
 472 01bb 68       		.byte	104
 473 01bc 02       		.byte	2
 474 01bd 80       		.byte	-128
 475 01be 04       		.byte	4
 476 01bf 28       		.byte	40
 477 01c0 06       		.byte	6
 478 01c1 C0       		.byte	-64
 479 01c2 0A       		.byte	10
 480 01c3 02       		.byte	2
 481 01c4 0B       		.byte	11
 482 01c5 10       		.byte	16
 483 01c6 0E       		.byte	14
 484 01c7 55       		.byte	85
 485 01c8 0F       		.byte	15
 486 01c9 20       		.byte	32
 487 01ca 10       		.byte	16
 488 01cb 80       		.byte	-128
 489 01cc 12       		.byte	18
 490 01cd 18       		.byte	24
 491 01ce 13       		.byte	19
 492 01cf 08       		.byte	8
 493 01d0 16       		.byte	22
 494 01d1 02       		.byte	2
 495 01d2 17       		.byte	23
 496 01d3 25       		.byte	37
 497 01d4 18       		.byte	24
 498 01d5 40       		.byte	64
 499 01d6 19       		.byte	25
 500 01d7 01       		.byte	1
 501 01d8 1A       		.byte	26
 502 01d9 02       		.byte	2
 503 01da 1D       		.byte	29
 504 01db 94       		.byte	-108
 505 01dc 1E       		.byte	30
 506 01dd 44       		.byte	68
 507 01de 20       		.byte	32
 508 01df 08       		.byte	8
 509 01e0 21       		.byte	33
 510 01e1 11       		.byte	17
 511 01e2 22       		.byte	34
 512 01e3 10       		.byte	16
 513 01e4 23       		.byte	35
ARM GAS  C:\Users\giris\AppData\Local\Temp\ccHjlRlb.s 			page 10


 514 01e5 10       		.byte	16
 515 01e6 24       		.byte	36
 516 01e7 04       		.byte	4
 517 01e8 25       		.byte	37
 518 01e9 40       		.byte	64
 519 01ea 27       		.byte	39
 520 01eb 08       		.byte	8
 521 01ec 29       		.byte	41
 522 01ed 01       		.byte	1
 523 01ee 32       		.byte	50
 524 01ef 18       		.byte	24
 525 01f0 35       		.byte	53
 526 01f1 10       		.byte	16
 527 01f2 36       		.byte	54
 528 01f3 04       		.byte	4
 529 01f4 38       		.byte	56
 530 01f5 80       		.byte	-128
 531 01f6 3B       		.byte	59
 532 01f7 18       		.byte	24
 533 01f8 3C       		.byte	60
 534 01f9 04       		.byte	4
 535 01fa 3D       		.byte	61
 536 01fb A0       		.byte	-96
 537 01fc 41       		.byte	65
 538 01fd 01       		.byte	1
 539 01fe 48       		.byte	72
 540 01ff 10       		.byte	16
 541 0200 4B       		.byte	75
 542 0201 08       		.byte	8
 543 0202 50       		.byte	80
 544 0203 C0       		.byte	-64
 545 0204 5E       		.byte	94
 546 0205 92       		.byte	-110
 547 0206 5F       		.byte	95
 548 0207 04       		.byte	4
 549 0208 61       		.byte	97
 550 0209 04       		.byte	4
 551 020a 62       		.byte	98
 552 020b 40       		.byte	64
 553 020c 63       		.byte	99
 554 020d 08       		.byte	8
 555 020e 65       		.byte	101
 556 020f 80       		.byte	-128
 557 0210 C0       		.byte	-64
 558 0211 7F       		.byte	127
 559 0212 C2       		.byte	-62
 560 0213 F5       		.byte	-11
 561 0214 C4       		.byte	-60
 562 0215 FA       		.byte	-6
 563 0216 CA       		.byte	-54
 564 0217 01       		.byte	1
 565 0218 CC       		.byte	-52
 566 0219 66       		.byte	102
 567 021a CE       		.byte	-50
 568 021b 7E       		.byte	126
 569 021c D0       		.byte	-48
 570 021d 01       		.byte	1
ARM GAS  C:\Users\giris\AppData\Local\Temp\ccHjlRlb.s 			page 11


 571 021e D6       		.byte	-42
 572 021f F0       		.byte	-16
 573 0220 D8       		.byte	-40
 574 0221 1E       		.byte	30
 575 0222 05       		.byte	5
 576 0223 01       		.byte	1
 577 0224 0B       		.byte	11
 578 0225 03       		.byte	3
 579 0226 12       		.byte	18
 580 0227 01       		.byte	1
 581 0228 1B       		.byte	27
 582 0229 03       		.byte	3
 583 022a 1E       		.byte	30
 584 022b 01       		.byte	1
 585 022c 1F       		.byte	31
 586 022d 02       		.byte	2
 587 022e 30       		.byte	48
 588 022f 01       		.byte	1
 589 0230 31       		.byte	49
 590 0231 03       		.byte	3
 591 0232 3E       		.byte	62
 592 0233 01       		.byte	1
 593 0234 54       		.byte	84
 594 0235 18       		.byte	24
 595 0236 58       		.byte	88
 596 0237 04       		.byte	4
 597 0238 59       		.byte	89
 598 0239 04       		.byte	4
 599 023a 5B       		.byte	91
 600 023b 04       		.byte	4
 601 023c 5D       		.byte	93
 602 023d 10       		.byte	16
 603 023e 5F       		.byte	95
 604 023f 01       		.byte	1
 605 0240 00       		.byte	0
 606 0241 44       		.byte	68
 607 0242 01       		.byte	1
 608 0243 20       		.byte	32
 609 0244 09       		.byte	9
 610 0245 88       		.byte	-120
 611 0246 0A       		.byte	10
 612 0247 40       		.byte	64
 613 0248 0B       		.byte	11
 614 0249 04       		.byte	4
 615 024a 0D       		.byte	13
 616 024b 01       		.byte	1
 617 024c 0E       		.byte	14
 618 024d 01       		.byte	1
 619 024e 10       		.byte	16
 620 024f 02       		.byte	2
 621 0250 12       		.byte	18
 622 0251 20       		.byte	32
 623 0252 13       		.byte	19
 624 0253 21       		.byte	33
 625 0254 18       		.byte	24
 626 0255 04       		.byte	4
 627 0256 19       		.byte	25
ARM GAS  C:\Users\giris\AppData\Local\Temp\ccHjlRlb.s 			page 12


 628 0257 02       		.byte	2
 629 0258 1A       		.byte	26
 630 0259 09       		.byte	9
 631 025a 1F       		.byte	31
 632 025b 01       		.byte	1
 633 025c 20       		.byte	32
 634 025d 80       		.byte	-128
 635 025e 21       		.byte	33
 636 025f 04       		.byte	4
 637 0260 22       		.byte	34
 638 0261 49       		.byte	73
 639 0262 27       		.byte	39
 640 0263 80       		.byte	-128
 641 0264 28       		.byte	40
 642 0265 90       		.byte	-112
 643 0266 29       		.byte	41
 644 0267 A5       		.byte	-91
 645 0268 30       		.byte	48
 646 0269 A8       		.byte	-88
 647 026a 32       		.byte	50
 648 026b 01       		.byte	1
 649 026c 33       		.byte	51
 650 026d 40       		.byte	64
 651 026e 35       		.byte	53
 652 026f 10       		.byte	16
 653 0270 37       		.byte	55
 654 0271 80       		.byte	-128
 655 0272 39       		.byte	57
 656 0273 28       		.byte	40
 657 0274 3A       		.byte	58
 658 0275 40       		.byte	64
 659 0276 3D       		.byte	61
 660 0277 28       		.byte	40
 661 0278 40       		.byte	64
 662 0279 80       		.byte	-128
 663 027a 43       		.byte	67
 664 027b 40       		.byte	64
 665 027c 49       		.byte	73
 666 027d 04       		.byte	4
 667 027e 4A       		.byte	74
 668 027f 08       		.byte	8
 669 0280 52       		.byte	82
 670 0281 84       		.byte	-124
 671 0282 53       		.byte	83
 672 0283 08       		.byte	8
 673 0284 58       		.byte	88
 674 0285 12       		.byte	18
 675 0286 59       		.byte	89
 676 0287 08       		.byte	8
 677 0288 5A       		.byte	90
 678 0289 80       		.byte	-128
 679 028a 5D       		.byte	93
 680 028b 02       		.byte	2
 681 028c 67       		.byte	103
 682 028d 0A       		.byte	10
 683 028e 80       		.byte	-128
 684 028f 40       		.byte	64
ARM GAS  C:\Users\giris\AppData\Local\Temp\ccHjlRlb.s 			page 13


 685 0290 8F       		.byte	-113
 686 0291 80       		.byte	-128
 687 0292 90       		.byte	-112
 688 0293 80       		.byte	-128
 689 0294 91       		.byte	-111
 690 0295 20       		.byte	32
 691 0296 99       		.byte	-103
 692 0297 19       		.byte	25
 693 0298 9A       		.byte	-102
 694 0299 40       		.byte	64
 695 029a 9E       		.byte	-98
 696 029b 04       		.byte	4
 697 029c A0       		.byte	-96
 698 029d 80       		.byte	-128
 699 029e A1       		.byte	-95
 700 029f 14       		.byte	20
 701 02a0 A3       		.byte	-93
 702 02a1 20       		.byte	32
 703 02a2 A4       		.byte	-92
 704 02a3 02       		.byte	2
 705 02a4 A6       		.byte	-90
 706 02a5 88       		.byte	-120
 707 02a6 AC       		.byte	-84
 708 02a7 10       		.byte	16
 709 02a8 AD       		.byte	-83
 710 02a9 80       		.byte	-128
 711 02aa B2       		.byte	-78
 712 02ab 40       		.byte	64
 713 02ac B3       		.byte	-77
 714 02ad 10       		.byte	16
 715 02ae C0       		.byte	-64
 716 02af 07       		.byte	7
 717 02b0 C2       		.byte	-62
 718 02b1 9F       		.byte	-97
 719 02b2 C4       		.byte	-60
 720 02b3 0F       		.byte	15
 721 02b4 CA       		.byte	-54
 722 02b5 0F       		.byte	15
 723 02b6 CC       		.byte	-52
 724 02b7 3F       		.byte	63
 725 02b8 CE       		.byte	-50
 726 02b9 6E       		.byte	110
 727 02ba D0       		.byte	-48
 728 02bb 09       		.byte	9
 729 02bc D2       		.byte	-46
 730 02bd 04       		.byte	4
 731 02be D6       		.byte	-42
 732 02bf 8F       		.byte	-113
 733 02c0 D8       		.byte	-40
 734 02c1 30       		.byte	48
 735 02c2 E0       		.byte	-32
 736 02c3 01       		.byte	1
 737 02c4 8A       		.byte	-118
 738 02c5 02       		.byte	2
 739 02c6 96       		.byte	-106
 740 02c7 02       		.byte	2
 741 02c8 98       		.byte	-104
ARM GAS  C:\Users\giris\AppData\Local\Temp\ccHjlRlb.s 			page 14


 742 02c9 01       		.byte	1
 743 02ca A8       		.byte	-88
 744 02cb 01       		.byte	1
 745 02cc AC       		.byte	-84
 746 02cd 01       		.byte	1
 747 02ce B0       		.byte	-80
 748 02cf 01       		.byte	1
 749 02d0 B2       		.byte	-78
 750 02d1 02       		.byte	2
 751 02d2 BE       		.byte	-66
 752 02d3 04       		.byte	4
 753 02d4 D8       		.byte	-40
 754 02d5 04       		.byte	4
 755 02d6 DC       		.byte	-36
 756 02d7 01       		.byte	1
 757 02d8 DF       		.byte	-33
 758 02d9 01       		.byte	1
 759 02da 00       		.byte	0
 760 02db 04       		.byte	4
 761 02dc 06       		.byte	6
 762 02dd 04       		.byte	4
 763 02de 08       		.byte	8
 764 02df 04       		.byte	4
 765 02e0 0A       		.byte	10
 766 02e1 46       		.byte	70
 767 02e2 0B       		.byte	11
 768 02e3 02       		.byte	2
 769 02e4 0C       		.byte	12
 770 02e5 20       		.byte	32
 771 02e6 0E       		.byte	14
 772 02e7 10       		.byte	16
 773 02e8 10       		.byte	16
 774 02e9 2A       		.byte	42
 775 02ea 13       		.byte	19
 776 02eb 01       		.byte	1
 777 02ec 15       		.byte	21
 778 02ed 50       		.byte	80
 779 02ee 18       		.byte	24
 780 02ef 01       		.byte	1
 781 02f0 19       		.byte	25
 782 02f1 21       		.byte	33
 783 02f2 1A       		.byte	26
 784 02f3 54       		.byte	84
 785 02f4 1C       		.byte	28
 786 02f5 40       		.byte	64
 787 02f6 1F       		.byte	31
 788 02f7 06       		.byte	6
 789 02f8 20       		.byte	32
 790 02f9 04       		.byte	4
 791 02fa 21       		.byte	33
 792 02fb 40       		.byte	64
 793 02fc 22       		.byte	34
 794 02fd 30       		.byte	48
 795 02fe 23       		.byte	35
 796 02ff 21       		.byte	33
 797 0300 29       		.byte	41
 798 0301 21       		.byte	33
ARM GAS  C:\Users\giris\AppData\Local\Temp\ccHjlRlb.s 			page 15


 799 0302 2B       		.byte	43
 800 0303 22       		.byte	34
 801 0304 30       		.byte	48
 802 0305 06       		.byte	6
 803 0306 31       		.byte	49
 804 0307 80       		.byte	-128
 805 0308 32       		.byte	50
 806 0309 14       		.byte	20
 807 030a 35       		.byte	53
 808 030b 01       		.byte	1
 809 030c 36       		.byte	54
 810 030d 01       		.byte	1
 811 030e 38       		.byte	56
 812 030f 28       		.byte	40
 813 0310 39       		.byte	57
 814 0311 80       		.byte	-128
 815 0312 3B       		.byte	59
 816 0313 02       		.byte	2
 817 0314 40       		.byte	64
 818 0315 45       		.byte	69
 819 0316 42       		.byte	66
 820 0317 20       		.byte	32
 821 0318 4A       		.byte	74
 822 0319 01       		.byte	1
 823 031a 51       		.byte	81
 824 031b 01       		.byte	1
 825 031c 52       		.byte	82
 826 031d 04       		.byte	4
 827 031e 5B       		.byte	91
 828 031f 20       		.byte	32
 829 0320 68       		.byte	104
 830 0321 28       		.byte	40
 831 0322 69       		.byte	105
 832 0323 50       		.byte	80
 833 0324 70       		.byte	112
 834 0325 14       		.byte	20
 835 0326 71       		.byte	113
 836 0327 88       		.byte	-120
 837 0328 73       		.byte	115
 838 0329 04       		.byte	4
 839 032a 88       		.byte	-120
 840 032b 02       		.byte	2
 841 032c 89       		.byte	-119
 842 032d 80       		.byte	-128
 843 032e 92       		.byte	-110
 844 032f 0A       		.byte	10
 845 0330 94       		.byte	-108
 846 0331 40       		.byte	64
 847 0332 95       		.byte	-107
 848 0333 02       		.byte	2
 849 0334 96       		.byte	-106
 850 0335 40       		.byte	64
 851 0336 97       		.byte	-105
 852 0337 0D       		.byte	13
 853 0338 9A       		.byte	-102
 854 0339 20       		.byte	32
 855 033a 9D       		.byte	-99
ARM GAS  C:\Users\giris\AppData\Local\Temp\ccHjlRlb.s 			page 16


 856 033b A0       		.byte	-96
 857 033c A3       		.byte	-93
 858 033d 20       		.byte	32
 859 033e A4       		.byte	-92
 860 033f 2A       		.byte	42
 861 0340 A5       		.byte	-91
 862 0341 88       		.byte	-120
 863 0342 A6       		.byte	-90
 864 0343 20       		.byte	32
 865 0344 A8       		.byte	-88
 866 0345 02       		.byte	2
 867 0346 AB       		.byte	-85
 868 0347 08       		.byte	8
 869 0348 B0       		.byte	-80
 870 0349 40       		.byte	64
 871 034a B2       		.byte	-78
 872 034b 21       		.byte	33
 873 034c B3       		.byte	-77
 874 034d 20       		.byte	32
 875 034e C0       		.byte	-64
 876 034f 44       		.byte	68
 877 0350 C2       		.byte	-62
 878 0351 6F       		.byte	111
 879 0352 C4       		.byte	-60
 880 0353 CF       		.byte	-49
 881 0354 CA       		.byte	-54
 882 0355 0F       		.byte	15
 883 0356 CC       		.byte	-52
 884 0357 0F       		.byte	15
 885 0358 CE       		.byte	-50
 886 0359 0F       		.byte	15
 887 035a D0       		.byte	-48
 888 035b 0F       		.byte	15
 889 035c D2       		.byte	-46
 890 035d 08       		.byte	8
 891 035e D6       		.byte	-42
 892 035f 04       		.byte	4
 893 0360 53       		.byte	83
 894 0361 08       		.byte	8
 895 0362 D4       		.byte	-44
 896 0363 20       		.byte	32
 897 0364 1B       		.byte	27
 898 0365 08       		.byte	8
 899 0366 6B       		.byte	107
 900 0367 80       		.byte	-128
 901 0368 83       		.byte	-125
 902 0369 80       		.byte	-128
 903 036a A7       		.byte	-89
 904 036b 08       		.byte	8
 905 036c C6       		.byte	-58
 906 036d 10       		.byte	16
 907 036e DC       		.byte	-36
 908 036f 20       		.byte	32
 909 0370 E2       		.byte	-30
 910 0371 80       		.byte	-128
 911 0372 72       		.byte	114
 912 0373 20       		.byte	32
ARM GAS  C:\Users\giris\AppData\Local\Temp\ccHjlRlb.s 			page 17


 913 0374 DC       		.byte	-36
 914 0375 01       		.byte	1
 915 0376 9E       		.byte	-98
 916 0377 20       		.byte	32
 917 0378 9E       		.byte	-98
 918 0379 20       		.byte	32
 919 037a 82       		.byte	-126
 920 037b 20       		.byte	32
 921 037c 9E       		.byte	-98
 922 037d 20       		.byte	32
 923 037e 82       		.byte	-126
 924 037f 02       		.byte	2
 925 0380 8D       		.byte	-115
 926 0381 02       		.byte	2
 927 0382 E4       		.byte	-28
 928 0383 08       		.byte	8
 929 0384 10       		.byte	16
 930 0385 80       		.byte	-128
 931 0386 71       		.byte	113
 932 0387 02       		.byte	2
 933 0388 7E       		.byte	126
 934 0389 02       		.byte	2
 935 038a 88       		.byte	-120
 936 038b 80       		.byte	-128
 937 038c A1       		.byte	-95
 938 038d 02       		.byte	2
 939 038e A2       		.byte	-94
 940 038f 02       		.byte	2
 941 0390 C4       		.byte	-60
 942 0391 08       		.byte	8
 943 0392 DC       		.byte	-36
 944 0393 01       		.byte	1
 945 0394 DE       		.byte	-34
 946 0395 04       		.byte	4
 947 0396 E6       		.byte	-26
 948 0397 01       		.byte	1
 949 0398 00       		.byte	0
 950 0399 03       		.byte	3
 951 039a 0C       		.byte	12
 952 039b 03       		.byte	3
 953 039c 10       		.byte	16
 954 039d 03       		.byte	3
 955 039e 1C       		.byte	28
 956 039f 03       		.byte	3
 957 03a0 80       		.byte	-128
 958 03a1 94       		.byte	-108
 959 03a2 00       		.byte	0
 960 03a3 00       		.byte	0
 961 03a4 40       		.byte	64
 962 03a5 00       		.byte	0
 963 03a6 00       		.byte	0
 964 03a7 00       		.byte	0
 965 03a8 04       		.byte	4
 966 03a9 9A       		.byte	-102
 967 03aa 00       		.byte	0
 968 03ab 00       		.byte	0
 969 03ac 01       		.byte	1
ARM GAS  C:\Users\giris\AppData\Local\Temp\ccHjlRlb.s 			page 18


 970 03ad 98       		.byte	-104
 971 03ae 00       		.byte	0
 972 03af 02       		.byte	2
 973 03b0 56       		.byte	86
 974 03b1 21       		.byte	33
 975 03b2 09       		.byte	9
 976 03b3 D8       		.byte	-40
 977 03b4 84       		.byte	-124
 978 03b5 FC       		.byte	-4
 979 03b6 00       		.byte	0
 980 03b7 03       		.byte	3
 981 03b8 60       		.byte	96
 982 03b9 98       		.byte	-104
 983 03ba 00       		.byte	0
 984 03bb 02       		.byte	2
 985 03bc 0A       		.byte	10
 986 03bd 02       		.byte	2
 987 03be 10       		.byte	16
 988 03bf 98       		.byte	-104
 989 03c0 07       		.byte	7
 990 03c1 13       		.byte	19
 991 03c2 38       		.byte	56
 992 03c3 64       		.byte	100
 993 03c4 84       		.byte	-124
 994 03c5 38       		.byte	56
 995 03c6 00       		.byte	0
 996 03c7 C0       		.byte	-64
 997 03c8 04       		.byte	4
 998 03c9 9A       		.byte	-102
 999 03ca 80       		.byte	-128
 1000 03cb 00       		.byte	0
 1001 03cc 80       		.byte	-128
 1002 03cd 00       		.byte	0
 1003 03ce 04       		.byte	4
 1004 03cf 00       		.byte	0
 1005 03d0 84       		.byte	-124
 1006 03d1 02       		.byte	2
 1007 03d2 00       		.byte	0
 1008 03d3 00       		.byte	0
 1009 03d4 00       		.byte	0
 1010 03d5 00       		.byte	0
 1011 03d6 00       		.byte	0
 1012 03d7 00       		.byte	0
 1013 03d8 08       		.byte	8
 1014 03d9 E0       		.byte	-32
 1015 03da 02       		.byte	2
 1016 03db 13       		.byte	19
 1017 03dc 7F       		.byte	127
 1018 03dd 0F       		.byte	15
 1019 03de 80       		.byte	-128
 1020 03df 00       		.byte	0
 1021 03e0 20       		.byte	32
 1022 03e1 00       		.byte	0
 1023 03e2 00       		.byte	0
 1024 03e3 22       		.byte	34
 1025 03e4 00       		.byte	0
 1026 03e5 00       		.byte	0
ARM GAS  C:\Users\giris\AppData\Local\Temp\ccHjlRlb.s 			page 19


 1027 03e6 45       		.byte	69
 1028 03e7 00       		.byte	0
 1029 03e8 61       		.byte	97
 1030 03e9 03       		.byte	3
 1031 03ea 50       		.byte	80
 1032 03eb 00       		.byte	0
 1033 03ec 00       		.byte	0
 1034 03ed 0E       		.byte	14
 1035 03ee CD       		.byte	-51
 1036 03ef BF       		.byte	-65
 1037 03f0 3D       		.byte	61
 1038 03f1 FF       		.byte	-1
 1039 03f2 FF       		.byte	-1
 1040 03f3 FF       		.byte	-1
 1041 03f4 22       		.byte	34
 1042 03f5 00       		.byte	0
 1043 03f6 F0       		.byte	-16
 1044 03f7 08       		.byte	8
 1045 03f8 04       		.byte	4
 1046 03f9 00       		.byte	0
 1047 03fa 00       		.byte	0
 1048 03fb 00       		.byte	0
 1049 03fc 00       		.byte	0
 1050 03fd 00       		.byte	0
 1051 03fe 02       		.byte	2
 1052 03ff 24       		.byte	36
 1053 0400 04       		.byte	4
 1054 0401 04       		.byte	4
 1055 0402 04       		.byte	4
 1056 0403 04       		.byte	4
 1057 0404 00       		.byte	0
 1058 0405 00       		.byte	0
 1059 0406 00       		.byte	0
 1060 0407 01       		.byte	1
 1061 0408 00       		.byte	0
 1062 0409 00       		.byte	0
 1063 040a C0       		.byte	-64
 1064 040b 00       		.byte	0
 1065 040c 40       		.byte	64
 1066 040d 01       		.byte	1
 1067 040e 10       		.byte	16
 1068 040f 11       		.byte	17
 1069 0410 C0       		.byte	-64
 1070 0411 01       		.byte	1
 1071 0412 00       		.byte	0
 1072 0413 11       		.byte	17
 1073 0414 40       		.byte	64
 1074 0415 01       		.byte	1
 1075 0416 40       		.byte	64
 1076 0417 01       		.byte	1
 1077 0418 00       		.byte	0
 1078 0419 00       		.byte	0
 1079 041a 00       		.byte	0
 1080 041b 00       		.byte	0
 1081 041c 00       		.byte	0
 1082 041d 00       		.byte	0
 1083 041e 00       		.byte	0
ARM GAS  C:\Users\giris\AppData\Local\Temp\ccHjlRlb.s 			page 20


 1084 041f 00       		.byte	0
 1085 0420 00       		.byte	0
 1086 0421 00       		.byte	0
 1087 0422 00       		.byte	0
 1088 0423 00       		.byte	0
 1089 0424 00       		.byte	0
 1090 0425 00       		.byte	0
 1091 0426 00       		.byte	0
 1092 0427 00       		.byte	0
 1093 0428 00       		.byte	0
 1094 0429 00       		.byte	0
 1095 042a 00       		.byte	0
 1096 042b 00       		.byte	0
 1097 042c 18       		.byte	24
 1098 042d 13       		.byte	19
 1099 042e 27       		.byte	39
 1100 042f 0C       		.byte	12
 1101 0430 02       		.byte	2
 1102 0431 00       		.byte	0
 1103 0432 00       		.byte	0
 1104 0433 08       		.byte	8
 1105 0434 00       		.byte	0
 1106 0435 0A       		.byte	10
 1107 0436 27       		.byte	39
 1108 0437 14       		.byte	20
 1109 0438 3F       		.byte	63
 1110 0439 20       		.byte	32
 1111 043a 00       		.byte	0
 1112 043b C0       		.byte	-64
 1113 043c 18       		.byte	24
 1114 043d E0       		.byte	-32
 1115 043e 00       		.byte	0
 1116 043f 00       		.byte	0
 1117 0440 08       		.byte	8
 1118 0441 E0       		.byte	-32
 1119 0442 00       		.byte	0
 1120 0443 00       		.byte	0
 1121 0444 10       		.byte	16
 1122 0445 00       		.byte	0
 1123 0446 00       		.byte	0
 1124 0447 15       		.byte	21
 1125 0448 1C       		.byte	28
 1126 0449 13       		.byte	19
 1127 044a 23       		.byte	35
 1128 044b 04       		.byte	4
 1129 044c 27       		.byte	39
 1130 044d 03       		.byte	3
 1131 044e 18       		.byte	24
 1132 044f 14       		.byte	20
 1133 0450 03       		.byte	3
 1134 0451 80       		.byte	-128
 1135 0452 00       		.byte	0
 1136 0453 20       		.byte	32
 1137 0454 01       		.byte	1
 1138 0455 40       		.byte	64
 1139 0456 00       		.byte	0
 1140 0457 20       		.byte	32
ARM GAS  C:\Users\giris\AppData\Local\Temp\ccHjlRlb.s 			page 21


 1141 0458 03       		.byte	3
 1142 0459 E0       		.byte	-32
 1143 045a 00       		.byte	0
 1144 045b 0F       		.byte	15
 1145 045c 38       		.byte	56
 1146 045d 00       		.byte	0
 1147 045e 1C       		.byte	28
 1148 045f 10       		.byte	16
 1149 0460 00       		.byte	0
 1150 0461 00       		.byte	0
 1151 0462 20       		.byte	32
 1152 0463 08       		.byte	8
 1153 0464 00       		.byte	0
 1154 0465 00       		.byte	0
 1155 0466 00       		.byte	0
 1156 0467 40       		.byte	64
 1157 0468 61       		.byte	97
 1158 0469 04       		.byte	4
 1159 046a 00       		.byte	0
 1160 046b 00       		.byte	0
 1161 046c 00       		.byte	0
 1162 046d 0C       		.byte	12
 1163 046e 0B       		.byte	11
 1164 046f 0E       		.byte	14
 1165 0470 15       		.byte	21
 1166 0471 FF       		.byte	-1
 1167 0472 FF       		.byte	-1
 1168 0473 FF       		.byte	-1
 1169 0474 00       		.byte	0
 1170 0475 00       		.byte	0
 1171 0476 F0       		.byte	-16
 1172 0477 44       		.byte	68
 1173 0478 0C       		.byte	12
 1174 0479 00       		.byte	0
 1175 047a 00       		.byte	0
 1176 047b 00       		.byte	0
 1177 047c 01       		.byte	1
 1178 047d 00       		.byte	0
 1179 047e 00       		.byte	0
 1180 047f 00       		.byte	0
 1181 0480 04       		.byte	4
 1182 0481 04       		.byte	4
 1183 0482 04       		.byte	4
 1184 0483 04       		.byte	4
 1185 0484 11       		.byte	17
 1186 0485 11       		.byte	17
 1187 0486 00       		.byte	0
 1188 0487 01       		.byte	1
 1189 0488 00       		.byte	0
 1190 0489 00       		.byte	0
 1191 048a 00       		.byte	0
 1192 048b 00       		.byte	0
 1193 048c 00       		.byte	0
 1194 048d 00       		.byte	0
 1195 048e C0       		.byte	-64
 1196 048f 00       		.byte	0
 1197 0490 00       		.byte	0
ARM GAS  C:\Users\giris\AppData\Local\Temp\ccHjlRlb.s 			page 22


 1198 0491 00       		.byte	0
 1199 0492 40       		.byte	64
 1200 0493 02       		.byte	2
 1201 0494 00       		.byte	0
 1202 0495 00       		.byte	0
 1203 0496 00       		.byte	0
 1204 0497 00       		.byte	0
 1205 0498 00       		.byte	0
 1206 0499 00       		.byte	0
 1207 049a 00       		.byte	0
 1208 049b 00       		.byte	0
 1209 049c 00       		.byte	0
 1210 049d 00       		.byte	0
 1211 049e 00       		.byte	0
 1212 049f 00       		.byte	0
 1213 04a0 00       		.byte	0
 1214 04a1 00       		.byte	0
 1215 04a2 00       		.byte	0
 1216 04a3 00       		.byte	0
 1217 04a4 00       		.byte	0
 1218 04a5 00       		.byte	0
 1219 04a6 00       		.byte	0
 1220 04a7 00       		.byte	0
 1221 04a8 00       		.byte	0
 1222 04a9 C0       		.byte	-64
 1223 04aa 00       		.byte	0
 1224 04ab 00       		.byte	0
 1225 04ac 10       		.byte	16
 1226 04ad 18       		.byte	24
 1227 04ae 00       		.byte	0
 1228 04af 00       		.byte	0
 1229 04b0 00       		.byte	0
 1230 04b1 08       		.byte	8
 1231 04b2 00       		.byte	0
 1232 04b3 00       		.byte	0
 1233 04b4 00       		.byte	0
 1234 04b5 3C       		.byte	60
 1235 04b6 00       		.byte	0
 1236 04b7 C2       		.byte	-62
 1237 04b8 10       		.byte	16
 1238 04b9 44       		.byte	68
 1239 04ba 00       		.byte	0
 1240 04bb 00       		.byte	0
 1241 04bc 00       		.byte	0
 1242 04bd FC       		.byte	-4
 1243 04be 10       		.byte	16
 1244 04bf 01       		.byte	1
 1245 04c0 02       		.byte	2
 1246 04c1 E7       		.byte	-25
 1247 04c2 09       		.byte	9
 1248 04c3 18       		.byte	24
 1249 04c4 00       		.byte	0
 1250 04c5 10       		.byte	16
 1251 04c6 04       		.byte	4
 1252 04c7 00       		.byte	0
 1253 04c8 00       		.byte	0
 1254 04c9 FF       		.byte	-1
ARM GAS  C:\Users\giris\AppData\Local\Temp\ccHjlRlb.s 			page 23


 1255 04ca 10       		.byte	16
 1256 04cb 00       		.byte	0
 1257 04cc 03       		.byte	3
 1258 04cd 00       		.byte	0
 1259 04ce 00       		.byte	0
 1260 04cf 04       		.byte	4
 1261 04d0 03       		.byte	3
 1262 04d1 80       		.byte	-128
 1263 04d2 00       		.byte	0
 1264 04d3 00       		.byte	0
 1265 04d4 01       		.byte	1
 1266 04d5 00       		.byte	0
 1267 04d6 0A       		.byte	10
 1268 04d7 C3       		.byte	-61
 1269 04d8 00       		.byte	0
 1270 04d9 00       		.byte	0
 1271 04da 10       		.byte	16
 1272 04db 20       		.byte	32
 1273 04dc 03       		.byte	3
 1274 04dd D8       		.byte	-40
 1275 04de 0C       		.byte	12
 1276 04df 1F       		.byte	31
 1277 04e0 08       		.byte	8
 1278 04e1 00       		.byte	0
 1279 04e2 02       		.byte	2
 1280 04e3 A0       		.byte	-96
 1281 04e4 00       		.byte	0
 1282 04e5 00       		.byte	0
 1283 04e6 40       		.byte	64
 1284 04e7 04       		.byte	4
 1285 04e8 24       		.byte	36
 1286 04e9 05       		.byte	5
 1287 04ea 03       		.byte	3
 1288 04eb 00       		.byte	0
 1289 04ec 01       		.byte	1
 1290 04ed 00       		.byte	0
 1291 04ee 00       		.byte	0
 1292 04ef CE       		.byte	-50
 1293 04f0 30       		.byte	48
 1294 04f1 FF       		.byte	-1
 1295 04f2 FF       		.byte	-1
 1296 04f3 FF       		.byte	-1
 1297 04f4 62       		.byte	98
 1298 04f5 A0       		.byte	-96
 1299 04f6 F0       		.byte	-16
 1300 04f7 41       		.byte	65
 1301 04f8 0C       		.byte	12
 1302 04f9 00       		.byte	0
 1303 04fa 00       		.byte	0
 1304 04fb 00       		.byte	0
 1305 04fc 00       		.byte	0
 1306 04fd 00       		.byte	0
 1307 04fe 02       		.byte	2
 1308 04ff 11       		.byte	17
 1309 0500 04       		.byte	4
 1310 0501 04       		.byte	4
 1311 0502 04       		.byte	4
ARM GAS  C:\Users\giris\AppData\Local\Temp\ccHjlRlb.s 			page 24


 1312 0503 04       		.byte	4
 1313 0504 11       		.byte	17
 1314 0505 11       		.byte	17
 1315 0506 00       		.byte	0
 1316 0507 01       		.byte	1
 1317 0508 00       		.byte	0
 1318 0509 00       		.byte	0
 1319 050a 00       		.byte	0
 1320 050b 00       		.byte	0
 1321 050c 00       		.byte	0
 1322 050d 00       		.byte	0
 1323 050e 40       		.byte	64
 1324 050f 02       		.byte	2
 1325 0510 00       		.byte	0
 1326 0511 10       		.byte	16
 1327 0512 30       		.byte	48
 1328 0513 10       		.byte	16
 1329 0514 00       		.byte	0
 1330 0515 10       		.byte	16
 1331 0516 10       		.byte	16
 1332 0517 12       		.byte	18
 1333 0518 00       		.byte	0
 1334 0519 00       		.byte	0
 1335 051a 00       		.byte	0
 1336 051b 00       		.byte	0
 1337 051c 00       		.byte	0
 1338 051d 00       		.byte	0
 1339 051e 00       		.byte	0
 1340 051f 00       		.byte	0
 1341 0520 00       		.byte	0
 1342 0521 00       		.byte	0
 1343 0522 00       		.byte	0
 1344 0523 00       		.byte	0
 1345 0524 00       		.byte	0
 1346 0525 00       		.byte	0
 1347 0526 00       		.byte	0
 1348 0527 00       		.byte	0
 1349 0528 18       		.byte	24
 1350 0529 00       		.byte	0
 1351 052a 00       		.byte	0
 1352 052b 00       		.byte	0
 1353 052c 00       		.byte	0
 1354 052d 00       		.byte	0
 1355 052e 00       		.byte	0
 1356 052f 00       		.byte	0
 1357 0530 80       		.byte	-128
 1358 0531 00       		.byte	0
 1359 0532 40       		.byte	64
 1360 0533 BC       		.byte	-68
 1361 0534 BC       		.byte	-68
 1362 0535 00       		.byte	0
 1363 0536 B4       		.byte	-76
 1364 0537 00       		.byte	0
 1365 0538 00       		.byte	0
 1366 0539 00       		.byte	0
 1367 053a 00       		.byte	0
 1368 053b 00       		.byte	0
ARM GAS  C:\Users\giris\AppData\Local\Temp\ccHjlRlb.s 			page 25


 1369 053c 00       		.byte	0
 1370 053d 0B       		.byte	11
 1371 053e 0B       		.byte	11
 1372 053f 00       		.byte	0
 1373 0540 00       		.byte	0
 1374 0541 00       		.byte	0
 1375 0542 00       		.byte	0
 1376 0543 00       		.byte	0
 1377 0544 00       		.byte	0
 1378 0545 18       		.byte	24
 1379 0546 18       		.byte	24
 1380 0547 00       		.byte	0
 1381 0548 08       		.byte	8
 1382 0549 00       		.byte	0
 1383 054a 00       		.byte	0
 1384 054b 00       		.byte	0
 1385              		.section	.cywolatch,"a",%progbits
 1386              		.align	2
 1387              		.type	cy_meta_wonvl, %object
 1388              		.size	cy_meta_wonvl, 4
 1389              	cy_meta_wonvl:
 1390 0000 BC       		.byte	-68
 1391 0001 90       		.byte	-112
 1392 0002 AC       		.byte	-84
 1393 0003 AF       		.byte	-81
 1394              		.section	.cycustnvl,"a",%progbits
 1395              		.align	2
 1396              		.type	cy_meta_custnvl, %object
 1397              		.size	cy_meta_custnvl, 4
 1398              	cy_meta_custnvl:
 1399 0000 00       		.byte	0
 1400 0001 00       		.byte	0
 1401 0002 40       		.byte	64
 1402 0003 05       		.byte	5
 1403              		.section	.cymeta,"a",%progbits
 1404              		.align	2
 1405              		.type	cy_metadata, %object
 1406              		.size	cy_metadata, 12
 1407              	cy_metadata:
 1408 0000 00       		.byte	0
 1409 0001 01       		.byte	1
 1410 0002 2E       		.byte	46
 1411 0003 16       		.byte	22
 1412 0004 10       		.byte	16
 1413 0005 69       		.byte	105
 1414 0006 00       		.byte	0
 1415 0007 01       		.byte	1
 1416 0008 00       		.byte	0
 1417 0009 00       		.byte	0
 1418 000a 00       		.byte	0
 1419 000b 00       		.byte	0
 1420              		.section	.cyflashprotect,"a",%progbits
 1421              		.align	2
 1422              		.type	cy_meta_flashprotect, %object
 1423              		.size	cy_meta_flashprotect, 256
 1424              	cy_meta_flashprotect:
 1425 0000 00000000 		.space	256
ARM GAS  C:\Users\giris\AppData\Local\Temp\ccHjlRlb.s 			page 26


 1425      00000000 
 1425      00000000 
 1425      00000000 
 1425      00000000 
 1426              		.text
 1427              	.Letext0:
 1428              		.file 1 "c:\\program files (x86)\\cypress\\psoc creator\\4.4\\psoc creator\\import\\gnu\\arm\\5.4.
 1429              		.file 2 "c:\\program files (x86)\\cypress\\psoc creator\\4.4\\psoc creator\\import\\gnu\\arm\\5.4.
 1430              		.file 3 "Generated_Source\\PSoC5\\cymetadata.c"
 1431              		.section	.debug_info,"",%progbits
 1432              	.Ldebug_info0:
 1433 0000 32010000 		.4byte	0x132
 1434 0004 0400     		.2byte	0x4
 1435 0006 00000000 		.4byte	.Ldebug_abbrev0
 1436 000a 04       		.byte	0x4
 1437 000b 01       		.uleb128 0x1
 1438 000c 24000000 		.4byte	.LASF17
 1439 0010 0C       		.byte	0xc
 1440 0011 C3010000 		.4byte	.LASF18
 1441 0015 D7000000 		.4byte	.LASF19
 1442 0019 00000000 		.4byte	.Ldebug_line0
 1443 001d 02       		.uleb128 0x2
 1444 001e 01       		.byte	0x1
 1445 001f 06       		.byte	0x6
 1446 0020 B7010000 		.4byte	.LASF0
 1447 0024 03       		.uleb128 0x3
 1448 0025 00000000 		.4byte	.LASF9
 1449 0029 01       		.byte	0x1
 1450 002a 1D       		.byte	0x1d
 1451 002b 2F000000 		.4byte	0x2f
 1452 002f 02       		.uleb128 0x2
 1453 0030 01       		.byte	0x1
 1454 0031 08       		.byte	0x8
 1455 0032 16000000 		.4byte	.LASF1
 1456 0036 02       		.uleb128 0x2
 1457 0037 02       		.byte	0x2
 1458 0038 05       		.byte	0x5
 1459 0039 A4010000 		.4byte	.LASF2
 1460 003d 02       		.uleb128 0x2
 1461 003e 02       		.byte	0x2
 1462 003f 07       		.byte	0x7
 1463 0040 C4000000 		.4byte	.LASF3
 1464 0044 02       		.uleb128 0x2
 1465 0045 04       		.byte	0x4
 1466 0046 05       		.byte	0x5
 1467 0047 AE010000 		.4byte	.LASF4
 1468 004b 02       		.uleb128 0x2
 1469 004c 04       		.byte	0x4
 1470 004d 07       		.byte	0x7
 1471 004e B2000000 		.4byte	.LASF5
 1472 0052 02       		.uleb128 0x2
 1473 0053 08       		.byte	0x8
 1474 0054 05       		.byte	0x5
 1475 0055 96010000 		.4byte	.LASF6
 1476 0059 02       		.uleb128 0x2
 1477 005a 08       		.byte	0x8
 1478 005b 07       		.byte	0x7
ARM GAS  C:\Users\giris\AppData\Local\Temp\ccHjlRlb.s 			page 27


 1479 005c 4B010000 		.4byte	.LASF7
 1480 0060 04       		.uleb128 0x4
 1481 0061 04       		.byte	0x4
 1482 0062 05       		.byte	0x5
 1483 0063 696E7400 		.ascii	"int\000"
 1484 0067 02       		.uleb128 0x2
 1485 0068 04       		.byte	0x4
 1486 0069 07       		.byte	0x7
 1487 006a 3E010000 		.4byte	.LASF8
 1488 006e 03       		.uleb128 0x3
 1489 006f 62010000 		.4byte	.LASF10
 1490 0073 02       		.byte	0x2
 1491 0074 18       		.byte	0x18
 1492 0075 24000000 		.4byte	0x24
 1493 0079 05       		.uleb128 0x5
 1494 007a 91000000 		.4byte	0x91
 1495 007e 8A000000 		.4byte	0x8a
 1496 0082 06       		.uleb128 0x6
 1497 0083 8A000000 		.4byte	0x8a
 1498 0087 4B05     		.2byte	0x54b
 1499 0089 00       		.byte	0
 1500 008a 02       		.uleb128 0x2
 1501 008b 04       		.byte	0x4
 1502 008c 07       		.byte	0x7
 1503 008d 8D010000 		.4byte	.LASF11
 1504 0091 07       		.uleb128 0x7
 1505 0092 6E000000 		.4byte	0x6e
 1506 0096 08       		.uleb128 0x8
 1507 0097 2C010000 		.4byte	.LASF12
 1508 009b 03       		.byte	0x3
 1509 009c 1F       		.byte	0x1f
 1510 009d A7000000 		.4byte	0xa7
 1511 00a1 05       		.uleb128 0x5
 1512 00a2 03       		.byte	0x3
 1513 00a3 00000000 		.4byte	cy_meta_configecc
 1514 00a7 07       		.uleb128 0x7
 1515 00a8 79000000 		.4byte	0x79
 1516 00ac 05       		.uleb128 0x5
 1517 00ad 91000000 		.4byte	0x91
 1518 00b1 BC000000 		.4byte	0xbc
 1519 00b5 09       		.uleb128 0x9
 1520 00b6 8A000000 		.4byte	0x8a
 1521 00ba 03       		.byte	0x3
 1522 00bb 00       		.byte	0
 1523 00bc 08       		.uleb128 0x8
 1524 00bd 1C010000 		.4byte	.LASF13
 1525 00c1 03       		.byte	0x3
 1526 00c2 D6       		.byte	0xd6
 1527 00c3 CD000000 		.4byte	0xcd
 1528 00c7 05       		.uleb128 0x5
 1529 00c8 03       		.byte	0x3
 1530 00c9 00000000 		.4byte	cy_meta_custnvl
 1531 00cd 07       		.uleb128 0x7
 1532 00ce AC000000 		.4byte	0xac
 1533 00d2 08       		.uleb128 0x8
 1534 00d3 7F010000 		.4byte	.LASF14
 1535 00d7 03       		.byte	0x3
ARM GAS  C:\Users\giris\AppData\Local\Temp\ccHjlRlb.s 			page 28


 1536 00d8 E4       		.byte	0xe4
 1537 00d9 E3000000 		.4byte	0xe3
 1538 00dd 05       		.uleb128 0x5
 1539 00de 03       		.byte	0x3
 1540 00df 00000000 		.4byte	cy_meta_wonvl
 1541 00e3 07       		.uleb128 0x7
 1542 00e4 AC000000 		.4byte	0xac
 1543 00e8 05       		.uleb128 0x5
 1544 00e9 91000000 		.4byte	0x91
 1545 00ed F8000000 		.4byte	0xf8
 1546 00f1 09       		.uleb128 0x9
 1547 00f2 8A000000 		.4byte	0x8a
 1548 00f6 FF       		.byte	0xff
 1549 00f7 00       		.byte	0
 1550 00f8 08       		.uleb128 0x8
 1551 00f9 6A010000 		.4byte	.LASF15
 1552 00fd 03       		.byte	0x3
 1553 00fe F2       		.byte	0xf2
 1554 00ff 09010000 		.4byte	0x109
 1555 0103 05       		.uleb128 0x5
 1556 0104 03       		.byte	0x3
 1557 0105 00000000 		.4byte	cy_meta_flashprotect
 1558 0109 07       		.uleb128 0x7
 1559 010a E8000000 		.4byte	0xe8
 1560 010e 05       		.uleb128 0x5
 1561 010f 91000000 		.4byte	0x91
 1562 0113 1E010000 		.4byte	0x11e
 1563 0117 09       		.uleb128 0x9
 1564 0118 8A000000 		.4byte	0x8a
 1565 011c 0B       		.byte	0xb
 1566 011d 00       		.byte	0
 1567 011e 0A       		.uleb128 0xa
 1568 011f 0A000000 		.4byte	.LASF16
 1569 0123 03       		.byte	0x3
 1570 0124 1F01     		.2byte	0x11f
 1571 0126 30010000 		.4byte	0x130
 1572 012a 05       		.uleb128 0x5
 1573 012b 03       		.byte	0x3
 1574 012c 00000000 		.4byte	cy_metadata
 1575 0130 07       		.uleb128 0x7
 1576 0131 0E010000 		.4byte	0x10e
 1577 0135 00       		.byte	0
 1578              		.section	.debug_abbrev,"",%progbits
 1579              	.Ldebug_abbrev0:
 1580 0000 01       		.uleb128 0x1
 1581 0001 11       		.uleb128 0x11
 1582 0002 01       		.byte	0x1
 1583 0003 25       		.uleb128 0x25
 1584 0004 0E       		.uleb128 0xe
 1585 0005 13       		.uleb128 0x13
 1586 0006 0B       		.uleb128 0xb
 1587 0007 03       		.uleb128 0x3
 1588 0008 0E       		.uleb128 0xe
 1589 0009 1B       		.uleb128 0x1b
 1590 000a 0E       		.uleb128 0xe
 1591 000b 10       		.uleb128 0x10
 1592 000c 17       		.uleb128 0x17
ARM GAS  C:\Users\giris\AppData\Local\Temp\ccHjlRlb.s 			page 29


 1593 000d 00       		.byte	0
 1594 000e 00       		.byte	0
 1595 000f 02       		.uleb128 0x2
 1596 0010 24       		.uleb128 0x24
 1597 0011 00       		.byte	0
 1598 0012 0B       		.uleb128 0xb
 1599 0013 0B       		.uleb128 0xb
 1600 0014 3E       		.uleb128 0x3e
 1601 0015 0B       		.uleb128 0xb
 1602 0016 03       		.uleb128 0x3
 1603 0017 0E       		.uleb128 0xe
 1604 0018 00       		.byte	0
 1605 0019 00       		.byte	0
 1606 001a 03       		.uleb128 0x3
 1607 001b 16       		.uleb128 0x16
 1608 001c 00       		.byte	0
 1609 001d 03       		.uleb128 0x3
 1610 001e 0E       		.uleb128 0xe
 1611 001f 3A       		.uleb128 0x3a
 1612 0020 0B       		.uleb128 0xb
 1613 0021 3B       		.uleb128 0x3b
 1614 0022 0B       		.uleb128 0xb
 1615 0023 49       		.uleb128 0x49
 1616 0024 13       		.uleb128 0x13
 1617 0025 00       		.byte	0
 1618 0026 00       		.byte	0
 1619 0027 04       		.uleb128 0x4
 1620 0028 24       		.uleb128 0x24
 1621 0029 00       		.byte	0
 1622 002a 0B       		.uleb128 0xb
 1623 002b 0B       		.uleb128 0xb
 1624 002c 3E       		.uleb128 0x3e
 1625 002d 0B       		.uleb128 0xb
 1626 002e 03       		.uleb128 0x3
 1627 002f 08       		.uleb128 0x8
 1628 0030 00       		.byte	0
 1629 0031 00       		.byte	0
 1630 0032 05       		.uleb128 0x5
 1631 0033 01       		.uleb128 0x1
 1632 0034 01       		.byte	0x1
 1633 0035 49       		.uleb128 0x49
 1634 0036 13       		.uleb128 0x13
 1635 0037 01       		.uleb128 0x1
 1636 0038 13       		.uleb128 0x13
 1637 0039 00       		.byte	0
 1638 003a 00       		.byte	0
 1639 003b 06       		.uleb128 0x6
 1640 003c 21       		.uleb128 0x21
 1641 003d 00       		.byte	0
 1642 003e 49       		.uleb128 0x49
 1643 003f 13       		.uleb128 0x13
 1644 0040 2F       		.uleb128 0x2f
 1645 0041 05       		.uleb128 0x5
 1646 0042 00       		.byte	0
 1647 0043 00       		.byte	0
 1648 0044 07       		.uleb128 0x7
 1649 0045 26       		.uleb128 0x26
ARM GAS  C:\Users\giris\AppData\Local\Temp\ccHjlRlb.s 			page 30


 1650 0046 00       		.byte	0
 1651 0047 49       		.uleb128 0x49
 1652 0048 13       		.uleb128 0x13
 1653 0049 00       		.byte	0
 1654 004a 00       		.byte	0
 1655 004b 08       		.uleb128 0x8
 1656 004c 34       		.uleb128 0x34
 1657 004d 00       		.byte	0
 1658 004e 03       		.uleb128 0x3
 1659 004f 0E       		.uleb128 0xe
 1660 0050 3A       		.uleb128 0x3a
 1661 0051 0B       		.uleb128 0xb
 1662 0052 3B       		.uleb128 0x3b
 1663 0053 0B       		.uleb128 0xb
 1664 0054 49       		.uleb128 0x49
 1665 0055 13       		.uleb128 0x13
 1666 0056 3F       		.uleb128 0x3f
 1667 0057 19       		.uleb128 0x19
 1668 0058 02       		.uleb128 0x2
 1669 0059 18       		.uleb128 0x18
 1670 005a 00       		.byte	0
 1671 005b 00       		.byte	0
 1672 005c 09       		.uleb128 0x9
 1673 005d 21       		.uleb128 0x21
 1674 005e 00       		.byte	0
 1675 005f 49       		.uleb128 0x49
 1676 0060 13       		.uleb128 0x13
 1677 0061 2F       		.uleb128 0x2f
 1678 0062 0B       		.uleb128 0xb
 1679 0063 00       		.byte	0
 1680 0064 00       		.byte	0
 1681 0065 0A       		.uleb128 0xa
 1682 0066 34       		.uleb128 0x34
 1683 0067 00       		.byte	0
 1684 0068 03       		.uleb128 0x3
 1685 0069 0E       		.uleb128 0xe
 1686 006a 3A       		.uleb128 0x3a
 1687 006b 0B       		.uleb128 0xb
 1688 006c 3B       		.uleb128 0x3b
 1689 006d 05       		.uleb128 0x5
 1690 006e 49       		.uleb128 0x49
 1691 006f 13       		.uleb128 0x13
 1692 0070 3F       		.uleb128 0x3f
 1693 0071 19       		.uleb128 0x19
 1694 0072 02       		.uleb128 0x2
 1695 0073 18       		.uleb128 0x18
 1696 0074 00       		.byte	0
 1697 0075 00       		.byte	0
 1698 0076 00       		.byte	0
 1699              		.section	.debug_aranges,"",%progbits
 1700 0000 14000000 		.4byte	0x14
 1701 0004 0200     		.2byte	0x2
 1702 0006 00000000 		.4byte	.Ldebug_info0
 1703 000a 04       		.byte	0x4
 1704 000b 00       		.byte	0
 1705 000c 0000     		.2byte	0
 1706 000e 0000     		.2byte	0
ARM GAS  C:\Users\giris\AppData\Local\Temp\ccHjlRlb.s 			page 31


 1707 0010 00000000 		.4byte	0
 1708 0014 00000000 		.4byte	0
 1709              		.section	.debug_line,"",%progbits
 1710              	.Ldebug_line0:
 1711 0000 3D010000 		.section	.debug_str,"MS",%progbits,1
 1711      02003701 
 1711      00000201 
 1711      FB0E0D00 
 1711      01010101 
 1712              	.LASF9:
 1713 0000 5F5F7569 		.ascii	"__uint8_t\000"
 1713      6E74385F 
 1713      7400
 1714              	.LASF16:
 1715 000a 63795F6D 		.ascii	"cy_metadata\000"
 1715      65746164 
 1715      61746100 
 1716              	.LASF1:
 1717 0016 756E7369 		.ascii	"unsigned char\000"
 1717      676E6564 
 1717      20636861 
 1717      7200
 1718              	.LASF17:
 1719 0024 474E5520 		.ascii	"GNU C11 5.4.1 20160609 (release) [ARM/embedded-5-br"
 1719      43313120 
 1719      352E342E 
 1719      31203230 
 1719      31363036 
 1720 0057 616E6368 		.ascii	"anch revision 237715] -mcpu=cortex-m3 -mthumb -g -O"
 1720      20726576 
 1720      6973696F 
 1720      6E203233 
 1720      37373135 
 1721 008a 67202D66 		.ascii	"g -ffunction-sections -ffat-lto-objects\000"
 1721      66756E63 
 1721      74696F6E 
 1721      2D736563 
 1721      74696F6E 
 1722              	.LASF5:
 1723 00b2 6C6F6E67 		.ascii	"long unsigned int\000"
 1723      20756E73 
 1723      69676E65 
 1723      6420696E 
 1723      7400
 1724              	.LASF3:
 1725 00c4 73686F72 		.ascii	"short unsigned int\000"
 1725      7420756E 
 1725      7369676E 
 1725      65642069 
 1725      6E7400
 1726              	.LASF19:
 1727 00d7 433A5C55 		.ascii	"C:\\Users\\giris\\OneDrive\\Documents\\PSoC Creator"
 1727      73657273 
 1727      5C676972 
 1727      69735C4F 
 1727      6E654472 
 1728 0105 5C454141 		.ascii	"\\EAA\\Assignment2.cydsn\000"
ARM GAS  C:\Users\giris\AppData\Local\Temp\ccHjlRlb.s 			page 32


 1728      5C417373 
 1728      69676E6D 
 1728      656E7432 
 1728      2E637964 
 1729              	.LASF13:
 1730 011c 63795F6D 		.ascii	"cy_meta_custnvl\000"
 1730      6574615F 
 1730      63757374 
 1730      6E766C00 
 1731              	.LASF12:
 1732 012c 63795F6D 		.ascii	"cy_meta_configecc\000"
 1732      6574615F 
 1732      636F6E66 
 1732      69676563 
 1732      6300
 1733              	.LASF8:
 1734 013e 756E7369 		.ascii	"unsigned int\000"
 1734      676E6564 
 1734      20696E74 
 1734      00
 1735              	.LASF7:
 1736 014b 6C6F6E67 		.ascii	"long long unsigned int\000"
 1736      206C6F6E 
 1736      6720756E 
 1736      7369676E 
 1736      65642069 
 1737              	.LASF10:
 1738 0162 75696E74 		.ascii	"uint8_t\000"
 1738      385F7400 
 1739              	.LASF15:
 1740 016a 63795F6D 		.ascii	"cy_meta_flashprotect\000"
 1740      6574615F 
 1740      666C6173 
 1740      6870726F 
 1740      74656374 
 1741              	.LASF14:
 1742 017f 63795F6D 		.ascii	"cy_meta_wonvl\000"
 1742      6574615F 
 1742      776F6E76 
 1742      6C00
 1743              	.LASF11:
 1744 018d 73697A65 		.ascii	"sizetype\000"
 1744      74797065 
 1744      00
 1745              	.LASF6:
 1746 0196 6C6F6E67 		.ascii	"long long int\000"
 1746      206C6F6E 
 1746      6720696E 
 1746      7400
 1747              	.LASF2:
 1748 01a4 73686F72 		.ascii	"short int\000"
 1748      7420696E 
 1748      7400
 1749              	.LASF4:
 1750 01ae 6C6F6E67 		.ascii	"long int\000"
 1750      20696E74 
 1750      00
ARM GAS  C:\Users\giris\AppData\Local\Temp\ccHjlRlb.s 			page 33


 1751              	.LASF0:
 1752 01b7 7369676E 		.ascii	"signed char\000"
 1752      65642063 
 1752      68617200 
 1753              	.LASF18:
 1754 01c3 47656E65 		.ascii	"Generated_Source\\PSoC5\\cymetadata.c\000"
 1754      72617465 
 1754      645F536F 
 1754      75726365 
 1754      5C50536F 
 1755              		.ident	"GCC: (GNU Tools for ARM Embedded Processors) 5.4.1 20160609 (release) [ARM/embedded-5-bran
