ARM GAS  C:\Users\giris\AppData\Local\Temp\ccv7JrCB.s 			page 1


   1              		.syntax unified
   2              		.cpu cortex-m3
   3              		.fpu softvfp
   4              		.eabi_attribute 20, 1
   5              		.eabi_attribute 21, 1
   6              		.eabi_attribute 23, 3
   7              		.eabi_attribute 24, 1
   8              		.eabi_attribute 25, 1
   9              		.eabi_attribute 26, 1
  10              		.eabi_attribute 30, 1
  11              		.eabi_attribute 34, 1
  12              		.eabi_attribute 18, 4
  13              		.thumb
  14              		.syntax unified
  15              		.file	"ErikaOS_eecfg.c"
  16              		.text
  17              	.Ltext0:
  18              		.cfi_sections	.debug_frame
  19              		.global	EE_oo_autostart_task_data
  20              		.comm	EE_ApplicationMode,4,4
  21              		.global	EE_oo_action_ROM
  22              		.comm	EE_oo_counter_object_RAM,16,4
  23              		.global	EE_oo_counter_object_ROM
  24              		.global	EE_ALARM_ID
  25              		.global	EE_ALARM_NAME
  26              		.global	EE_alarm_ROM
  27              		.global	EE_counter_RAM
  28              		.global	EE_counter_ROM
  29              		.global	EE_th_is_extended
  30              		.global	EE_th_waswaiting
  31              		.global	EE_th_event_waitmask
  32              		.global	EE_th_event_active
  33              		.global	EE_th_terminate_nextask
  34              		.global	EE_rq_free
  35              		.comm	EE_rq_pairs_tid,20,4
  36              		.global	EE_rq_pairs_next
  37              		.global	EE_rq_link
  38              		.global	EE_th_rnact_max
  39              		.global	EE_th_rnact
  40              		.global	EE_rq_bitmask
  41              		.global	EE_rq_queues_tail
  42              		.global	EE_rq_queues_head
  43              		.global	EE_sys_ceiling
  44              		.global	EE_stkfirst
  45              		.global	EE_th_next
  46              		.global	EE_th_status
  47              		.global	EE_th_dispatch_prio
  48              		.global	EE_EVENT_ID
  49              		.global	EE_EVENT_NAME
  50              		.global	EE_TASK_NAME
  51              		.global	EE_th_ready_prio
  52              		.global	EE_terminate_real_th_body
  53              		.comm	EE_terminate_data,20,4
  54              		.global	EE_hal_thread_body
  55              		.global	EE_cortex_mx_IRQ_tos
  56              		.global	EE_cortex_mx_active_tos
  57              		.global	EE_cortex_mx_system_tos
ARM GAS  C:\Users\giris\AppData\Local\Temp\ccv7JrCB.s 			page 2


  58              		.global	EE_std_thread_tos
  59              		.comm	EE_cortex_mx_stack_9,512,4
  60              		.comm	EE_cortex_mx_stack_4,8192,4
  61              		.section	.rodata
  62              		.align	2
  63              		.type	EE_oo_autostart_task_data, %object
  64              		.size	EE_oo_autostart_task_data, 8
  65              	EE_oo_autostart_task_data:
  66 0000 01000000 		.word	1
  67 0004 08000000 		.word	EE_oo_autostart_task_mode_OSDEFAULTAPPMODE
  68              		.type	EE_oo_autostart_task_mode_OSDEFAULTAPPMODE, %object
  69              		.size	EE_oo_autostart_task_mode_OSDEFAULTAPPMODE, 4
  70              	EE_oo_autostart_task_mode_OSDEFAULTAPPMODE:
  71 0008 00000000 		.space	4
  72              		.type	EE_oo_action_ROM, %object
  73              		.size	EE_oo_action_ROM, 20
  74              	EE_oo_action_ROM:
  75 000c 03       		.byte	3
  76 000d 000000   		.space	3
  77 0010 00000000 		.word	0
  78 0014 00000000 		.word	0
  79 0018 00000000 		.word	callback_function
  80 001c FFFFFFFF 		.word	-1
  81              		.type	EE_oo_counter_object_ROM, %object
  82              		.size	EE_oo_counter_object_ROM, 12
  83              	EE_oo_counter_object_ROM:
  84 0020 00000000 		.space	12
  84      00000000 
  84      00000000 
  85              		.type	EE_ALARM_ID, %object
  86              		.size	EE_ALARM_ID, 4
  87              	EE_ALARM_ID:
  88 002c 00000000 		.space	4
  89              		.type	EE_alarm_ROM, %object
  90              		.size	EE_alarm_ROM, 4
  91              	EE_alarm_ROM:
  92 0030 00000000 		.space	4
  93              		.type	EE_counter_ROM, %object
  94              		.size	EE_counter_ROM, 12
  95              	EE_counter_ROM:
  96 0034 70110100 		.word	70000
  97 0038 01000000 		.word	1
  98 003c 01000000 		.word	1
  99              		.type	EE_th_is_extended, %object
 100              		.size	EE_th_is_extended, 20
 101              	EE_th_is_extended:
 102 0040 00000000 		.word	0
 103 0044 00000000 		.word	0
 104 0048 00000000 		.word	0
 105 004c 01000000 		.word	1
 106 0050 00000000 		.word	0
 107              		.type	EE_th_rnact_max, %object
 108              		.size	EE_th_rnact_max, 20
 109              	EE_th_rnact_max:
 110 0054 01000000 		.word	1
 111 0058 01000000 		.word	1
 112 005c 01000000 		.word	1
ARM GAS  C:\Users\giris\AppData\Local\Temp\ccv7JrCB.s 			page 3


 113 0060 01000000 		.word	1
 114 0064 01000000 		.word	1
 115              		.type	EE_th_dispatch_prio, %object
 116              		.size	EE_th_dispatch_prio, 20
 117              	EE_th_dispatch_prio:
 118 0068 80000000 		.word	128
 119 006c 02000000 		.word	2
 120 0070 20000000 		.word	32
 121 0074 10000000 		.word	16
 122 0078 08000000 		.word	8
 123              		.type	EE_EVENT_ID, %object
 124              		.size	EE_EVENT_ID, 8
 125              	EE_EVENT_ID:
 126 007c 01000000 		.word	1
 127 0080 02000000 		.word	2
 128              		.type	EE_th_ready_prio, %object
 129              		.size	EE_th_ready_prio, 20
 130              	EE_th_ready_prio:
 131 0084 01000000 		.word	1
 132 0088 02000000 		.word	2
 133 008c 20000000 		.word	32
 134 0090 10000000 		.word	16
 135 0094 08000000 		.word	8
 136              		.type	EE_terminate_real_th_body, %object
 137              		.size	EE_terminate_real_th_body, 20
 138              	EE_terminate_real_th_body:
 139 0098 00000000 		.word	Functsk_init
 140 009c 00000000 		.word	Functsk_background
 141 00a0 00000000 		.word	Functsk_input
 142 00a4 00000000 		.word	Functsk_control
 143 00a8 00000000 		.word	Functsk_system
 144              		.type	EE_hal_thread_body, %object
 145              		.size	EE_hal_thread_body, 20
 146              	EE_hal_thread_body:
 147 00ac 00000000 		.word	EE_oo_thread_stub
 148 00b0 00000000 		.word	EE_oo_thread_stub
 149 00b4 00000000 		.word	EE_oo_thread_stub
 150 00b8 00000000 		.word	EE_oo_thread_stub
 151 00bc 00000000 		.word	EE_oo_thread_stub
 152              		.type	EE_std_thread_tos, %object
 153              		.size	EE_std_thread_tos, 24
 154              	EE_std_thread_tos:
 155 00c0 00000000 		.word	0
 156 00c4 00000000 		.word	0
 157 00c8 00000000 		.word	0
 158 00cc 00000000 		.word	0
 159 00d0 01000000 		.word	1
 160 00d4 00000000 		.word	0
 161              		.data
 162              		.align	2
 163              		.type	EE_ALARM_NAME, %object
 164              		.size	EE_ALARM_NAME, 4
 165              	EE_ALARM_NAME:
 166 0000 00000000 		.word	.LC0
 167              		.type	EE_counter_RAM, %object
 168              		.size	EE_counter_RAM, 8
 169              	EE_counter_RAM:
ARM GAS  C:\Users\giris\AppData\Local\Temp\ccv7JrCB.s 			page 4


 170 0004 00000000 		.word	0
 171 0008 FFFFFFFF 		.word	-1
 172              		.type	EE_th_terminate_nextask, %object
 173              		.size	EE_th_terminate_nextask, 20
 174              	EE_th_terminate_nextask:
 175 000c FFFFFFFF 		.word	-1
 176 0010 FFFFFFFF 		.word	-1
 177 0014 FFFFFFFF 		.word	-1
 178 0018 FFFFFFFF 		.word	-1
 179 001c FFFFFFFF 		.word	-1
 180              		.type	EE_rq_pairs_next, %object
 181              		.size	EE_rq_pairs_next, 20
 182              	EE_rq_pairs_next:
 183 0020 01000000 		.word	1
 184 0024 02000000 		.word	2
 185 0028 03000000 		.word	3
 186 002c 04000000 		.word	4
 187 0030 FFFFFFFF 		.word	-1
 188              		.type	EE_rq_link, %object
 189              		.size	EE_rq_link, 20
 190              	EE_rq_link:
 191 0034 00000000 		.word	0
 192 0038 01000000 		.word	1
 193 003c 05000000 		.word	5
 194 0040 04000000 		.word	4
 195 0044 03000000 		.word	3
 196              		.type	EE_th_rnact, %object
 197              		.size	EE_th_rnact, 20
 198              	EE_th_rnact:
 199 0048 01000000 		.word	1
 200 004c 01000000 		.word	1
 201 0050 01000000 		.word	1
 202 0054 01000000 		.word	1
 203 0058 01000000 		.word	1
 204              		.type	EE_rq_queues_tail, %object
 205              		.size	EE_rq_queues_tail, 64
 206              	EE_rq_queues_tail:
 207 005c FFFFFFFF 		.word	-1
 208 0060 FFFFFFFF 		.word	-1
 209 0064 FFFFFFFF 		.word	-1
 210 0068 FFFFFFFF 		.word	-1
 211 006c FFFFFFFF 		.word	-1
 212 0070 FFFFFFFF 		.word	-1
 213 0074 FFFFFFFF 		.word	-1
 214 0078 FFFFFFFF 		.word	-1
 215 007c FFFFFFFF 		.word	-1
 216 0080 FFFFFFFF 		.word	-1
 217 0084 FFFFFFFF 		.word	-1
 218 0088 FFFFFFFF 		.word	-1
 219 008c FFFFFFFF 		.word	-1
 220 0090 FFFFFFFF 		.word	-1
 221 0094 FFFFFFFF 		.word	-1
 222 0098 FFFFFFFF 		.word	-1
 223              		.type	EE_rq_queues_head, %object
 224              		.size	EE_rq_queues_head, 64
 225              	EE_rq_queues_head:
 226 009c FFFFFFFF 		.word	-1
ARM GAS  C:\Users\giris\AppData\Local\Temp\ccv7JrCB.s 			page 5


 227 00a0 FFFFFFFF 		.word	-1
 228 00a4 FFFFFFFF 		.word	-1
 229 00a8 FFFFFFFF 		.word	-1
 230 00ac FFFFFFFF 		.word	-1
 231 00b0 FFFFFFFF 		.word	-1
 232 00b4 FFFFFFFF 		.word	-1
 233 00b8 FFFFFFFF 		.word	-1
 234 00bc FFFFFFFF 		.word	-1
 235 00c0 FFFFFFFF 		.word	-1
 236 00c4 FFFFFFFF 		.word	-1
 237 00c8 FFFFFFFF 		.word	-1
 238 00cc FFFFFFFF 		.word	-1
 239 00d0 FFFFFFFF 		.word	-1
 240 00d4 FFFFFFFF 		.word	-1
 241 00d8 FFFFFFFF 		.word	-1
 242              		.type	EE_stkfirst, %object
 243              		.size	EE_stkfirst, 4
 244              	EE_stkfirst:
 245 00dc FFFFFFFF 		.word	-1
 246              		.type	EE_th_next, %object
 247              		.size	EE_th_next, 20
 248              	EE_th_next:
 249 00e0 FFFFFFFF 		.word	-1
 250 00e4 FFFFFFFF 		.word	-1
 251 00e8 FFFFFFFF 		.word	-1
 252 00ec FFFFFFFF 		.word	-1
 253 00f0 FFFFFFFF 		.word	-1
 254              		.type	EE_th_status, %object
 255              		.size	EE_th_status, 20
 256              	EE_th_status:
 257 00f4 03000000 		.word	3
 258 00f8 03000000 		.word	3
 259 00fc 03000000 		.word	3
 260 0100 03000000 		.word	3
 261 0104 03000000 		.word	3
 262              		.type	EE_EVENT_NAME, %object
 263              		.size	EE_EVENT_NAME, 8
 264              	EE_EVENT_NAME:
 265 0108 0C000000 		.word	.LC1
 266 010c 1C000000 		.word	.LC2
 267              		.type	EE_TASK_NAME, %object
 268              		.size	EE_TASK_NAME, 20
 269              	EE_TASK_NAME:
 270 0110 24000000 		.word	.LC3
 271 0114 30000000 		.word	.LC4
 272 0118 40000000 		.word	.LC5
 273 011c 4C000000 		.word	.LC6
 274 0120 58000000 		.word	.LC7
 275              		.type	EE_cortex_mx_IRQ_tos, %object
 276              		.size	EE_cortex_mx_IRQ_tos, 4
 277              	EE_cortex_mx_IRQ_tos:
 278 0124 00020000 		.word	EE_cortex_mx_stack_9+512
 279              		.type	EE_cortex_mx_system_tos, %object
 280              		.size	EE_cortex_mx_system_tos, 8
 281              	EE_cortex_mx_system_tos:
 282 0128 00000000 		.word	0
 283 012c D81F0000 		.word	EE_cortex_mx_stack_4+8152
ARM GAS  C:\Users\giris\AppData\Local\Temp\ccv7JrCB.s 			page 6


 284              		.section	.rodata.str1.4,"aMS",%progbits,1
 285              		.align	2
 286              	.LC0:
 287 0000 616C726D 		.ascii	"alrm_1ms\000"
 287      5F316D73 
 287      00
 288 0009 000000   		.space	3
 289              	.LC1:
 290 000c 65765F65 		.ascii	"ev_event_onData\000"
 290      76656E74 
 290      5F6F6E44 
 290      61746100 
 291              	.LC2:
 292 001c 65765F31 		.ascii	"ev_1min\000"
 292      6D696E00 
 293              	.LC3:
 294 0024 74736B5F 		.ascii	"tsk_init\000"
 294      696E6974 
 294      00
 295 002d 000000   		.space	3
 296              	.LC4:
 297 0030 74736B5F 		.ascii	"tsk_background\000"
 297      6261636B 
 297      67726F75 
 297      6E6400
 298 003f 00       		.space	1
 299              	.LC5:
 300 0040 74736B5F 		.ascii	"tsk_input\000"
 300      696E7075 
 300      7400
 301 004a 0000     		.space	2
 302              	.LC6:
 303 004c 74736B5F 		.ascii	"tsk_control\000"
 303      636F6E74 
 303      726F6C00 
 304              	.LC7:
 305 0058 74736B5F 		.ascii	"tsk_system\000"
 305      73797374 
 305      656D00
 306              		.bss
 307              		.align	2
 308              		.type	EE_th_waswaiting, %object
 309              		.size	EE_th_waswaiting, 20
 310              	EE_th_waswaiting:
 311 0000 00000000 		.space	20
 311      00000000 
 311      00000000 
 311      00000000 
 311      00000000 
 312              		.type	EE_th_event_waitmask, %object
 313              		.size	EE_th_event_waitmask, 20
 314              	EE_th_event_waitmask:
 315 0014 00000000 		.space	20
 315      00000000 
 315      00000000 
 315      00000000 
 315      00000000 
ARM GAS  C:\Users\giris\AppData\Local\Temp\ccv7JrCB.s 			page 7


 316              		.type	EE_th_event_active, %object
 317              		.size	EE_th_event_active, 20
 318              	EE_th_event_active:
 319 0028 00000000 		.space	20
 319      00000000 
 319      00000000 
 319      00000000 
 319      00000000 
 320              		.type	EE_rq_free, %object
 321              		.size	EE_rq_free, 4
 322              	EE_rq_free:
 323 003c 00000000 		.space	4
 324              		.type	EE_rq_bitmask, %object
 325              		.size	EE_rq_bitmask, 2
 326              	EE_rq_bitmask:
 327 0040 0000     		.space	2
 328 0042 0000     		.space	2
 329              		.type	EE_sys_ceiling, %object
 330              		.size	EE_sys_ceiling, 4
 331              	EE_sys_ceiling:
 332 0044 00000000 		.space	4
 333              		.type	EE_cortex_mx_active_tos, %object
 334              		.size	EE_cortex_mx_active_tos, 4
 335              	EE_cortex_mx_active_tos:
 336 0048 00000000 		.space	4
 337              		.text
 338              	.Letext0:
 339              		.file 1 "Generated_Source\\PSoC5\\ErikaOS_common_ee_types.inc"
 340              		.file 2 "Generated_Source\\PSoC5\\ErikaOS_cortex_mx_ee_cpu.inc"
 341              		.file 3 "Generated_Source\\PSoC5\\ErikaOS_ee_oo_common.inc"
 342              		.file 4 "Generated_Source\\PSoC5\\ErikaOS_common_ee_hal_structs.inc"
 343              		.file 5 "Generated_Source\\PSoC5\\ErikaOS_eecfg.c"
 344              		.file 6 "Generated_Source\\PSoC5\\ErikaOS_ee_oo_intfunc.inc"
 345              		.file 7 "Generated_Source\\PSoC5\\ErikaOS_cortex_mx_ee_context.inc"
 346              		.file 8 "Generated_Source\\PSoC5\\ErikaOS_common_ee_primitives.inc"
 347              		.section	.debug_info,"",%progbits
 348              	.Ldebug_info0:
 349 0000 B3080000 		.4byte	0x8b3
 350 0004 0400     		.2byte	0x4
 351 0006 00000000 		.4byte	.Ldebug_abbrev0
 352 000a 04       		.byte	0x4
 353 000b 01       		.uleb128 0x1
 354 000c 41050000 		.4byte	.LASF112
 355 0010 0C       		.byte	0xc
 356 0011 7B000000 		.4byte	.LASF113
 357 0015 20020000 		.4byte	.LASF114
 358 0019 00000000 		.4byte	.Ldebug_line0
 359 001d 02       		.uleb128 0x2
 360 001e 01       		.byte	0x1
 361 001f 06       		.byte	0x6
 362 0020 36010000 		.4byte	.LASF0
 363 0024 02       		.uleb128 0x2
 364 0025 01       		.byte	0x1
 365 0026 08       		.byte	0x8
 366 0027 B9040000 		.4byte	.LASF1
 367 002b 02       		.uleb128 0x2
 368 002c 02       		.byte	0x2
ARM GAS  C:\Users\giris\AppData\Local\Temp\ccv7JrCB.s 			page 8


 369 002d 05       		.byte	0x5
 370 002e FE040000 		.4byte	.LASF2
 371 0032 02       		.uleb128 0x2
 372 0033 02       		.byte	0x2
 373 0034 07       		.byte	0x7
 374 0035 DF020000 		.4byte	.LASF3
 375 0039 02       		.uleb128 0x2
 376 003a 04       		.byte	0x4
 377 003b 05       		.byte	0x5
 378 003c BD010000 		.4byte	.LASF4
 379 0040 02       		.uleb128 0x2
 380 0041 04       		.byte	0x4
 381 0042 07       		.byte	0x7
 382 0043 9D020000 		.4byte	.LASF5
 383 0047 02       		.uleb128 0x2
 384 0048 08       		.byte	0x8
 385 0049 05       		.byte	0x5
 386 004a 28010000 		.4byte	.LASF6
 387 004e 02       		.uleb128 0x2
 388 004f 08       		.byte	0x8
 389 0050 07       		.byte	0x7
 390 0051 5E000000 		.4byte	.LASF7
 391 0055 03       		.uleb128 0x3
 392 0056 04       		.byte	0x4
 393 0057 05       		.byte	0x5
 394 0058 696E7400 		.ascii	"int\000"
 395 005c 02       		.uleb128 0x2
 396 005d 04       		.byte	0x4
 397 005e 07       		.byte	0x7
 398 005f 65020000 		.4byte	.LASF8
 399 0063 02       		.uleb128 0x2
 400 0064 08       		.byte	0x8
 401 0065 04       		.byte	0x4
 402 0066 07040000 		.4byte	.LASF9
 403 006a 04       		.uleb128 0x4
 404 006b 86040000 		.4byte	.LASF10
 405 006f 01       		.byte	0x1
 406 0070 52       		.byte	0x52
 407 0071 32000000 		.4byte	0x32
 408 0075 04       		.uleb128 0x4
 409 0076 4A070000 		.4byte	.LASF11
 410 007a 01       		.byte	0x1
 411 007b 53       		.byte	0x53
 412 007c 55000000 		.4byte	0x55
 413 0080 04       		.uleb128 0x4
 414 0081 40070000 		.4byte	.LASF12
 415 0085 01       		.byte	0x1
 416 0086 54       		.byte	0x54
 417 0087 5C000000 		.4byte	0x5c
 418 008b 04       		.uleb128 0x4
 419 008c 95070000 		.4byte	.LASF13
 420 0090 01       		.byte	0x1
 421 0091 64       		.byte	0x64
 422 0092 96000000 		.4byte	0x96
 423 0096 05       		.uleb128 0x5
 424 0097 04       		.byte	0x4
 425 0098 06       		.uleb128 0x6
ARM GAS  C:\Users\giris\AppData\Local\Temp\ccv7JrCB.s 			page 9


 426 0099 04       		.byte	0x4
 427 009a 9E000000 		.4byte	0x9e
 428 009e 07       		.uleb128 0x7
 429 009f 04       		.uleb128 0x4
 430 00a0 8A030000 		.4byte	.LASF14
 431 00a4 01       		.byte	0x1
 432 00a5 70       		.byte	0x70
 433 00a6 98000000 		.4byte	0x98
 434 00aa 04       		.uleb128 0x4
 435 00ab DB050000 		.4byte	.LASF15
 436 00af 01       		.byte	0x1
 437 00b0 73       		.byte	0x73
 438 00b1 98000000 		.4byte	0x98
 439 00b5 04       		.uleb128 0x4
 440 00b6 72020000 		.4byte	.LASF16
 441 00ba 02       		.byte	0x2
 442 00bb 4D       		.byte	0x4d
 443 00bc 80000000 		.4byte	0x80
 444 00c0 04       		.uleb128 0x4
 445 00c1 29040000 		.4byte	.LASF17
 446 00c5 02       		.byte	0x2
 447 00c6 4E       		.byte	0x4e
 448 00c7 75000000 		.4byte	0x75
 449 00cb 04       		.uleb128 0x4
 450 00cc AF070000 		.4byte	.LASF18
 451 00d0 02       		.byte	0x2
 452 00d1 4F       		.byte	0x4f
 453 00d2 80000000 		.4byte	0x80
 454 00d6 04       		.uleb128 0x4
 455 00d7 3D000000 		.4byte	.LASF19
 456 00db 02       		.byte	0x2
 457 00dc 54       		.byte	0x54
 458 00dd B5000000 		.4byte	0xb5
 459 00e1 04       		.uleb128 0x4
 460 00e2 13020000 		.4byte	.LASF20
 461 00e6 02       		.byte	0x2
 462 00e7 78       		.byte	0x78
 463 00e8 75000000 		.4byte	0x75
 464 00ec 08       		.uleb128 0x8
 465 00ed DA000000 		.4byte	.LASF61
 466 00f1 04       		.byte	0x4
 467 00f2 04       		.byte	0x4
 468 00f3 4D       		.byte	0x4d
 469 00f4 05010000 		.4byte	0x105
 470 00f8 09       		.uleb128 0x9
 471 00f9 81070000 		.4byte	.LASF28
 472 00fd 04       		.byte	0x4
 473 00fe 4E       		.byte	0x4e
 474 00ff 8B000000 		.4byte	0x8b
 475 0103 00       		.byte	0
 476 0104 00       		.byte	0
 477 0105 0A       		.uleb128 0xa
 478 0106 EE030000 		.4byte	.LASF21
 479 010a 03       		.byte	0x3
 480 010b 1101     		.2byte	0x111
 481 010d 6A000000 		.4byte	0x6a
 482 0111 0A       		.uleb128 0xa
ARM GAS  C:\Users\giris\AppData\Local\Temp\ccv7JrCB.s 			page 10


 483 0112 D1000000 		.4byte	.LASF22
 484 0116 03       		.byte	0x3
 485 0117 F701     		.2byte	0x1f7
 486 0119 E1000000 		.4byte	0xe1
 487 011d 0A       		.uleb128 0xa
 488 011e 59010000 		.4byte	.LASF23
 489 0122 03       		.byte	0x3
 490 0123 2C02     		.2byte	0x22c
 491 0125 B5000000 		.4byte	0xb5
 492 0129 0A       		.uleb128 0xa
 493 012a 1D000000 		.4byte	.LASF24
 494 012e 03       		.byte	0x3
 495 012f 3502     		.2byte	0x235
 496 0131 B5000000 		.4byte	0xb5
 497 0135 0A       		.uleb128 0xa
 498 0136 34060000 		.4byte	.LASF25
 499 013a 03       		.byte	0x3
 500 013b 5D02     		.2byte	0x25d
 501 013d B5000000 		.4byte	0xb5
 502 0141 0A       		.uleb128 0xa
 503 0142 32000000 		.4byte	.LASF26
 504 0146 03       		.byte	0x3
 505 0147 6302     		.2byte	0x263
 506 0149 B5000000 		.4byte	0xb5
 507 014d 0A       		.uleb128 0xa
 508 014e 9B030000 		.4byte	.LASF27
 509 0152 03       		.byte	0x3
 510 0153 6C02     		.2byte	0x26c
 511 0155 B5000000 		.4byte	0xb5
 512 0159 0B       		.uleb128 0xb
 513 015a 0C       		.byte	0xc
 514 015b 03       		.byte	0x3
 515 015c 7202     		.2byte	0x272
 516 015e 8A010000 		.4byte	0x18a
 517 0162 0C       		.uleb128 0xc
 518 0163 E1000000 		.4byte	.LASF29
 519 0167 03       		.byte	0x3
 520 0168 7302     		.2byte	0x273
 521 016a 29010000 		.4byte	0x129
 522 016e 00       		.byte	0
 523 016f 0C       		.uleb128 0xc
 524 0170 31040000 		.4byte	.LASF30
 525 0174 03       		.byte	0x3
 526 0175 7402     		.2byte	0x274
 527 0177 29010000 		.4byte	0x129
 528 017b 04       		.byte	0x4
 529 017c 0C       		.uleb128 0xc
 530 017d 0A020000 		.4byte	.LASF31
 531 0181 03       		.byte	0x3
 532 0182 7502     		.2byte	0x275
 533 0184 29010000 		.4byte	0x129
 534 0188 08       		.byte	0x8
 535 0189 00       		.byte	0
 536 018a 0A       		.uleb128 0xa
 537 018b 2A050000 		.4byte	.LASF32
 538 018f 03       		.byte	0x3
 539 0190 7A02     		.2byte	0x27a
ARM GAS  C:\Users\giris\AppData\Local\Temp\ccv7JrCB.s 			page 11


 540 0192 59010000 		.4byte	0x159
 541 0196 0B       		.uleb128 0xb
 542 0197 08       		.byte	0x8
 543 0198 03       		.byte	0x3
 544 0199 7D02     		.2byte	0x27d
 545 019b BA010000 		.4byte	0x1ba
 546 019f 0C       		.uleb128 0xc
 547 01a0 1A020000 		.4byte	.LASF33
 548 01a4 03       		.byte	0x3
 549 01a5 7E02     		.2byte	0x27e
 550 01a7 29010000 		.4byte	0x129
 551 01ab 00       		.byte	0
 552 01ac 0C       		.uleb128 0xc
 553 01ad 2E060000 		.4byte	.LASF34
 554 01b1 03       		.byte	0x3
 555 01b2 7F02     		.2byte	0x27f
 556 01b4 35010000 		.4byte	0x135
 557 01b8 04       		.byte	0x4
 558 01b9 00       		.byte	0
 559 01ba 0A       		.uleb128 0xa
 560 01bb 9A010000 		.4byte	.LASF35
 561 01bf 03       		.byte	0x3
 562 01c0 8002     		.2byte	0x280
 563 01c2 96010000 		.4byte	0x196
 564 01c6 0D       		.uleb128 0xd
 565 01c7 01       		.byte	0x1
 566 01c8 24000000 		.4byte	0x24
 567 01cc 03       		.byte	0x3
 568 01cd 8A02     		.2byte	0x28a
 569 01cf E0010000 		.4byte	0x1e0
 570 01d3 0E       		.uleb128 0xe
 571 01d4 C7040000 		.4byte	.LASF36
 572 01d8 00       		.byte	0
 573 01d9 0E       		.uleb128 0xe
 574 01da 90040000 		.4byte	.LASF37
 575 01de 01       		.byte	0x1
 576 01df 00       		.byte	0
 577 01e0 0A       		.uleb128 0xa
 578 01e1 0A030000 		.4byte	.LASF38
 579 01e5 03       		.byte	0x3
 580 01e6 8D02     		.2byte	0x28d
 581 01e8 C6010000 		.4byte	0x1c6
 582 01ec 0A       		.uleb128 0xa
 583 01ed 36030000 		.4byte	.LASF39
 584 01f1 03       		.byte	0x3
 585 01f2 9002     		.2byte	0x290
 586 01f4 E0010000 		.4byte	0x1e0
 587 01f8 0B       		.uleb128 0xb
 588 01f9 0C       		.byte	0xc
 589 01fa 03       		.byte	0x3
 590 01fb 9402     		.2byte	0x294
 591 01fd 27020000 		.4byte	0x227
 592 0201 0F       		.uleb128 0xf
 593 0202 6300     		.ascii	"c\000"
 594 0204 03       		.byte	0x3
 595 0205 9602     		.2byte	0x296
 596 0207 4D010000 		.4byte	0x14d
ARM GAS  C:\Users\giris\AppData\Local\Temp\ccv7JrCB.s 			page 12


 597 020b 00       		.byte	0
 598 020c 0C       		.uleb128 0xc
 599 020d 8B060000 		.4byte	.LASF40
 600 0211 03       		.byte	0x3
 601 0212 9802     		.2byte	0x298
 602 0214 35010000 		.4byte	0x135
 603 0218 04       		.byte	0x4
 604 0219 0C       		.uleb128 0xc
 605 021a DA020000 		.4byte	.LASF41
 606 021e 03       		.byte	0x3
 607 021f 9A02     		.2byte	0x29a
 608 0221 EC010000 		.4byte	0x1ec
 609 0225 08       		.byte	0x8
 610 0226 00       		.byte	0
 611 0227 0A       		.uleb128 0xa
 612 0228 A2000000 		.4byte	.LASF42
 613 022c 03       		.byte	0x3
 614 022d 9B02     		.2byte	0x29b
 615 022f F8010000 		.4byte	0x1f8
 616 0233 0B       		.uleb128 0xb
 617 0234 10       		.byte	0x10
 618 0235 03       		.byte	0x3
 619 0236 9F02     		.2byte	0x29f
 620 0238 71020000 		.4byte	0x271
 621 023c 0C       		.uleb128 0xc
 622 023d 3E040000 		.4byte	.LASF43
 623 0241 03       		.byte	0x3
 624 0242 A002     		.2byte	0x2a0
 625 0244 D6000000 		.4byte	0xd6
 626 0248 00       		.byte	0
 627 0249 0C       		.uleb128 0xc
 628 024a 78070000 		.4byte	.LASF44
 629 024e 03       		.byte	0x3
 630 024f A102     		.2byte	0x2a1
 631 0251 29010000 		.4byte	0x129
 632 0255 04       		.byte	0x4
 633 0256 0C       		.uleb128 0xc
 634 0257 75000000 		.4byte	.LASF45
 635 025b 03       		.byte	0x3
 636 025c A202     		.2byte	0x2a2
 637 025e 29010000 		.4byte	0x129
 638 0262 08       		.byte	0x8
 639 0263 0C       		.uleb128 0xc
 640 0264 00000000 		.4byte	.LASF46
 641 0268 03       		.byte	0x3
 642 0269 A302     		.2byte	0x2a3
 643 026b 35010000 		.4byte	0x135
 644 026f 0C       		.byte	0xc
 645 0270 00       		.byte	0
 646 0271 0A       		.uleb128 0xa
 647 0272 43040000 		.4byte	.LASF47
 648 0276 03       		.byte	0x3
 649 0277 A402     		.2byte	0x2a4
 650 0279 33020000 		.4byte	0x233
 651 027d 0D       		.uleb128 0xd
 652 027e 01       		.byte	0x1
 653 027f 24000000 		.4byte	0x24
ARM GAS  C:\Users\giris\AppData\Local\Temp\ccv7JrCB.s 			page 13


 654 0283 03       		.byte	0x3
 655 0284 A702     		.2byte	0x2a7
 656 0286 A3020000 		.4byte	0x2a3
 657 028a 0E       		.uleb128 0xe
 658 028b 4B060000 		.4byte	.LASF48
 659 028f 00       		.byte	0
 660 0290 0E       		.uleb128 0xe
 661 0291 93060000 		.4byte	.LASF49
 662 0295 01       		.byte	0x1
 663 0296 0E       		.uleb128 0xe
 664 0297 6A060000 		.4byte	.LASF50
 665 029b 02       		.byte	0x2
 666 029c 0E       		.uleb128 0xe
 667 029d 0D060000 		.4byte	.LASF51
 668 02a1 03       		.byte	0x3
 669 02a2 00       		.byte	0
 670 02a3 0A       		.uleb128 0xa
 671 02a4 42010000 		.4byte	.LASF52
 672 02a8 03       		.byte	0x3
 673 02a9 AC02     		.2byte	0x2ac
 674 02ab 7D020000 		.4byte	0x27d
 675 02af 0A       		.uleb128 0xa
 676 02b0 EF060000 		.4byte	.LASF53
 677 02b4 03       		.byte	0x3
 678 02b5 AF02     		.2byte	0x2af
 679 02b7 A3020000 		.4byte	0x2a3
 680 02bb 0B       		.uleb128 0xb
 681 02bc 14       		.byte	0x14
 682 02bd 03       		.byte	0x3
 683 02be B202     		.2byte	0x2b2
 684 02c0 04030000 		.4byte	0x304
 685 02c4 0C       		.uleb128 0xc
 686 02c5 C5060000 		.4byte	.LASF54
 687 02c9 03       		.byte	0x3
 688 02ca B302     		.2byte	0x2b3
 689 02cc AF020000 		.4byte	0x2af
 690 02d0 00       		.byte	0
 691 02d1 0C       		.uleb128 0xc
 692 02d2 89070000 		.4byte	.LASF55
 693 02d6 03       		.byte	0x3
 694 02d7 B402     		.2byte	0x2b4
 695 02d9 11010000 		.4byte	0x111
 696 02dd 04       		.byte	0x4
 697 02de 0C       		.uleb128 0xc
 698 02df CF050000 		.4byte	.LASF56
 699 02e3 03       		.byte	0x3
 700 02e4 B602     		.2byte	0x2b6
 701 02e6 1D010000 		.4byte	0x11d
 702 02ea 08       		.byte	0x8
 703 02eb 0F       		.uleb128 0xf
 704 02ec 6600     		.ascii	"f\000"
 705 02ee 03       		.byte	0x3
 706 02ef B802     		.2byte	0x2b8
 707 02f1 9F000000 		.4byte	0x9f
 708 02f5 0C       		.byte	0xc
 709 02f6 0C       		.uleb128 0xc
 710 02f7 F5040000 		.4byte	.LASF57
ARM GAS  C:\Users\giris\AppData\Local\Temp\ccv7JrCB.s 			page 14


 711 02fb 03       		.byte	0x3
 712 02fc BA02     		.2byte	0x2ba
 713 02fe 4D010000 		.4byte	0x14d
 714 0302 10       		.byte	0x10
 715 0303 00       		.byte	0
 716 0304 0A       		.uleb128 0xa
 717 0305 70040000 		.4byte	.LASF58
 718 0309 03       		.byte	0x3
 719 030a BB02     		.2byte	0x2bb
 720 030c BB020000 		.4byte	0x2bb
 721 0310 0B       		.uleb128 0xb
 722 0311 04       		.byte	0x4
 723 0312 03       		.byte	0x3
 724 0313 BD02     		.2byte	0x2bd
 725 0315 27030000 		.4byte	0x327
 726 0319 0C       		.uleb128 0xc
 727 031a C0030000 		.4byte	.LASF59
 728 031e 03       		.byte	0x3
 729 031f BF02     		.2byte	0x2bf
 730 0321 41010000 		.4byte	0x141
 731 0325 00       		.byte	0
 732 0326 00       		.byte	0
 733 0327 0A       		.uleb128 0xa
 734 0328 7A020000 		.4byte	.LASF60
 735 032c 03       		.byte	0x3
 736 032d C402     		.2byte	0x2c4
 737 032f 10030000 		.4byte	0x310
 738 0333 10       		.uleb128 0x10
 739 0334 C0020000 		.4byte	.LASF62
 740 0338 08       		.byte	0x8
 741 0339 03       		.byte	0x3
 742 033a 0E04     		.2byte	0x40e
 743 033c 5A030000 		.4byte	0x35a
 744 0340 0F       		.uleb128 0xf
 745 0341 6E7400   		.ascii	"nt\000"
 746 0344 03       		.byte	0x3
 747 0345 0F04     		.2byte	0x40f
 748 0347 B5000000 		.4byte	0xb5
 749 034b 00       		.byte	0
 750 034c 0C       		.uleb128 0xc
 751 034d D1060000 		.4byte	.LASF63
 752 0351 03       		.byte	0x3
 753 0352 1004     		.2byte	0x410
 754 0354 6A030000 		.4byte	0x36a
 755 0358 04       		.byte	0x4
 756 0359 00       		.byte	0
 757 035a 11       		.uleb128 0x11
 758 035b 65030000 		.4byte	0x365
 759 035f 65030000 		.4byte	0x365
 760 0363 12       		.uleb128 0x12
 761 0364 00       		.byte	0
 762 0365 13       		.uleb128 0x13
 763 0366 E1000000 		.4byte	0xe1
 764 036a 06       		.uleb128 0x6
 765 036b 04       		.byte	0x4
 766 036c 5A030000 		.4byte	0x35a
 767 0370 11       		.uleb128 0x11
ARM GAS  C:\Users\giris\AppData\Local\Temp\ccv7JrCB.s 			page 15


 768 0371 65030000 		.4byte	0x365
 769 0375 80030000 		.4byte	0x380
 770 0379 14       		.uleb128 0x14
 771 037a 80030000 		.4byte	0x380
 772 037e 00       		.byte	0
 773 037f 00       		.byte	0
 774 0380 02       		.uleb128 0x2
 775 0381 04       		.byte	0x4
 776 0382 07       		.byte	0x7
 777 0383 FE030000 		.4byte	.LASF64
 778 0387 15       		.uleb128 0x15
 779 0388 F1000000 		.4byte	.LASF115
 780 038c 05       		.byte	0x5
 781 038d 6507     		.2byte	0x765
 782 038f 99030000 		.4byte	0x399
 783 0393 05       		.uleb128 0x5
 784 0394 03       		.byte	0x3
 785 0395 08000000 		.4byte	EE_oo_autostart_task_mode_OSDEFAULTAPPMODE
 786 0399 13       		.uleb128 0x13
 787 039a 70030000 		.4byte	0x370
 788 039e 11       		.uleb128 0x11
 789 039f AE030000 		.4byte	0x3ae
 790 03a3 AE030000 		.4byte	0x3ae
 791 03a7 14       		.uleb128 0x14
 792 03a8 80030000 		.4byte	0x380
 793 03ac 04       		.byte	0x4
 794 03ad 00       		.byte	0
 795 03ae 13       		.uleb128 0x13
 796 03af AA000000 		.4byte	0xaa
 797 03b3 16       		.uleb128 0x16
 798 03b4 A3060000 		.4byte	.LASF65
 799 03b8 05       		.byte	0x5
 800 03b9 D2       		.byte	0xd2
 801 03ba C4030000 		.4byte	0x3c4
 802 03be 05       		.uleb128 0x5
 803 03bf 03       		.byte	0x3
 804 03c0 00000000 		.4byte	EE_hal_thread_body
 805 03c4 13       		.uleb128 0x13
 806 03c5 9E030000 		.4byte	0x39e
 807 03c9 11       		.uleb128 0x11
 808 03ca D9030000 		.4byte	0x3d9
 809 03ce D9030000 		.4byte	0x3d9
 810 03d2 14       		.uleb128 0x14
 811 03d3 80030000 		.4byte	0x380
 812 03d7 05       		.byte	0x5
 813 03d8 00       		.byte	0
 814 03d9 13       		.uleb128 0x13
 815 03da B5000000 		.4byte	0xb5
 816 03de 16       		.uleb128 0x16
 817 03df FB050000 		.4byte	.LASF66
 818 03e3 05       		.byte	0x5
 819 03e4 71       		.byte	0x71
 820 03e5 EF030000 		.4byte	0x3ef
 821 03e9 05       		.uleb128 0x5
 822 03ea 03       		.byte	0x3
 823 03eb 00000000 		.4byte	EE_std_thread_tos
 824 03ef 13       		.uleb128 0x13
ARM GAS  C:\Users\giris\AppData\Local\Temp\ccv7JrCB.s 			page 16


 825 03f0 C9030000 		.4byte	0x3c9
 826 03f4 11       		.uleb128 0x11
 827 03f5 80000000 		.4byte	0x80
 828 03f9 04040000 		.4byte	0x404
 829 03fd 14       		.uleb128 0x14
 830 03fe 80030000 		.4byte	0x380
 831 0402 04       		.byte	0x4
 832 0403 00       		.byte	0
 833 0404 16       		.uleb128 0x16
 834 0405 53070000 		.4byte	.LASF67
 835 0409 05       		.byte	0x5
 836 040a ED       		.byte	0xed
 837 040b F4030000 		.4byte	0x3f4
 838 040f 05       		.uleb128 0x5
 839 0410 03       		.byte	0x3
 840 0411 00000000 		.4byte	EE_terminate_data
 841 0415 16       		.uleb128 0x16
 842 0416 DB040000 		.4byte	.LASF68
 843 041a 05       		.byte	0x5
 844 041b F0       		.byte	0xf0
 845 041c 26040000 		.4byte	0x426
 846 0420 05       		.uleb128 0x5
 847 0421 03       		.byte	0x3
 848 0422 00000000 		.4byte	EE_terminate_real_th_body
 849 0426 13       		.uleb128 0x13
 850 0427 9E030000 		.4byte	0x39e
 851 042b 11       		.uleb128 0x11
 852 042c EC000000 		.4byte	0xec
 853 0430 3B040000 		.4byte	0x43b
 854 0434 14       		.uleb128 0x14
 855 0435 80030000 		.4byte	0x380
 856 0439 01       		.byte	0x1
 857 043a 00       		.byte	0
 858 043b 16       		.uleb128 0x16
 859 043c A1040000 		.4byte	.LASF69
 860 0440 05       		.byte	0x5
 861 0441 8D       		.byte	0x8d
 862 0442 2B040000 		.4byte	0x42b
 863 0446 05       		.uleb128 0x5
 864 0447 03       		.byte	0x3
 865 0448 00000000 		.4byte	EE_cortex_mx_system_tos
 866 044c 16       		.uleb128 0x16
 867 044d 82010000 		.4byte	.LASF70
 868 0451 05       		.byte	0x5
 869 0452 A9       		.byte	0xa9
 870 0453 B5000000 		.4byte	0xb5
 871 0457 05       		.uleb128 0x5
 872 0458 03       		.byte	0x3
 873 0459 00000000 		.4byte	EE_cortex_mx_active_tos
 874 045d 11       		.uleb128 0x11
 875 045e D9030000 		.4byte	0x3d9
 876 0462 6D040000 		.4byte	0x46d
 877 0466 14       		.uleb128 0x14
 878 0467 80030000 		.4byte	0x380
 879 046b 04       		.byte	0x4
 880 046c 00       		.byte	0
 881 046d 17       		.uleb128 0x17
ARM GAS  C:\Users\giris\AppData\Local\Temp\ccv7JrCB.s 			page 17


 882 046e 5A060000 		.4byte	.LASF71
 883 0472 05       		.byte	0x5
 884 0473 E202     		.2byte	0x2e2
 885 0475 7F040000 		.4byte	0x47f
 886 0479 05       		.uleb128 0x5
 887 047a 03       		.byte	0x3
 888 047b 00000000 		.4byte	EE_th_rnact_max
 889 047f 13       		.uleb128 0x13
 890 0480 5D040000 		.4byte	0x45d
 891 0484 17       		.uleb128 0x17
 892 0485 FE060000 		.4byte	.LASF72
 893 0489 05       		.byte	0x5
 894 048a 0C01     		.2byte	0x10c
 895 048c 96040000 		.4byte	0x496
 896 0490 05       		.uleb128 0x5
 897 0491 03       		.byte	0x3
 898 0492 00000000 		.4byte	EE_th_ready_prio
 899 0496 13       		.uleb128 0x13
 900 0497 5D040000 		.4byte	0x45d
 901 049b 17       		.uleb128 0x17
 902 049c 4C030000 		.4byte	.LASF73
 903 04a0 05       		.byte	0x5
 904 04a1 4502     		.2byte	0x245
 905 04a3 AD040000 		.4byte	0x4ad
 906 04a7 05       		.uleb128 0x5
 907 04a8 03       		.byte	0x3
 908 04a9 00000000 		.4byte	EE_th_dispatch_prio
 909 04ad 13       		.uleb128 0x13
 910 04ae 5D040000 		.4byte	0x45d
 911 04b2 11       		.uleb128 0x11
 912 04b3 C2040000 		.4byte	0x4c2
 913 04b7 C2040000 		.4byte	0x4c2
 914 04bb 14       		.uleb128 0x14
 915 04bc 80030000 		.4byte	0x380
 916 04c0 04       		.byte	0x4
 917 04c1 00       		.byte	0
 918 04c2 06       		.uleb128 0x6
 919 04c3 04       		.byte	0x4
 920 04c4 CF040000 		.4byte	0x4cf
 921 04c8 02       		.uleb128 0x2
 922 04c9 01       		.byte	0x1
 923 04ca 08       		.byte	0x8
 924 04cb 46060000 		.4byte	.LASF74
 925 04cf 13       		.uleb128 0x13
 926 04d0 C8040000 		.4byte	0x4c8
 927 04d4 17       		.uleb128 0x17
 928 04d5 1D050000 		.4byte	.LASF75
 929 04d9 05       		.byte	0x5
 930 04da 2801     		.2byte	0x128
 931 04dc B2040000 		.4byte	0x4b2
 932 04e0 05       		.uleb128 0x5
 933 04e1 03       		.byte	0x3
 934 04e2 00000000 		.4byte	EE_TASK_NAME
 935 04e6 11       		.uleb128 0x11
 936 04e7 C2040000 		.4byte	0x4c2
 937 04eb F6040000 		.4byte	0x4f6
 938 04ef 14       		.uleb128 0x14
ARM GAS  C:\Users\giris\AppData\Local\Temp\ccv7JrCB.s 			page 18


 939 04f0 80030000 		.4byte	0x380
 940 04f4 01       		.byte	0x1
 941 04f5 00       		.byte	0
 942 04f6 17       		.uleb128 0x17
 943 04f7 67010000 		.4byte	.LASF76
 944 04fb 05       		.byte	0x5
 945 04fc 8101     		.2byte	0x181
 946 04fe E6040000 		.4byte	0x4e6
 947 0502 05       		.uleb128 0x5
 948 0503 03       		.byte	0x3
 949 0504 00000000 		.4byte	EE_EVENT_NAME
 950 0508 11       		.uleb128 0x11
 951 0509 C2040000 		.4byte	0x4c2
 952 050d 18050000 		.4byte	0x518
 953 0511 14       		.uleb128 0x14
 954 0512 80030000 		.4byte	0x380
 955 0516 00       		.byte	0
 956 0517 00       		.byte	0
 957 0518 17       		.uleb128 0x17
 958 0519 8F020000 		.4byte	.LASF77
 959 051d 05       		.byte	0x5
 960 051e 3D06     		.2byte	0x63d
 961 0520 08050000 		.4byte	0x508
 962 0524 05       		.uleb128 0x5
 963 0525 03       		.byte	0x3
 964 0526 00000000 		.4byte	EE_ALARM_NAME
 965 052a 11       		.uleb128 0x11
 966 052b 3A050000 		.4byte	0x53a
 967 052f 3A050000 		.4byte	0x53a
 968 0533 14       		.uleb128 0x14
 969 0534 80030000 		.4byte	0x380
 970 0538 01       		.byte	0x1
 971 0539 00       		.byte	0
 972 053a 13       		.uleb128 0x13
 973 053b 40000000 		.4byte	0x40
 974 053f 17       		.uleb128 0x17
 975 0540 B1010000 		.4byte	.LASF78
 976 0544 05       		.byte	0x5
 977 0545 E201     		.2byte	0x1e2
 978 0547 51050000 		.4byte	0x551
 979 054b 05       		.uleb128 0x5
 980 054c 03       		.byte	0x3
 981 054d 00000000 		.4byte	EE_EVENT_ID
 982 0551 13       		.uleb128 0x13
 983 0552 2A050000 		.4byte	0x52a
 984 0556 11       		.uleb128 0x11
 985 0557 3A050000 		.4byte	0x53a
 986 055b 66050000 		.4byte	0x566
 987 055f 14       		.uleb128 0x14
 988 0560 80030000 		.4byte	0x380
 989 0564 00       		.byte	0
 990 0565 00       		.byte	0
 991 0566 17       		.uleb128 0x17
 992 0567 1C010000 		.4byte	.LASF79
 993 056b 05       		.byte	0x5
 994 056c 5906     		.2byte	0x659
 995 056e 78050000 		.4byte	0x578
ARM GAS  C:\Users\giris\AppData\Local\Temp\ccv7JrCB.s 			page 19


 996 0572 05       		.uleb128 0x5
 997 0573 03       		.byte	0x3
 998 0574 00000000 		.4byte	EE_ALARM_ID
 999 0578 13       		.uleb128 0x13
 1000 0579 56050000 		.4byte	0x556
 1001 057d 11       		.uleb128 0x11
 1002 057e B5000000 		.4byte	0xb5
 1003 0582 8D050000 		.4byte	0x58d
 1004 0586 14       		.uleb128 0x14
 1005 0587 80030000 		.4byte	0x380
 1006 058b 04       		.byte	0x4
 1007 058c 00       		.byte	0
 1008 058d 17       		.uleb128 0x17
 1009 058e 29030000 		.4byte	.LASF80
 1010 0592 05       		.byte	0x5
 1011 0593 8102     		.2byte	0x281
 1012 0595 7D050000 		.4byte	0x57d
 1013 0599 05       		.uleb128 0x5
 1014 059a 03       		.byte	0x3
 1015 059b 00000000 		.4byte	EE_th_status
 1016 059f 11       		.uleb128 0x11
 1017 05a0 E1000000 		.4byte	0xe1
 1018 05a4 AF050000 		.4byte	0x5af
 1019 05a8 14       		.uleb128 0x14
 1020 05a9 80030000 		.4byte	0x380
 1021 05ad 04       		.byte	0x4
 1022 05ae 00       		.byte	0
 1023 05af 17       		.uleb128 0x17
 1024 05b0 D0040000 		.4byte	.LASF81
 1025 05b4 05       		.byte	0x5
 1026 05b5 9D02     		.2byte	0x29d
 1027 05b7 9F050000 		.4byte	0x59f
 1028 05bb 05       		.uleb128 0x5
 1029 05bc 03       		.byte	0x3
 1030 05bd 00000000 		.4byte	EE_th_next
 1031 05c1 17       		.uleb128 0x17
 1032 05c2 0F070000 		.4byte	.LASF82
 1033 05c6 05       		.byte	0x5
 1034 05c7 C702     		.2byte	0x2c7
 1035 05c9 7D050000 		.4byte	0x57d
 1036 05cd 05       		.uleb128 0x5
 1037 05ce 03       		.byte	0x3
 1038 05cf 00000000 		.4byte	EE_th_rnact
 1039 05d3 17       		.uleb128 0x17
 1040 05d4 05000000 		.4byte	.LASF83
 1041 05d8 05       		.byte	0x5
 1042 05d9 7703     		.2byte	0x377
 1043 05db 9F050000 		.4byte	0x59f
 1044 05df 05       		.uleb128 0x5
 1045 05e0 03       		.byte	0x3
 1046 05e1 00000000 		.4byte	EE_th_terminate_nextask
 1047 05e5 17       		.uleb128 0x17
 1048 05e6 26000000 		.4byte	.LASF84
 1049 05ea 05       		.byte	0x5
 1050 05eb B902     		.2byte	0x2b9
 1051 05ed E1000000 		.4byte	0xe1
 1052 05f1 05       		.uleb128 0x5
ARM GAS  C:\Users\giris\AppData\Local\Temp\ccv7JrCB.s 			page 20


 1053 05f2 03       		.byte	0x3
 1054 05f3 00000000 		.4byte	EE_stkfirst
 1055 05f7 17       		.uleb128 0x17
 1056 05f8 B6060000 		.4byte	.LASF85
 1057 05fc 05       		.byte	0x5
 1058 05fd BC02     		.2byte	0x2bc
 1059 05ff B5000000 		.4byte	0xb5
 1060 0603 05       		.uleb128 0x5
 1061 0604 03       		.byte	0x3
 1062 0605 00000000 		.4byte	EE_sys_ceiling
 1063 0609 17       		.uleb128 0x17
 1064 060a 1E040000 		.4byte	.LASF86
 1065 060e 05       		.byte	0x5
 1066 060f FD02     		.2byte	0x2fd
 1067 0611 7D050000 		.4byte	0x57d
 1068 0615 05       		.uleb128 0x5
 1069 0616 03       		.byte	0x3
 1070 0617 00000000 		.4byte	EE_rq_link
 1071 061b 11       		.uleb128 0x11
 1072 061c C0000000 		.4byte	0xc0
 1073 0620 2B060000 		.4byte	0x62b
 1074 0624 14       		.uleb128 0x14
 1075 0625 80030000 		.4byte	0x380
 1076 0629 0F       		.byte	0xf
 1077 062a 00       		.byte	0
 1078 062b 17       		.uleb128 0x17
 1079 062c C6010000 		.4byte	.LASF87
 1080 0630 05       		.byte	0x5
 1081 0631 BF02     		.2byte	0x2bf
 1082 0633 1B060000 		.4byte	0x61b
 1083 0637 05       		.uleb128 0x5
 1084 0638 03       		.byte	0x3
 1085 0639 00000000 		.4byte	EE_rq_queues_head
 1086 063d 17       		.uleb128 0x17
 1087 063e E9050000 		.4byte	.LASF88
 1088 0642 05       		.byte	0x5
 1089 0643 C102     		.2byte	0x2c1
 1090 0645 1B060000 		.4byte	0x61b
 1091 0649 05       		.uleb128 0x5
 1092 064a 03       		.byte	0x3
 1093 064b 00000000 		.4byte	EE_rq_queues_tail
 1094 064f 11       		.uleb128 0x11
 1095 0650 C0000000 		.4byte	0xc0
 1096 0654 5F060000 		.4byte	0x65f
 1097 0658 14       		.uleb128 0x14
 1098 0659 80030000 		.4byte	0x380
 1099 065d 04       		.byte	0x4
 1100 065e 00       		.byte	0
 1101 065f 17       		.uleb128 0x17
 1102 0660 C0000000 		.4byte	.LASF89
 1103 0664 05       		.byte	0x5
 1104 0665 1B03     		.2byte	0x31b
 1105 0667 4F060000 		.4byte	0x64f
 1106 066b 05       		.uleb128 0x5
 1107 066c 03       		.byte	0x3
 1108 066d 00000000 		.4byte	EE_rq_pairs_next
 1109 0671 17       		.uleb128 0x17
ARM GAS  C:\Users\giris\AppData\Local\Temp\ccv7JrCB.s 			page 21


 1110 0672 1B070000 		.4byte	.LASF90
 1111 0676 05       		.byte	0x5
 1112 0677 7003     		.2byte	0x370
 1113 0679 9F050000 		.4byte	0x59f
 1114 067d 05       		.uleb128 0x5
 1115 067e 03       		.byte	0x3
 1116 067f 00000000 		.4byte	EE_rq_pairs_tid
 1117 0683 17       		.uleb128 0x17
 1118 0684 20060000 		.4byte	.LASF91
 1119 0688 05       		.byte	0x5
 1120 0689 C402     		.2byte	0x2c4
 1121 068b 05010000 		.4byte	0x105
 1122 068f 05       		.uleb128 0x5
 1123 0690 03       		.byte	0x3
 1124 0691 00000000 		.4byte	EE_rq_bitmask
 1125 0695 17       		.uleb128 0x17
 1126 0696 13040000 		.4byte	.LASF92
 1127 069a 05       		.byte	0x5
 1128 069b 7303     		.2byte	0x373
 1129 069d C0000000 		.4byte	0xc0
 1130 06a1 05       		.uleb128 0x5
 1131 06a2 03       		.byte	0x3
 1132 06a3 00000000 		.4byte	EE_rq_free
 1133 06a7 17       		.uleb128 0x17
 1134 06a8 65070000 		.4byte	.LASF93
 1135 06ac 05       		.byte	0x5
 1136 06ad 9A03     		.2byte	0x39a
 1137 06af 7D050000 		.4byte	0x57d
 1138 06b3 05       		.uleb128 0x5
 1139 06b4 03       		.byte	0x3
 1140 06b5 00000000 		.4byte	EE_th_event_active
 1141 06b9 17       		.uleb128 0x17
 1142 06ba 08050000 		.4byte	.LASF94
 1143 06be 05       		.byte	0x5
 1144 06bf B603     		.2byte	0x3b6
 1145 06c1 7D050000 		.4byte	0x57d
 1146 06c5 05       		.uleb128 0x5
 1147 06c6 03       		.byte	0x3
 1148 06c7 00000000 		.4byte	EE_th_event_waitmask
 1149 06cb 11       		.uleb128 0x11
 1150 06cc D6000000 		.4byte	0xd6
 1151 06d0 DB060000 		.4byte	0x6db
 1152 06d4 14       		.uleb128 0x14
 1153 06d5 80030000 		.4byte	0x380
 1154 06d9 04       		.byte	0x4
 1155 06da 00       		.byte	0
 1156 06db 17       		.uleb128 0x17
 1157 06dc AF020000 		.4byte	.LASF95
 1158 06e0 05       		.byte	0x5
 1159 06e1 D203     		.2byte	0x3d2
 1160 06e3 CB060000 		.4byte	0x6cb
 1161 06e7 05       		.uleb128 0x5
 1162 06e8 03       		.byte	0x3
 1163 06e9 00000000 		.4byte	EE_th_waswaiting
 1164 06ed 17       		.uleb128 0x17
 1165 06ee 9D070000 		.4byte	.LASF96
 1166 06f2 05       		.byte	0x5
ARM GAS  C:\Users\giris\AppData\Local\Temp\ccv7JrCB.s 			page 22


 1167 06f3 EE03     		.2byte	0x3ee
 1168 06f5 FF060000 		.4byte	0x6ff
 1169 06f9 05       		.uleb128 0x5
 1170 06fa 03       		.byte	0x3
 1171 06fb 00000000 		.4byte	EE_th_is_extended
 1172 06ff 13       		.uleb128 0x13
 1173 0700 5D040000 		.4byte	0x45d
 1174 0704 11       		.uleb128 0x11
 1175 0705 14070000 		.4byte	0x714
 1176 0709 14070000 		.4byte	0x714
 1177 070d 14       		.uleb128 0x14
 1178 070e 80030000 		.4byte	0x380
 1179 0712 00       		.byte	0
 1180 0713 00       		.byte	0
 1181 0714 13       		.uleb128 0x13
 1182 0715 8A010000 		.4byte	0x18a
 1183 0719 17       		.uleb128 0x17
 1184 071a 61040000 		.4byte	.LASF97
 1185 071e 05       		.byte	0x5
 1186 071f FF05     		.2byte	0x5ff
 1187 0721 2B070000 		.4byte	0x72b
 1188 0725 05       		.uleb128 0x5
 1189 0726 03       		.byte	0x3
 1190 0727 00000000 		.4byte	EE_counter_ROM
 1191 072b 13       		.uleb128 0x13
 1192 072c 04070000 		.4byte	0x704
 1193 0730 11       		.uleb128 0x11
 1194 0731 40070000 		.4byte	0x740
 1195 0735 40070000 		.4byte	0x740
 1196 0739 14       		.uleb128 0x14
 1197 073a 80030000 		.4byte	0x380
 1198 073e 00       		.byte	0
 1199 073f 00       		.byte	0
 1200 0740 13       		.uleb128 0x13
 1201 0741 27020000 		.4byte	0x227
 1202 0745 17       		.uleb128 0x17
 1203 0746 A7030000 		.4byte	.LASF98
 1204 074a 05       		.byte	0x5
 1205 074b 9606     		.2byte	0x696
 1206 074d 57070000 		.4byte	0x757
 1207 0751 05       		.uleb128 0x5
 1208 0752 03       		.byte	0x3
 1209 0753 00000000 		.4byte	EE_oo_counter_object_ROM
 1210 0757 13       		.uleb128 0x13
 1211 0758 30070000 		.4byte	0x730
 1212 075c 11       		.uleb128 0x11
 1213 075d 6C070000 		.4byte	0x76c
 1214 0761 6C070000 		.4byte	0x76c
 1215 0765 14       		.uleb128 0x14
 1216 0766 80030000 		.4byte	0x380
 1217 076a 00       		.byte	0
 1218 076b 00       		.byte	0
 1219 076c 13       		.uleb128 0x13
 1220 076d 04030000 		.4byte	0x304
 1221 0771 17       		.uleb128 0x17
 1222 0772 DD030000 		.4byte	.LASF99
 1223 0776 05       		.byte	0x5
ARM GAS  C:\Users\giris\AppData\Local\Temp\ccv7JrCB.s 			page 23


 1224 0777 BA06     		.2byte	0x6ba
 1225 0779 83070000 		.4byte	0x783
 1226 077d 05       		.uleb128 0x5
 1227 077e 03       		.byte	0x3
 1228 077f 00000000 		.4byte	EE_oo_action_ROM
 1229 0783 13       		.uleb128 0x13
 1230 0784 5C070000 		.4byte	0x75c
 1231 0788 11       		.uleb128 0x11
 1232 0789 98070000 		.4byte	0x798
 1233 078d 98070000 		.4byte	0x798
 1234 0791 14       		.uleb128 0x14
 1235 0792 80030000 		.4byte	0x380
 1236 0796 00       		.byte	0
 1237 0797 00       		.byte	0
 1238 0798 13       		.uleb128 0x13
 1239 0799 27030000 		.4byte	0x327
 1240 079d 17       		.uleb128 0x17
 1241 079e 75010000 		.4byte	.LASF100
 1242 07a2 05       		.byte	0x5
 1243 07a3 2006     		.2byte	0x620
 1244 07a5 AF070000 		.4byte	0x7af
 1245 07a9 05       		.uleb128 0x5
 1246 07aa 03       		.byte	0x3
 1247 07ab 00000000 		.4byte	EE_alarm_ROM
 1248 07af 13       		.uleb128 0x13
 1249 07b0 88070000 		.4byte	0x788
 1250 07b4 11       		.uleb128 0x11
 1251 07b5 BA010000 		.4byte	0x1ba
 1252 07b9 C4070000 		.4byte	0x7c4
 1253 07bd 14       		.uleb128 0x14
 1254 07be 80030000 		.4byte	0x380
 1255 07c2 00       		.byte	0
 1256 07c3 00       		.byte	0
 1257 07c4 17       		.uleb128 0x17
 1258 07c5 7C060000 		.4byte	.LASF101
 1259 07c9 05       		.byte	0x5
 1260 07ca 0C06     		.2byte	0x60c
 1261 07cc B4070000 		.4byte	0x7b4
 1262 07d0 05       		.uleb128 0x5
 1263 07d1 03       		.byte	0x3
 1264 07d2 00000000 		.4byte	EE_counter_RAM
 1265 07d6 11       		.uleb128 0x11
 1266 07d7 71020000 		.4byte	0x271
 1267 07db E6070000 		.4byte	0x7e6
 1268 07df 14       		.uleb128 0x14
 1269 07e0 80030000 		.4byte	0x380
 1270 07e4 00       		.byte	0
 1271 07e5 00       		.byte	0
 1272 07e6 17       		.uleb128 0x17
 1273 07e7 D6060000 		.4byte	.LASF102
 1274 07eb 05       		.byte	0x5
 1275 07ec B106     		.2byte	0x6b1
 1276 07ee D6070000 		.4byte	0x7d6
 1277 07f2 05       		.uleb128 0x5
 1278 07f3 03       		.byte	0x3
 1279 07f4 00000000 		.4byte	EE_oo_counter_object_RAM
 1280 07f8 11       		.uleb128 0x11
ARM GAS  C:\Users\giris\AppData\Local\Temp\ccv7JrCB.s 			page 24


 1281 07f9 08080000 		.4byte	0x808
 1282 07fd 08080000 		.4byte	0x808
 1283 0801 14       		.uleb128 0x14
 1284 0802 80030000 		.4byte	0x380
 1285 0806 00       		.byte	0
 1286 0807 00       		.byte	0
 1287 0808 13       		.uleb128 0x13
 1288 0809 33030000 		.4byte	0x333
 1289 080d 17       		.uleb128 0x17
 1290 080e B7070000 		.4byte	.LASF103
 1291 0812 05       		.byte	0x5
 1292 0813 9607     		.2byte	0x796
 1293 0815 1F080000 		.4byte	0x81f
 1294 0819 05       		.uleb128 0x5
 1295 081a 03       		.byte	0x3
 1296 081b 00000000 		.4byte	EE_oo_autostart_task_data
 1297 081f 13       		.uleb128 0x13
 1298 0820 F8070000 		.4byte	0x7f8
 1299 0824 18       		.uleb128 0x18
 1300 0825 F2020000 		.4byte	.LASF104
 1301 0829 06       		.byte	0x6
 1302 082a 40       		.byte	0x40
 1303 082b B5000000 		.4byte	0xb5
 1304 082f 18       		.uleb128 0x18
 1305 0830 D8010000 		.4byte	.LASF105
 1306 0834 06       		.byte	0x6
 1307 0835 47       		.byte	0x47
 1308 0836 CB000000 		.4byte	0xcb
 1309 083a 17       		.uleb128 0x17
 1310 083b CA030000 		.4byte	.LASF106
 1311 083f 05       		.byte	0x5
 1312 0840 5C07     		.2byte	0x75c
 1313 0842 B5000000 		.4byte	0xb5
 1314 0846 05       		.uleb128 0x5
 1315 0847 03       		.byte	0x3
 1316 0848 00000000 		.4byte	EE_ApplicationMode
 1317 084c 18       		.uleb128 0x18
 1318 084d F1010000 		.4byte	.LASF107
 1319 0851 07       		.byte	0x7
 1320 0852 48       		.byte	0x48
 1321 0853 E1000000 		.4byte	0xe1
 1322 0857 18       		.uleb128 0x18
 1323 0858 2B070000 		.4byte	.LASF108
 1324 085c 08       		.byte	0x8
 1325 085d 44       		.byte	0x44
 1326 085e B5000000 		.4byte	0xb5
 1327 0862 16       		.uleb128 0x16
 1328 0863 49000000 		.4byte	.LASF109
 1329 0867 05       		.byte	0x5
 1330 0868 AD       		.byte	0xad
 1331 0869 EC000000 		.4byte	0xec
 1332 086d 05       		.uleb128 0x5
 1333 086e 03       		.byte	0x3
 1334 086f 00000000 		.4byte	EE_cortex_mx_IRQ_tos
 1335 0873 11       		.uleb128 0x11
 1336 0874 55000000 		.4byte	0x55
 1337 0878 84080000 		.4byte	0x884
ARM GAS  C:\Users\giris\AppData\Local\Temp\ccv7JrCB.s 			page 25


 1338 087c 19       		.uleb128 0x19
 1339 087d 80030000 		.4byte	0x380
 1340 0881 FF07     		.2byte	0x7ff
 1341 0883 00       		.byte	0
 1342 0884 16       		.uleb128 0x16
 1343 0885 60030000 		.4byte	.LASF110
 1344 0889 05       		.byte	0x5
 1345 088a 1D       		.byte	0x1d
 1346 088b 73080000 		.4byte	0x873
 1347 088f 05       		.uleb128 0x5
 1348 0890 03       		.byte	0x3
 1349 0891 00000000 		.4byte	EE_cortex_mx_stack_4
 1350 0895 11       		.uleb128 0x11
 1351 0896 55000000 		.4byte	0x55
 1352 089a A5080000 		.4byte	0x8a5
 1353 089e 14       		.uleb128 0x14
 1354 089f 80030000 		.4byte	0x380
 1355 08a3 7F       		.byte	0x7f
 1356 08a4 00       		.byte	0
 1357 08a5 16       		.uleb128 0x16
 1358 08a6 75030000 		.4byte	.LASF111
 1359 08aa 05       		.byte	0x5
 1360 08ab 32       		.byte	0x32
 1361 08ac 95080000 		.4byte	0x895
 1362 08b0 05       		.uleb128 0x5
 1363 08b1 03       		.byte	0x3
 1364 08b2 00000000 		.4byte	EE_cortex_mx_stack_9
 1365 08b6 00       		.byte	0
 1366              		.section	.debug_abbrev,"",%progbits
 1367              	.Ldebug_abbrev0:
 1368 0000 01       		.uleb128 0x1
 1369 0001 11       		.uleb128 0x11
 1370 0002 01       		.byte	0x1
 1371 0003 25       		.uleb128 0x25
 1372 0004 0E       		.uleb128 0xe
 1373 0005 13       		.uleb128 0x13
 1374 0006 0B       		.uleb128 0xb
 1375 0007 03       		.uleb128 0x3
 1376 0008 0E       		.uleb128 0xe
 1377 0009 1B       		.uleb128 0x1b
 1378 000a 0E       		.uleb128 0xe
 1379 000b 10       		.uleb128 0x10
 1380 000c 17       		.uleb128 0x17
 1381 000d 00       		.byte	0
 1382 000e 00       		.byte	0
 1383 000f 02       		.uleb128 0x2
 1384 0010 24       		.uleb128 0x24
 1385 0011 00       		.byte	0
 1386 0012 0B       		.uleb128 0xb
 1387 0013 0B       		.uleb128 0xb
 1388 0014 3E       		.uleb128 0x3e
 1389 0015 0B       		.uleb128 0xb
 1390 0016 03       		.uleb128 0x3
 1391 0017 0E       		.uleb128 0xe
 1392 0018 00       		.byte	0
 1393 0019 00       		.byte	0
 1394 001a 03       		.uleb128 0x3
ARM GAS  C:\Users\giris\AppData\Local\Temp\ccv7JrCB.s 			page 26


 1395 001b 24       		.uleb128 0x24
 1396 001c 00       		.byte	0
 1397 001d 0B       		.uleb128 0xb
 1398 001e 0B       		.uleb128 0xb
 1399 001f 3E       		.uleb128 0x3e
 1400 0020 0B       		.uleb128 0xb
 1401 0021 03       		.uleb128 0x3
 1402 0022 08       		.uleb128 0x8
 1403 0023 00       		.byte	0
 1404 0024 00       		.byte	0
 1405 0025 04       		.uleb128 0x4
 1406 0026 16       		.uleb128 0x16
 1407 0027 00       		.byte	0
 1408 0028 03       		.uleb128 0x3
 1409 0029 0E       		.uleb128 0xe
 1410 002a 3A       		.uleb128 0x3a
 1411 002b 0B       		.uleb128 0xb
 1412 002c 3B       		.uleb128 0x3b
 1413 002d 0B       		.uleb128 0xb
 1414 002e 49       		.uleb128 0x49
 1415 002f 13       		.uleb128 0x13
 1416 0030 00       		.byte	0
 1417 0031 00       		.byte	0
 1418 0032 05       		.uleb128 0x5
 1419 0033 0F       		.uleb128 0xf
 1420 0034 00       		.byte	0
 1421 0035 0B       		.uleb128 0xb
 1422 0036 0B       		.uleb128 0xb
 1423 0037 00       		.byte	0
 1424 0038 00       		.byte	0
 1425 0039 06       		.uleb128 0x6
 1426 003a 0F       		.uleb128 0xf
 1427 003b 00       		.byte	0
 1428 003c 0B       		.uleb128 0xb
 1429 003d 0B       		.uleb128 0xb
 1430 003e 49       		.uleb128 0x49
 1431 003f 13       		.uleb128 0x13
 1432 0040 00       		.byte	0
 1433 0041 00       		.byte	0
 1434 0042 07       		.uleb128 0x7
 1435 0043 15       		.uleb128 0x15
 1436 0044 00       		.byte	0
 1437 0045 27       		.uleb128 0x27
 1438 0046 19       		.uleb128 0x19
 1439 0047 00       		.byte	0
 1440 0048 00       		.byte	0
 1441 0049 08       		.uleb128 0x8
 1442 004a 13       		.uleb128 0x13
 1443 004b 01       		.byte	0x1
 1444 004c 03       		.uleb128 0x3
 1445 004d 0E       		.uleb128 0xe
 1446 004e 0B       		.uleb128 0xb
 1447 004f 0B       		.uleb128 0xb
 1448 0050 3A       		.uleb128 0x3a
 1449 0051 0B       		.uleb128 0xb
 1450 0052 3B       		.uleb128 0x3b
 1451 0053 0B       		.uleb128 0xb
ARM GAS  C:\Users\giris\AppData\Local\Temp\ccv7JrCB.s 			page 27


 1452 0054 01       		.uleb128 0x1
 1453 0055 13       		.uleb128 0x13
 1454 0056 00       		.byte	0
 1455 0057 00       		.byte	0
 1456 0058 09       		.uleb128 0x9
 1457 0059 0D       		.uleb128 0xd
 1458 005a 00       		.byte	0
 1459 005b 03       		.uleb128 0x3
 1460 005c 0E       		.uleb128 0xe
 1461 005d 3A       		.uleb128 0x3a
 1462 005e 0B       		.uleb128 0xb
 1463 005f 3B       		.uleb128 0x3b
 1464 0060 0B       		.uleb128 0xb
 1465 0061 49       		.uleb128 0x49
 1466 0062 13       		.uleb128 0x13
 1467 0063 38       		.uleb128 0x38
 1468 0064 0B       		.uleb128 0xb
 1469 0065 00       		.byte	0
 1470 0066 00       		.byte	0
 1471 0067 0A       		.uleb128 0xa
 1472 0068 16       		.uleb128 0x16
 1473 0069 00       		.byte	0
 1474 006a 03       		.uleb128 0x3
 1475 006b 0E       		.uleb128 0xe
 1476 006c 3A       		.uleb128 0x3a
 1477 006d 0B       		.uleb128 0xb
 1478 006e 3B       		.uleb128 0x3b
 1479 006f 05       		.uleb128 0x5
 1480 0070 49       		.uleb128 0x49
 1481 0071 13       		.uleb128 0x13
 1482 0072 00       		.byte	0
 1483 0073 00       		.byte	0
 1484 0074 0B       		.uleb128 0xb
 1485 0075 13       		.uleb128 0x13
 1486 0076 01       		.byte	0x1
 1487 0077 0B       		.uleb128 0xb
 1488 0078 0B       		.uleb128 0xb
 1489 0079 3A       		.uleb128 0x3a
 1490 007a 0B       		.uleb128 0xb
 1491 007b 3B       		.uleb128 0x3b
 1492 007c 05       		.uleb128 0x5
 1493 007d 01       		.uleb128 0x1
 1494 007e 13       		.uleb128 0x13
 1495 007f 00       		.byte	0
 1496 0080 00       		.byte	0
 1497 0081 0C       		.uleb128 0xc
 1498 0082 0D       		.uleb128 0xd
 1499 0083 00       		.byte	0
 1500 0084 03       		.uleb128 0x3
 1501 0085 0E       		.uleb128 0xe
 1502 0086 3A       		.uleb128 0x3a
 1503 0087 0B       		.uleb128 0xb
 1504 0088 3B       		.uleb128 0x3b
 1505 0089 05       		.uleb128 0x5
 1506 008a 49       		.uleb128 0x49
 1507 008b 13       		.uleb128 0x13
 1508 008c 38       		.uleb128 0x38
ARM GAS  C:\Users\giris\AppData\Local\Temp\ccv7JrCB.s 			page 28


 1509 008d 0B       		.uleb128 0xb
 1510 008e 00       		.byte	0
 1511 008f 00       		.byte	0
 1512 0090 0D       		.uleb128 0xd
 1513 0091 04       		.uleb128 0x4
 1514 0092 01       		.byte	0x1
 1515 0093 0B       		.uleb128 0xb
 1516 0094 0B       		.uleb128 0xb
 1517 0095 49       		.uleb128 0x49
 1518 0096 13       		.uleb128 0x13
 1519 0097 3A       		.uleb128 0x3a
 1520 0098 0B       		.uleb128 0xb
 1521 0099 3B       		.uleb128 0x3b
 1522 009a 05       		.uleb128 0x5
 1523 009b 01       		.uleb128 0x1
 1524 009c 13       		.uleb128 0x13
 1525 009d 00       		.byte	0
 1526 009e 00       		.byte	0
 1527 009f 0E       		.uleb128 0xe
 1528 00a0 28       		.uleb128 0x28
 1529 00a1 00       		.byte	0
 1530 00a2 03       		.uleb128 0x3
 1531 00a3 0E       		.uleb128 0xe
 1532 00a4 1C       		.uleb128 0x1c
 1533 00a5 0B       		.uleb128 0xb
 1534 00a6 00       		.byte	0
 1535 00a7 00       		.byte	0
 1536 00a8 0F       		.uleb128 0xf
 1537 00a9 0D       		.uleb128 0xd
 1538 00aa 00       		.byte	0
 1539 00ab 03       		.uleb128 0x3
 1540 00ac 08       		.uleb128 0x8
 1541 00ad 3A       		.uleb128 0x3a
 1542 00ae 0B       		.uleb128 0xb
 1543 00af 3B       		.uleb128 0x3b
 1544 00b0 05       		.uleb128 0x5
 1545 00b1 49       		.uleb128 0x49
 1546 00b2 13       		.uleb128 0x13
 1547 00b3 38       		.uleb128 0x38
 1548 00b4 0B       		.uleb128 0xb
 1549 00b5 00       		.byte	0
 1550 00b6 00       		.byte	0
 1551 00b7 10       		.uleb128 0x10
 1552 00b8 13       		.uleb128 0x13
 1553 00b9 01       		.byte	0x1
 1554 00ba 03       		.uleb128 0x3
 1555 00bb 0E       		.uleb128 0xe
 1556 00bc 0B       		.uleb128 0xb
 1557 00bd 0B       		.uleb128 0xb
 1558 00be 3A       		.uleb128 0x3a
 1559 00bf 0B       		.uleb128 0xb
 1560 00c0 3B       		.uleb128 0x3b
 1561 00c1 05       		.uleb128 0x5
 1562 00c2 01       		.uleb128 0x1
 1563 00c3 13       		.uleb128 0x13
 1564 00c4 00       		.byte	0
 1565 00c5 00       		.byte	0
ARM GAS  C:\Users\giris\AppData\Local\Temp\ccv7JrCB.s 			page 29


 1566 00c6 11       		.uleb128 0x11
 1567 00c7 01       		.uleb128 0x1
 1568 00c8 01       		.byte	0x1
 1569 00c9 49       		.uleb128 0x49
 1570 00ca 13       		.uleb128 0x13
 1571 00cb 01       		.uleb128 0x1
 1572 00cc 13       		.uleb128 0x13
 1573 00cd 00       		.byte	0
 1574 00ce 00       		.byte	0
 1575 00cf 12       		.uleb128 0x12
 1576 00d0 21       		.uleb128 0x21
 1577 00d1 00       		.byte	0
 1578 00d2 00       		.byte	0
 1579 00d3 00       		.byte	0
 1580 00d4 13       		.uleb128 0x13
 1581 00d5 26       		.uleb128 0x26
 1582 00d6 00       		.byte	0
 1583 00d7 49       		.uleb128 0x49
 1584 00d8 13       		.uleb128 0x13
 1585 00d9 00       		.byte	0
 1586 00da 00       		.byte	0
 1587 00db 14       		.uleb128 0x14
 1588 00dc 21       		.uleb128 0x21
 1589 00dd 00       		.byte	0
 1590 00de 49       		.uleb128 0x49
 1591 00df 13       		.uleb128 0x13
 1592 00e0 2F       		.uleb128 0x2f
 1593 00e1 0B       		.uleb128 0xb
 1594 00e2 00       		.byte	0
 1595 00e3 00       		.byte	0
 1596 00e4 15       		.uleb128 0x15
 1597 00e5 34       		.uleb128 0x34
 1598 00e6 00       		.byte	0
 1599 00e7 03       		.uleb128 0x3
 1600 00e8 0E       		.uleb128 0xe
 1601 00e9 3A       		.uleb128 0x3a
 1602 00ea 0B       		.uleb128 0xb
 1603 00eb 3B       		.uleb128 0x3b
 1604 00ec 05       		.uleb128 0x5
 1605 00ed 49       		.uleb128 0x49
 1606 00ee 13       		.uleb128 0x13
 1607 00ef 02       		.uleb128 0x2
 1608 00f0 18       		.uleb128 0x18
 1609 00f1 00       		.byte	0
 1610 00f2 00       		.byte	0
 1611 00f3 16       		.uleb128 0x16
 1612 00f4 34       		.uleb128 0x34
 1613 00f5 00       		.byte	0
 1614 00f6 03       		.uleb128 0x3
 1615 00f7 0E       		.uleb128 0xe
 1616 00f8 3A       		.uleb128 0x3a
 1617 00f9 0B       		.uleb128 0xb
 1618 00fa 3B       		.uleb128 0x3b
 1619 00fb 0B       		.uleb128 0xb
 1620 00fc 49       		.uleb128 0x49
 1621 00fd 13       		.uleb128 0x13
 1622 00fe 3F       		.uleb128 0x3f
ARM GAS  C:\Users\giris\AppData\Local\Temp\ccv7JrCB.s 			page 30


 1623 00ff 19       		.uleb128 0x19
 1624 0100 02       		.uleb128 0x2
 1625 0101 18       		.uleb128 0x18
 1626 0102 00       		.byte	0
 1627 0103 00       		.byte	0
 1628 0104 17       		.uleb128 0x17
 1629 0105 34       		.uleb128 0x34
 1630 0106 00       		.byte	0
 1631 0107 03       		.uleb128 0x3
 1632 0108 0E       		.uleb128 0xe
 1633 0109 3A       		.uleb128 0x3a
 1634 010a 0B       		.uleb128 0xb
 1635 010b 3B       		.uleb128 0x3b
 1636 010c 05       		.uleb128 0x5
 1637 010d 49       		.uleb128 0x49
 1638 010e 13       		.uleb128 0x13
 1639 010f 3F       		.uleb128 0x3f
 1640 0110 19       		.uleb128 0x19
 1641 0111 02       		.uleb128 0x2
 1642 0112 18       		.uleb128 0x18
 1643 0113 00       		.byte	0
 1644 0114 00       		.byte	0
 1645 0115 18       		.uleb128 0x18
 1646 0116 34       		.uleb128 0x34
 1647 0117 00       		.byte	0
 1648 0118 03       		.uleb128 0x3
 1649 0119 0E       		.uleb128 0xe
 1650 011a 3A       		.uleb128 0x3a
 1651 011b 0B       		.uleb128 0xb
 1652 011c 3B       		.uleb128 0x3b
 1653 011d 0B       		.uleb128 0xb
 1654 011e 49       		.uleb128 0x49
 1655 011f 13       		.uleb128 0x13
 1656 0120 3F       		.uleb128 0x3f
 1657 0121 19       		.uleb128 0x19
 1658 0122 3C       		.uleb128 0x3c
 1659 0123 19       		.uleb128 0x19
 1660 0124 00       		.byte	0
 1661 0125 00       		.byte	0
 1662 0126 19       		.uleb128 0x19
 1663 0127 21       		.uleb128 0x21
 1664 0128 00       		.byte	0
 1665 0129 49       		.uleb128 0x49
 1666 012a 13       		.uleb128 0x13
 1667 012b 2F       		.uleb128 0x2f
 1668 012c 05       		.uleb128 0x5
 1669 012d 00       		.byte	0
 1670 012e 00       		.byte	0
 1671 012f 00       		.byte	0
 1672              		.section	.debug_aranges,"",%progbits
 1673 0000 14000000 		.4byte	0x14
 1674 0004 0200     		.2byte	0x2
 1675 0006 00000000 		.4byte	.Ldebug_info0
 1676 000a 04       		.byte	0x4
 1677 000b 00       		.byte	0
 1678 000c 0000     		.2byte	0
 1679 000e 0000     		.2byte	0
ARM GAS  C:\Users\giris\AppData\Local\Temp\ccv7JrCB.s 			page 31


 1680 0010 00000000 		.4byte	0
 1681 0014 00000000 		.4byte	0
 1682              		.section	.debug_line,"",%progbits
 1683              	.Ldebug_line0:
 1684 0000 28010000 		.section	.debug_str,"MS",%progbits,1
 1684      02002201 
 1684      00000201 
 1684      FB0E0D00 
 1684      01010101 
 1685              	.LASF46:
 1686 0000 6E657874 		.ascii	"next\000"
 1686      00
 1687              	.LASF83:
 1688 0005 45455F74 		.ascii	"EE_th_terminate_nextask\000"
 1688      685F7465 
 1688      726D696E 
 1688      6174655F 
 1688      6E657874 
 1689              	.LASF24:
 1690 001d 5469636B 		.ascii	"TickType\000"
 1690      54797065 
 1690      00
 1691              	.LASF84:
 1692 0026 45455F73 		.ascii	"EE_stkfirst\000"
 1692      746B6669 
 1692      72737400 
 1693              	.LASF26:
 1694 0032 41637469 		.ascii	"ActionType\000"
 1694      6F6E5479 
 1694      706500
 1695              	.LASF19:
 1696 003d 45455F54 		.ascii	"EE_TYPEBOOL\000"
 1696      59504542 
 1696      4F4F4C00 
 1697              	.LASF109:
 1698 0049 45455F63 		.ascii	"EE_cortex_mx_IRQ_tos\000"
 1698      6F727465 
 1698      785F6D78 
 1698      5F495251 
 1698      5F746F73 
 1699              	.LASF7:
 1700 005e 6C6F6E67 		.ascii	"long long unsigned int\000"
 1700      206C6F6E 
 1700      6720756E 
 1700      7369676E 
 1700      65642069 
 1701              	.LASF45:
 1702 0075 64656C74 		.ascii	"delta\000"
 1702      6100
 1703              	.LASF113:
 1704 007b 47656E65 		.ascii	"Generated_Source\\PSoC5\\ErikaOS_eecfg.c\000"
 1704      72617465 
 1704      645F536F 
 1704      75726365 
 1704      5C50536F 
 1705              	.LASF42:
 1706 00a2 45455F6F 		.ascii	"EE_oo_counter_object_ROM_type\000"
ARM GAS  C:\Users\giris\AppData\Local\Temp\ccv7JrCB.s 			page 32


 1706      6F5F636F 
 1706      756E7465 
 1706      725F6F62 
 1706      6A656374 
 1707              	.LASF89:
 1708 00c0 45455F72 		.ascii	"EE_rq_pairs_next\000"
 1708      715F7061 
 1708      6972735F 
 1708      6E657874 
 1708      00
 1709              	.LASF22:
 1710 00d1 5461736B 		.ascii	"TaskType\000"
 1710      54797065 
 1710      00
 1711              	.LASF61:
 1712 00da 45455F54 		.ascii	"EE_TOS\000"
 1712      4F5300
 1713              	.LASF29:
 1714 00e1 6D617861 		.ascii	"maxallowedvalue\000"
 1714      6C6C6F77 
 1714      65647661 
 1714      6C756500 
 1715              	.LASF115:
 1716 00f1 45455F6F 		.ascii	"EE_oo_autostart_task_mode_OSDEFAULTAPPMODE\000"
 1716      6F5F6175 
 1716      746F7374 
 1716      6172745F 
 1716      7461736B 
 1717              	.LASF79:
 1718 011c 45455F41 		.ascii	"EE_ALARM_ID\000"
 1718      4C41524D 
 1718      5F494400 
 1719              	.LASF6:
 1720 0128 6C6F6E67 		.ascii	"long long int\000"
 1720      206C6F6E 
 1720      6720696E 
 1720      7400
 1721              	.LASF0:
 1722 0136 7369676E 		.ascii	"signed char\000"
 1722      65642063 
 1722      68617200 
 1723              	.LASF52:
 1724 0142 45455F6F 		.ascii	"EE_oo_action_kind_type\000"
 1724      6F5F6163 
 1724      74696F6E 
 1724      5F6B696E 
 1724      645F7479 
 1725              	.LASF23:
 1726 0159 4576656E 		.ascii	"EventMaskType\000"
 1726      744D6173 
 1726      6B547970 
 1726      6500
 1727              	.LASF76:
 1728 0167 45455F45 		.ascii	"EE_EVENT_NAME\000"
 1728      56454E54 
 1728      5F4E414D 
 1728      4500
ARM GAS  C:\Users\giris\AppData\Local\Temp\ccv7JrCB.s 			page 33


 1729              	.LASF100:
 1730 0175 45455F61 		.ascii	"EE_alarm_ROM\000"
 1730      6C61726D 
 1730      5F524F4D 
 1730      00
 1731              	.LASF70:
 1732 0182 45455F63 		.ascii	"EE_cortex_mx_active_tos\000"
 1732      6F727465 
 1732      785F6D78 
 1732      5F616374 
 1732      6976655F 
 1733              	.LASF35:
 1734 019a 45455F6F 		.ascii	"EE_oo_counter_RAM_type\000"
 1734      6F5F636F 
 1734      756E7465 
 1734      725F5241 
 1734      4D5F7479 
 1735              	.LASF78:
 1736 01b1 45455F45 		.ascii	"EE_EVENT_ID\000"
 1736      56454E54 
 1736      5F494400 
 1737              	.LASF4:
 1738 01bd 6C6F6E67 		.ascii	"long int\000"
 1738      20696E74 
 1738      00
 1739              	.LASF87:
 1740 01c6 45455F72 		.ascii	"EE_rq_queues_head\000"
 1740      715F7175 
 1740      65756573 
 1740      5F686561 
 1740      6400
 1741              	.LASF105:
 1742 01d8 45455F6F 		.ascii	"EE_oo_IRQ_suspend_status\000"
 1742      6F5F4952 
 1742      515F7375 
 1742      7370656E 
 1742      645F7374 
 1743              	.LASF107:
 1744 01f1 45455F73 		.ascii	"EE_std_endcycle_next_tid\000"
 1744      74645F65 
 1744      6E646379 
 1744      636C655F 
 1744      6E657874 
 1745              	.LASF31:
 1746 020a 6D696E63 		.ascii	"mincycle\000"
 1746      79636C65 
 1746      00
 1747              	.LASF20:
 1748 0213 45455F54 		.ascii	"EE_TID\000"
 1748      494400
 1749              	.LASF33:
 1750 021a 76616C75 		.ascii	"value\000"
 1750      6500
 1751              	.LASF114:
 1752 0220 433A5C55 		.ascii	"C:\\Users\\giris\\OneDrive\\Documents\\PSoC Creator"
 1752      73657273 
 1752      5C676972 
ARM GAS  C:\Users\giris\AppData\Local\Temp\ccv7JrCB.s 			page 34


 1752      69735C4F 
 1752      6E654472 
 1753 024e 5C454141 		.ascii	"\\EAA\\Assignment2.cydsn\000"
 1753      5C417373 
 1753      69676E6D 
 1753      656E7432 
 1753      2E637964 
 1754              	.LASF8:
 1755 0265 756E7369 		.ascii	"unsigned int\000"
 1755      676E6564 
 1755      20696E74 
 1755      00
 1756              	.LASF16:
 1757 0272 45455F55 		.ascii	"EE_UREG\000"
 1757      52454700 
 1758              	.LASF60:
 1759 027a 45455F6F 		.ascii	"EE_oo_alarm_ROM_type\000"
 1759      6F5F616C 
 1759      61726D5F 
 1759      524F4D5F 
 1759      74797065 
 1760              	.LASF77:
 1761 028f 45455F41 		.ascii	"EE_ALARM_NAME\000"
 1761      4C41524D 
 1761      5F4E414D 
 1761      4500
 1762              	.LASF5:
 1763 029d 6C6F6E67 		.ascii	"long unsigned int\000"
 1763      20756E73 
 1763      69676E65 
 1763      6420696E 
 1763      7400
 1764              	.LASF95:
 1765 02af 45455F74 		.ascii	"EE_th_waswaiting\000"
 1765      685F7761 
 1765      73776169 
 1765      74696E67 
 1765      00
 1766              	.LASF62:
 1767 02c0 45455F6F 		.ascii	"EE_oo_autostart_task_type\000"
 1767      6F5F6175 
 1767      746F7374 
 1767      6172745F 
 1767      7461736B 
 1768              	.LASF41:
 1769 02da 6B696E64 		.ascii	"kind\000"
 1769      00
 1770              	.LASF3:
 1771 02df 73686F72 		.ascii	"short unsigned int\000"
 1771      7420756E 
 1771      7369676E 
 1771      65642069 
 1771      6E7400
 1772              	.LASF104:
 1773 02f2 45455F6F 		.ascii	"EE_oo_IRQ_disable_count\000"
 1773      6F5F4952 
 1773      515F6469 
ARM GAS  C:\Users\giris\AppData\Local\Temp\ccv7JrCB.s 			page 35


 1773      7361626C 
 1773      655F636F 
 1774              	.LASF38:
 1775 030a 45455F6F 		.ascii	"EE_oo_counter_object_kind_type\000"
 1775      6F5F636F 
 1775      756E7465 
 1775      725F6F62 
 1775      6A656374 
 1776              	.LASF80:
 1777 0329 45455F74 		.ascii	"EE_th_status\000"
 1777      685F7374 
 1777      61747573 
 1777      00
 1778              	.LASF39:
 1779 0336 436F756E 		.ascii	"CounterObjectKindType\000"
 1779      7465724F 
 1779      626A6563 
 1779      744B696E 
 1779      64547970 
 1780              	.LASF73:
 1781 034c 45455F74 		.ascii	"EE_th_dispatch_prio\000"
 1781      685F6469 
 1781      73706174 
 1781      63685F70 
 1781      72696F00 
 1782              	.LASF110:
 1783 0360 45455F63 		.ascii	"EE_cortex_mx_stack_4\000"
 1783      6F727465 
 1783      785F6D78 
 1783      5F737461 
 1783      636B5F34 
 1784              	.LASF111:
 1785 0375 45455F63 		.ascii	"EE_cortex_mx_stack_9\000"
 1785      6F727465 
 1785      785F6D78 
 1785      5F737461 
 1785      636B5F39 
 1786              	.LASF14:
 1787 038a 45455F56 		.ascii	"EE_VOID_CALLBACK\000"
 1787      4F49445F 
 1787      43414C4C 
 1787      4241434B 
 1787      00
 1788              	.LASF27:
 1789 039b 436F756E 		.ascii	"CounterType\000"
 1789      74657254 
 1789      79706500 
 1790              	.LASF98:
 1791 03a7 45455F6F 		.ascii	"EE_oo_counter_object_ROM\000"
 1791      6F5F636F 
 1791      756E7465 
 1791      725F6F62 
 1791      6A656374 
 1792              	.LASF59:
 1793 03c0 61637469 		.ascii	"action_id\000"
 1793      6F6E5F69 
 1793      6400
ARM GAS  C:\Users\giris\AppData\Local\Temp\ccv7JrCB.s 			page 36


 1794              	.LASF106:
 1795 03ca 45455F41 		.ascii	"EE_ApplicationMode\000"
 1795      70706C69 
 1795      63617469 
 1795      6F6E4D6F 
 1795      646500
 1796              	.LASF99:
 1797 03dd 45455F6F 		.ascii	"EE_oo_action_ROM\000"
 1797      6F5F6163 
 1797      74696F6E 
 1797      5F524F4D 
 1797      00
 1798              	.LASF21:
 1799 03ee 45455F54 		.ascii	"EE_TYPE_RQ_MASK\000"
 1799      5950455F 
 1799      52515F4D 
 1799      41534B00 
 1800              	.LASF64:
 1801 03fe 73697A65 		.ascii	"sizetype\000"
 1801      74797065 
 1801      00
 1802              	.LASF9:
 1803 0407 6C6F6E67 		.ascii	"long double\000"
 1803      20646F75 
 1803      626C6500 
 1804              	.LASF92:
 1805 0413 45455F72 		.ascii	"EE_rq_free\000"
 1805      715F6672 
 1805      656500
 1806              	.LASF86:
 1807 041e 45455F72 		.ascii	"EE_rq_link\000"
 1807      715F6C69 
 1807      6E6B00
 1808              	.LASF17:
 1809 0429 45455F53 		.ascii	"EE_SREG\000"
 1809      52454700 
 1810              	.LASF30:
 1811 0431 7469636B 		.ascii	"ticksperbase\000"
 1811      73706572 
 1811      62617365 
 1811      00
 1812              	.LASF43:
 1813 043e 75736564 		.ascii	"used\000"
 1813      00
 1814              	.LASF47:
 1815 0443 45455F6F 		.ascii	"EE_oo_counter_object_RAM_type\000"
 1815      6F5F636F 
 1815      756E7465 
 1815      725F6F62 
 1815      6A656374 
 1816              	.LASF97:
 1817 0461 45455F63 		.ascii	"EE_counter_ROM\000"
 1817      6F756E74 
 1817      65725F52 
 1817      4F4D00
 1818              	.LASF58:
 1819 0470 45455F6F 		.ascii	"EE_oo_action_ROM_type\000"
ARM GAS  C:\Users\giris\AppData\Local\Temp\ccv7JrCB.s 			page 37


 1819      6F5F6163 
 1819      74696F6E 
 1819      5F524F4D 
 1819      5F747970 
 1820              	.LASF10:
 1821 0486 45455F55 		.ascii	"EE_UINT16\000"
 1821      494E5431 
 1821      3600
 1822              	.LASF37:
 1823 0490 45455F53 		.ascii	"EE_SCHEDULETABLE\000"
 1823      43484544 
 1823      554C4554 
 1823      41424C45 
 1823      00
 1824              	.LASF69:
 1825 04a1 45455F63 		.ascii	"EE_cortex_mx_system_tos\000"
 1825      6F727465 
 1825      785F6D78 
 1825      5F737973 
 1825      74656D5F 
 1826              	.LASF1:
 1827 04b9 756E7369 		.ascii	"unsigned char\000"
 1827      676E6564 
 1827      20636861 
 1827      7200
 1828              	.LASF36:
 1829 04c7 45455F41 		.ascii	"EE_ALARM\000"
 1829      4C41524D 
 1829      00
 1830              	.LASF81:
 1831 04d0 45455F74 		.ascii	"EE_th_next\000"
 1831      685F6E65 
 1831      787400
 1832              	.LASF68:
 1833 04db 45455F74 		.ascii	"EE_terminate_real_th_body\000"
 1833      65726D69 
 1833      6E617465 
 1833      5F726561 
 1833      6C5F7468 
 1834              	.LASF57:
 1835 04f5 696E6363 		.ascii	"inccount\000"
 1835      6F756E74 
 1835      00
 1836              	.LASF2:
 1837 04fe 73686F72 		.ascii	"short int\000"
 1837      7420696E 
 1837      7400
 1838              	.LASF94:
 1839 0508 45455F74 		.ascii	"EE_th_event_waitmask\000"
 1839      685F6576 
 1839      656E745F 
 1839      77616974 
 1839      6D61736B 
 1840              	.LASF75:
 1841 051d 45455F54 		.ascii	"EE_TASK_NAME\000"
 1841      41534B5F 
 1841      4E414D45 
ARM GAS  C:\Users\giris\AppData\Local\Temp\ccv7JrCB.s 			page 38


 1841      00
 1842              	.LASF32:
 1843 052a 45455F6F 		.ascii	"EE_oo_counter_ROM_type\000"
 1843      6F5F636F 
 1843      756E7465 
 1843      725F524F 
 1843      4D5F7479 
 1844              	.LASF112:
 1845 0541 474E5520 		.ascii	"GNU C11 5.4.1 20160609 (release) [ARM/embedded-5-br"
 1845      43313120 
 1845      352E342E 
 1845      31203230 
 1845      31363036 
 1846 0574 616E6368 		.ascii	"anch revision 237715] -mcpu=cortex-m3 -mthumb -g -O"
 1846      20726576 
 1846      6973696F 
 1846      6E203233 
 1846      37373135 
 1847 05a7 67202D66 		.ascii	"g -ffunction-sections -ffat-lto-objects\000"
 1847      66756E63 
 1847      74696F6E 
 1847      2D736563 
 1847      74696F6E 
 1848              	.LASF56:
 1849 05cf 61637469 		.ascii	"action_mask\000"
 1849      6F6E5F6D 
 1849      61736B00 
 1850              	.LASF15:
 1851 05db 45455F54 		.ascii	"EE_THREAD_PTR\000"
 1851      48524541 
 1851      445F5054 
 1851      5200
 1852              	.LASF88:
 1853 05e9 45455F72 		.ascii	"EE_rq_queues_tail\000"
 1853      715F7175 
 1853      65756573 
 1853      5F746169 
 1853      6C00
 1854              	.LASF66:
 1855 05fb 45455F73 		.ascii	"EE_std_thread_tos\000"
 1855      74645F74 
 1855      68726561 
 1855      645F746F 
 1855      7300
 1856              	.LASF51:
 1857 060d 45455F41 		.ascii	"EE_ACTION_CALLBACK\000"
 1857      4354494F 
 1857      4E5F4341 
 1857      4C4C4241 
 1857      434B00
 1858              	.LASF91:
 1859 0620 45455F72 		.ascii	"EE_rq_bitmask\000"
 1859      715F6269 
 1859      746D6173 
 1859      6B00
 1860              	.LASF34:
 1861 062e 66697273 		.ascii	"first\000"
ARM GAS  C:\Users\giris\AppData\Local\Temp\ccv7JrCB.s 			page 39


 1861      7400
 1862              	.LASF25:
 1863 0634 436F756E 		.ascii	"CounterObjectType\000"
 1863      7465724F 
 1863      626A6563 
 1863      74547970 
 1863      6500
 1864              	.LASF74:
 1865 0646 63686172 		.ascii	"char\000"
 1865      00
 1866              	.LASF48:
 1867 064b 45455F41 		.ascii	"EE_ACTION_TASK\000"
 1867      4354494F 
 1867      4E5F5441 
 1867      534B00
 1868              	.LASF71:
 1869 065a 45455F74 		.ascii	"EE_th_rnact_max\000"
 1869      685F726E 
 1869      6163745F 
 1869      6D617800 
 1870              	.LASF50:
 1871 066a 45455F41 		.ascii	"EE_ACTION_COUNTER\000"
 1871      4354494F 
 1871      4E5F434F 
 1871      554E5445 
 1871      5200
 1872              	.LASF101:
 1873 067c 45455F63 		.ascii	"EE_counter_RAM\000"
 1873      6F756E74 
 1873      65725F52 
 1873      414D00
 1874              	.LASF40:
 1875 068b 73706563 		.ascii	"spec_id\000"
 1875      5F696400 
 1876              	.LASF49:
 1877 0693 45455F41 		.ascii	"EE_ACTION_EVENT\000"
 1877      4354494F 
 1877      4E5F4556 
 1877      454E5400 
 1878              	.LASF65:
 1879 06a3 45455F68 		.ascii	"EE_hal_thread_body\000"
 1879      616C5F74 
 1879      68726561 
 1879      645F626F 
 1879      647900
 1880              	.LASF85:
 1881 06b6 45455F73 		.ascii	"EE_sys_ceiling\000"
 1881      79735F63 
 1881      65696C69 
 1881      6E6700
 1882              	.LASF54:
 1883 06c5 61637469 		.ascii	"action_kind\000"
 1883      6F6E5F6B 
 1883      696E6400 
 1884              	.LASF63:
 1885 06d1 7461736B 		.ascii	"task\000"
 1885      00
ARM GAS  C:\Users\giris\AppData\Local\Temp\ccv7JrCB.s 			page 40


 1886              	.LASF102:
 1887 06d6 45455F6F 		.ascii	"EE_oo_counter_object_RAM\000"
 1887      6F5F636F 
 1887      756E7465 
 1887      725F6F62 
 1887      6A656374 
 1888              	.LASF53:
 1889 06ef 41637469 		.ascii	"ActionKindType\000"
 1889      6F6E4B69 
 1889      6E645479 
 1889      706500
 1890              	.LASF72:
 1891 06fe 45455F74 		.ascii	"EE_th_ready_prio\000"
 1891      685F7265 
 1891      6164795F 
 1891      7072696F 
 1891      00
 1892              	.LASF82:
 1893 070f 45455F74 		.ascii	"EE_th_rnact\000"
 1893      685F726E 
 1893      61637400 
 1894              	.LASF90:
 1895 071b 45455F72 		.ascii	"EE_rq_pairs_tid\000"
 1895      715F7061 
 1895      6972735F 
 1895      74696400 
 1896              	.LASF108:
 1897 072b 45455F49 		.ascii	"EE_IRQ_nesting_level\000"
 1897      52515F6E 
 1897      65737469 
 1897      6E675F6C 
 1897      6576656C 
 1898              	.LASF12:
 1899 0740 45455F55 		.ascii	"EE_UINT32\000"
 1899      494E5433 
 1899      3200
 1900              	.LASF11:
 1901 074a 45455F49 		.ascii	"EE_INT32\000"
 1901      4E543332 
 1901      00
 1902              	.LASF67:
 1903 0753 45455F74 		.ascii	"EE_terminate_data\000"
 1903      65726D69 
 1903      6E617465 
 1903      5F646174 
 1903      6100
 1904              	.LASF93:
 1905 0765 45455F74 		.ascii	"EE_th_event_active\000"
 1905      685F6576 
 1905      656E745F 
 1905      61637469 
 1905      766500
 1906              	.LASF44:
 1907 0778 636E7463 		.ascii	"cntcycle\000"
 1907      79636C65 
 1907      00
 1908              	.LASF28:
ARM GAS  C:\Users\giris\AppData\Local\Temp\ccv7JrCB.s 			page 41


 1909 0781 5359535F 		.ascii	"SYS_tos\000"
 1909      746F7300 
 1910              	.LASF55:
 1911 0789 61637469 		.ascii	"action_task\000"
 1911      6F6E5F74 
 1911      61736B00 
 1912              	.LASF13:
 1913 0795 45455F41 		.ascii	"EE_ADDR\000"
 1913      44445200 
 1914              	.LASF96:
 1915 079d 45455F74 		.ascii	"EE_th_is_extended\000"
 1915      685F6973 
 1915      5F657874 
 1915      656E6465 
 1915      6400
 1916              	.LASF18:
 1917 07af 45455F46 		.ascii	"EE_FREG\000"
 1917      52454700 
 1918              	.LASF103:
 1919 07b7 45455F6F 		.ascii	"EE_oo_autostart_task_data\000"
 1919      6F5F6175 
 1919      746F7374 
 1919      6172745F 
 1919      7461736B 
 1920              		.ident	"GCC: (GNU Tools for ARM Embedded Processors) 5.4.1 20160609 (release) [ARM/embedded-5-bran
