ARM GAS  C:\Users\giris\AppData\Local\Temp\ccHDo7tl.s 			page 1


   1              		.syntax unified
   2              		.cpu cortex-m3
   3              		.fpu softvfp
   4              		.eabi_attribute 20, 1
   5              		.eabi_attribute 21, 1
   6              		.eabi_attribute 23, 3
   7              		.eabi_attribute 24, 1
   8              		.eabi_attribute 25, 1
   9              		.eabi_attribute 26, 1
  10              		.eabi_attribute 30, 1
  11              		.eabi_attribute 34, 1
  12              		.eabi_attribute 18, 4
  13              		.thumb
  14              		.syntax unified
  15              		.file	"sc_display_type.c"
  16              		.text
  17              	.Ltext0:
  18              		.cfi_sections	.debug_frame
  19              		.section	.text.SC_DISPLAY_driverOut,"ax",%progbits
  20              		.align	2
  21              		.global	SC_DISPLAY_driverOut
  22              		.thumb
  23              		.thumb_func
  24              		.type	SC_DISPLAY_driverOut, %function
  25              	SC_DISPLAY_driverOut:
  26              	.LFB144:
  27              		.file 1 "source\\rte\\sc_display_type.c"
   1:source\rte/sc_display_type.c **** /*
   2:source\rte/sc_display_type.c ****  * Filename: sc_display_type.c
   3:source\rte/sc_display_type.c ****  *
   4:source\rte/sc_display_type.c ****  * Author: Autogenerated by H-DA RTE Generator, (c) Prof. Fromm
   5:source\rte/sc_display_type.c ****  *
   6:source\rte/sc_display_type.c ****  * description: Signalclass
   7:source\rte/sc_display_type.c ****  * name: sc_display
   8:source\rte/sc_display_type.c ****  * shortname: display
   9:source\rte/sc_display_type.c ****  *
  10:source\rte/sc_display_type.c ****  */
  11:source\rte/sc_display_type.c **** 
  12:source\rte/sc_display_type.c **** #include "project.h"
  13:source\rte/sc_display_type.c **** #include "global.h"
  14:source\rte/sc_display_type.c **** #include "rte.h"
  15:source\rte/sc_display_type.c **** #include "rte_types.h"
  16:source\rte/sc_display_type.c **** #include "sc_display_type.h"
  17:source\rte/sc_display_type.c **** 
  18:source\rte/sc_display_type.c **** 
  19:source\rte/sc_display_type.c **** 
  20:source\rte/sc_display_type.c **** /* USER CODE START SC_DISPLAY_INCLUDE */
  21:source\rte/sc_display_type.c **** #include "stdlib.h"
  22:source\rte/sc_display_type.c **** #include "sp_common.h"
  23:source\rte/sc_display_type.c **** /* USER CODE END SC_DISPLAY_INCLUDE */
  24:source\rte/sc_display_type.c **** 
  25:source\rte/sc_display_type.c **** 
  26:source\rte/sc_display_type.c **** 
  27:source\rte/sc_display_type.c **** 
  28:source\rte/sc_display_type.c **** /* USER CODE START SC_DISPLAY_USERDEFINITIONS */
  29:source\rte/sc_display_type.c **** 
  30:source\rte/sc_display_type.c **** /* USER CODE END SC_DISPLAY_USERDEFINITIONS */
ARM GAS  C:\Users\giris\AppData\Local\Temp\ccHDo7tl.s 			page 2


  31:source\rte/sc_display_type.c **** 
  32:source\rte/sc_display_type.c **** 
  33:source\rte/sc_display_type.c **** /*****************************************************************************************
  34:source\rte/sc_display_type.c ****  *************** Port Wrapper Implementation for SC_DISPLAY signal  ****************
  35:source\rte/sc_display_type.c ****  *****************************************************************************************/
  36:source\rte/sc_display_type.c ****  
  37:source\rte/sc_display_type.c ****  
  38:source\rte/sc_display_type.c **** /**
  39:source\rte/sc_display_type.c ****  * Default OUT driver API
  40:source\rte/sc_display_type.c ****  */
  41:source\rte/sc_display_type.c **** inline RC_t SC_DISPLAY_driverOut(const SC_DISPLAY_data_t  *const data)
  42:source\rte/sc_display_type.c **** {
  28              		.loc 1 42 0
  29              		.cfi_startproc
  30              		@ args = 0, pretend = 0, frame = 128
  31              		@ frame_needed = 0, uses_anonymous_args = 0
  32              	.LVL0:
  33 0000 2DE9F043 		push	{r4, r5, r6, r7, r8, r9, lr}
  34              		.cfi_def_cfa_offset 28
  35              		.cfi_offset 4, -28
  36              		.cfi_offset 5, -24
  37              		.cfi_offset 6, -20
  38              		.cfi_offset 7, -16
  39              		.cfi_offset 8, -12
  40              		.cfi_offset 9, -8
  41              		.cfi_offset 14, -4
  42 0004 A5B0     		sub	sp, sp, #148
  43              		.cfi_def_cfa_offset 176
  44 0006 0446     		mov	r4, r0
  45              	.LVL1:
  43:source\rte/sc_display_type.c **** 	/* USER CODE START driverOutSC_DISPLAY */
  44:source\rte/sc_display_type.c ****     
  45:source\rte/sc_display_type.c ****     char blinker    =   ':';
  46:source\rte/sc_display_type.c ****     static uint8_t toggle   =   0;
  47:source\rte/sc_display_type.c ****     static uint16_t blinker_count    =   0;
  48:source\rte/sc_display_type.c ****     
  49:source\rte/sc_display_type.c ****     uint16_t local_hour_value    =   data->hour.value;
  46              		.loc 1 49 0
  47 0008 867A     		ldrb	r6, [r0, #10]	@ zero_extendqisi2
  48              	.LVL2:
  50:source\rte/sc_display_type.c ****     uint16_t local_minute_value  =   data->minute.value;
  49              		.loc 1 50 0
  50 000a 857D     		ldrb	r5, [r0, #22]	@ zero_extendqisi2
  51              	.LVL3:
  51:source\rte/sc_display_type.c ****     
  52:source\rte/sc_display_type.c ****     TFT_colors_t    bg_color_hour    =   data->hour.font_type.bg_colour;
  52              		.loc 1 52 0
  53 000c B0F80490 		ldrh	r9, [r0, #4]
  54              	.LVL4:
  53:source\rte/sc_display_type.c ****     TFT_colors_t    txt_color_hour   =   data->hour.font_type.widget_colour;
  55              		.loc 1 53 0
  56 0010 B0F80680 		ldrh	r8, [r0, #6]
  57              	.LVL5:
  54:source\rte/sc_display_type.c ****     
  55:source\rte/sc_display_type.c ****     uint16_t    hour_size   =   data->hour.font_type.size;
  58              		.loc 1 55 0
  59 0014 8778     		ldrb	r7, [r0, #2]	@ zero_extendqisi2
ARM GAS  C:\Users\giris\AppData\Local\Temp\ccHDo7tl.s 			page 3


  60              	.LVL6:
  56:source\rte/sc_display_type.c ****     uint16_t    hour_x_pos  =   data->hour.font_type.x_pos;
  57:source\rte/sc_display_type.c ****     uint16_t    hour_y_pos  =   data->hour.font_type.y_pos;
  58:source\rte/sc_display_type.c ****     
  59:source\rte/sc_display_type.c ****     TFT_setCursor(hour_x_pos, hour_y_pos);
  61              		.loc 1 59 0
  62 0016 417A     		ldrb	r1, [r0, #9]	@ zero_extendqisi2
  63 0018 007A     		ldrb	r0, [r0, #8]	@ zero_extendqisi2
  64              	.LVL7:
  65 001a FFF7FEFF 		bl	TFT_setCursor
  66              	.LVL8:
  60:source\rte/sc_display_type.c ****     TFT_setColors(txt_color_hour, bg_color_hour);
  67              		.loc 1 60 0
  68 001e 4946     		mov	r1, r9
  69 0020 4046     		mov	r0, r8
  70 0022 FFF7FEFF 		bl	TFT_setColors
  71              	.LVL9:
  61:source\rte/sc_display_type.c ****     TFT_setTextSize(hour_size);
  72              		.loc 1 61 0
  73 0026 3846     		mov	r0, r7
  74 0028 FFF7FEFF 		bl	TFT_setTextSize
  75              	.LVL10:
  62:source\rte/sc_display_type.c ****     
  63:source\rte/sc_display_type.c ****     TFT_colors_t    bg_color_min    =   data->minute.font_type.bg_colour;
  76              		.loc 1 63 0
  77 002c B4F81090 		ldrh	r9, [r4, #16]
  78              	.LVL11:
  64:source\rte/sc_display_type.c ****     TFT_colors_t    txt_color_min   =   data->minute.font_type.widget_colour;
  79              		.loc 1 64 0
  80 0030 B4F81280 		ldrh	r8, [r4, #18]
  81              	.LVL12:
  65:source\rte/sc_display_type.c ****     
  66:source\rte/sc_display_type.c ****     uint16_t    minute_size   =   data->minute.font_type.size;
  82              		.loc 1 66 0
  83 0034 A77B     		ldrb	r7, [r4, #14]	@ zero_extendqisi2
  84              	.LVL13:
  67:source\rte/sc_display_type.c ****     uint16_t    minute_x_pos  =   data->minute.font_type.x_pos;
  68:source\rte/sc_display_type.c ****     uint16_t    minute_y_pos  =   data->minute.font_type.y_pos;
  69:source\rte/sc_display_type.c ****     
  70:source\rte/sc_display_type.c ****     TFT_setCursor(minute_x_pos, minute_y_pos);
  85              		.loc 1 70 0
  86 0036 617D     		ldrb	r1, [r4, #21]	@ zero_extendqisi2
  87 0038 207D     		ldrb	r0, [r4, #20]	@ zero_extendqisi2
  88 003a FFF7FEFF 		bl	TFT_setCursor
  89              	.LVL14:
  71:source\rte/sc_display_type.c ****     TFT_setColors(txt_color_min, bg_color_min);
  90              		.loc 1 71 0
  91 003e 4946     		mov	r1, r9
  92 0040 4046     		mov	r0, r8
  93 0042 FFF7FEFF 		bl	TFT_setColors
  94              	.LVL15:
  72:source\rte/sc_display_type.c ****     TFT_setTextSize(minute_size);
  95              		.loc 1 72 0
  96 0046 3846     		mov	r0, r7
  97 0048 FFF7FEFF 		bl	TFT_setTextSize
  98              	.LVL16:
  73:source\rte/sc_display_type.c ****     
ARM GAS  C:\Users\giris\AppData\Local\Temp\ccHDo7tl.s 			page 4


  74:source\rte/sc_display_type.c ****     if(toggle   ==  0)
  99              		.loc 1 74 0
 100 004c 154B     		ldr	r3, .L5
 101 004e 1B78     		ldrb	r3, [r3]	@ zero_extendqisi2
 102 0050 23B9     		cbnz	r3, .L2
  75:source\rte/sc_display_type.c ****     {
  76:source\rte/sc_display_type.c ****         blinker =   ':';
  77:source\rte/sc_display_type.c ****         toggle  =   1;
 103              		.loc 1 77 0
 104 0052 0122     		movs	r2, #1
 105 0054 134B     		ldr	r3, .L5
 106 0056 1A70     		strb	r2, [r3]
  76:source\rte/sc_display_type.c ****         toggle  =   1;
 107              		.loc 1 76 0
 108 0058 3A27     		movs	r7, #58
 109              	.LVL17:
 110 005a 03E0     		b	.L3
 111              	.LVL18:
 112              	.L2:
  78:source\rte/sc_display_type.c ****     }
  79:source\rte/sc_display_type.c ****     else
  80:source\rte/sc_display_type.c ****     {
  81:source\rte/sc_display_type.c ****         blinker =   ' ';
  82:source\rte/sc_display_type.c ****         toggle  =    0;
 113              		.loc 1 82 0
 114 005c 0022     		movs	r2, #0
 115 005e 114B     		ldr	r3, .L5
 116 0060 1A70     		strb	r2, [r3]
  81:source\rte/sc_display_type.c ****         toggle  =    0;
 117              		.loc 1 81 0
 118 0062 2027     		movs	r7, #32
 119              	.LVL19:
 120              	.L3:
 121              	.LBB2:
  83:source\rte/sc_display_type.c ****     }
  84:source\rte/sc_display_type.c **** 
  85:source\rte/sc_display_type.c ****     TFT_printf( "%d%d%c%d%d", (local_hour_value/10), (local_hour_value%10), blinker, (local_minute_
 122              		.loc 1 85 0
 123 0064 1049     		ldr	r1, .L5+4
 124 0066 A1FB0632 		umull	r3, r2, r1, r6
 125 006a D208     		lsrs	r2, r2, #3
 126 006c 02EB8200 		add	r0, r2, r2, lsl #2
 127 0070 4300     		lsls	r3, r0, #1
 128 0072 F31A     		subs	r3, r6, r3
 129 0074 A1FB0501 		umull	r0, r1, r1, r5
 130 0078 C908     		lsrs	r1, r1, #3
 131 007a 01EB8104 		add	r4, r1, r1, lsl #2
 132              	.LVL20:
 133 007e 6000     		lsls	r0, r4, #1
 134 0080 2D1A     		subs	r5, r5, r0
 135              	.LVL21:
 136 0082 ADB2     		uxth	r5, r5
 137 0084 0295     		str	r5, [sp, #8]
 138 0086 0191     		str	r1, [sp, #4]
 139 0088 0097     		str	r7, [sp]
 140 008a 9BB2     		uxth	r3, r3
 141 008c 0749     		ldr	r1, .L5+8
ARM GAS  C:\Users\giris\AppData\Local\Temp\ccHDo7tl.s 			page 5


 142 008e 04A8     		add	r0, sp, #16
 143 0090 FFF7FEFF 		bl	sprintf
 144              	.LVL22:
 145 0094 04A8     		add	r0, sp, #16
 146 0096 FFF7FEFF 		bl	TFT_print
 147              	.LVL23:
 148              	.LBE2:
  86:source\rte/sc_display_type.c **** 	//Scale application data to drive format
  87:source\rte/sc_display_type.c **** 
  88:source\rte/sc_display_type.c **** 	//Write scaled data to driver    
  89:source\rte/sc_display_type.c **** 
  90:source\rte/sc_display_type.c **** 	return RC_SUCCESS;
  91:source\rte/sc_display_type.c **** 	/* USER CODE END driverOutSC_DISPLAY */
  92:source\rte/sc_display_type.c **** }
 149              		.loc 1 92 0
 150 009a 0020     		movs	r0, #0
 151 009c 25B0     		add	sp, sp, #148
 152              		.cfi_def_cfa_offset 28
 153              		@ sp needed
 154 009e BDE8F083 		pop	{r4, r5, r6, r7, r8, r9, pc}
 155              	.LVL24:
 156              	.L6:
 157 00a2 00BF     		.align	2
 158              	.L5:
 159 00a4 00000000 		.word	.LANCHOR0
 160 00a8 CDCCCCCC 		.word	-858993459
 161 00ac 00000000 		.word	.LC0
 162              		.cfi_endproc
 163              	.LFE144:
 164              		.size	SC_DISPLAY_driverOut, .-SC_DISPLAY_driverOut
 165              		.section	.rodata.str1.4,"aMS",%progbits,1
 166              		.align	2
 167              	.LC0:
 168 0000 25642564 		.ascii	"%d%d%c%d%d\000"
 168      25632564 
 168      256400
 169              		.bss
 170              		.set	.LANCHOR0,. + 0
 171              		.type	toggle.8065, %object
 172              		.size	toggle.8065, 1
 173              	toggle.8065:
 174 0000 00       		.space	1
 175              		.text
 176              	.Letext0:
 177              		.file 2 "c:\\program files (x86)\\cypress\\psoc creator\\4.4\\psoc creator\\import\\gnu\\arm\\5.4.
 178              		.file 3 "c:\\program files (x86)\\cypress\\psoc creator\\4.4\\psoc creator\\import\\gnu\\arm\\5.4.
 179              		.file 4 "Generated_Source\\PSoC5/ErikaOS_common_ee_types.inc"
 180              		.file 5 "Generated_Source\\PSoC5/ErikaOS_cortex_mx_ee_cpu.inc"
 181              		.file 6 ".\\source\\bsw/global.h"
 182              		.file 7 ".\\source\\bsw\\tft/tft.h"
 183              		.file 8 ".\\source\\asw/clock_type.h"
 184              		.file 9 "source\\rte\\sc_display_type.h"
 185              		.file 10 "Generated_Source\\PSoC5/ErikaOS_ee_oo_intfunc.inc"
 186              		.file 11 "Generated_Source\\PSoC5/ErikaOS_cortex_mx_ee_context.inc"
 187              		.file 12 "Generated_Source\\PSoC5/ErikaOS_common_ee_primitives.inc"
 188              		.file 13 "Generated_Source\\PSoC5/core_cm3.h"
 189              		.file 14 "c:\\program files (x86)\\cypress\\psoc creator\\4.4\\psoc creator\\import\\gnu\\arm\\5.4
ARM GAS  C:\Users\giris\AppData\Local\Temp\ccHDo7tl.s 			page 6


 190              		.section	.debug_info,"",%progbits
 191              	.Ldebug_info0:
 192 0000 FB050000 		.4byte	0x5fb
 193 0004 0400     		.2byte	0x4
 194 0006 00000000 		.4byte	.Ldebug_abbrev0
 195 000a 04       		.byte	0x4
 196 000b 01       		.uleb128 0x1
 197 000c B0050000 		.4byte	.LASF117
 198 0010 0C       		.byte	0xc
 199 0011 0B030000 		.4byte	.LASF118
 200 0015 B4020000 		.4byte	.LASF119
 201 0019 00000000 		.4byte	.Ldebug_ranges0+0
 202 001d 00000000 		.4byte	0
 203 0021 00000000 		.4byte	.Ldebug_line0
 204 0025 02       		.uleb128 0x2
 205 0026 08       		.byte	0x8
 206 0027 07       		.byte	0x7
 207 0028 6C030000 		.4byte	.LASF0
 208 002c 02       		.uleb128 0x2
 209 002d 04       		.byte	0x4
 210 002e 07       		.byte	0x7
 211 002f DD010000 		.4byte	.LASF1
 212 0033 02       		.uleb128 0x2
 213 0034 01       		.byte	0x1
 214 0035 06       		.byte	0x6
 215 0036 60030000 		.4byte	.LASF2
 216 003a 03       		.uleb128 0x3
 217 003b 8F020000 		.4byte	.LASF5
 218 003f 02       		.byte	0x2
 219 0040 1D       		.byte	0x1d
 220 0041 45000000 		.4byte	0x45
 221 0045 02       		.uleb128 0x2
 222 0046 01       		.byte	0x1
 223 0047 08       		.byte	0x8
 224 0048 48030000 		.4byte	.LASF3
 225 004c 02       		.uleb128 0x2
 226 004d 02       		.byte	0x2
 227 004e 05       		.byte	0x5
 228 004f 3A000000 		.4byte	.LASF4
 229 0053 03       		.uleb128 0x3
 230 0054 E6000000 		.4byte	.LASF6
 231 0058 02       		.byte	0x2
 232 0059 2B       		.byte	0x2b
 233 005a 5E000000 		.4byte	0x5e
 234 005e 02       		.uleb128 0x2
 235 005f 02       		.byte	0x2
 236 0060 07       		.byte	0x7
 237 0061 00040000 		.4byte	.LASF7
 238 0065 03       		.uleb128 0x3
 239 0066 72040000 		.4byte	.LASF8
 240 006a 02       		.byte	0x2
 241 006b 3F       		.byte	0x3f
 242 006c 70000000 		.4byte	0x70
 243 0070 02       		.uleb128 0x2
 244 0071 04       		.byte	0x4
 245 0072 05       		.byte	0x5
 246 0073 5B020000 		.4byte	.LASF9
ARM GAS  C:\Users\giris\AppData\Local\Temp\ccHDo7tl.s 			page 7


 247 0077 02       		.uleb128 0x2
 248 0078 04       		.byte	0x4
 249 0079 07       		.byte	0x7
 250 007a F2040000 		.4byte	.LASF10
 251 007e 02       		.uleb128 0x2
 252 007f 08       		.byte	0x8
 253 0080 05       		.byte	0x5
 254 0081 03020000 		.4byte	.LASF11
 255 0085 04       		.uleb128 0x4
 256 0086 04       		.byte	0x4
 257 0087 05       		.byte	0x5
 258 0088 696E7400 		.ascii	"int\000"
 259 008c 03       		.uleb128 0x3
 260 008d 31010000 		.4byte	.LASF12
 261 0091 03       		.byte	0x3
 262 0092 18       		.byte	0x18
 263 0093 3A000000 		.4byte	0x3a
 264 0097 03       		.uleb128 0x3
 265 0098 B2030000 		.4byte	.LASF13
 266 009c 03       		.byte	0x3
 267 009d 24       		.byte	0x24
 268 009e 53000000 		.4byte	0x53
 269 00a2 03       		.uleb128 0x3
 270 00a3 64040000 		.4byte	.LASF14
 271 00a7 03       		.byte	0x3
 272 00a8 2C       		.byte	0x2c
 273 00a9 65000000 		.4byte	0x65
 274 00ad 02       		.uleb128 0x2
 275 00ae 04       		.byte	0x4
 276 00af 04       		.byte	0x4
 277 00b0 D1010000 		.4byte	.LASF15
 278 00b4 02       		.uleb128 0x2
 279 00b5 08       		.byte	0x8
 280 00b6 04       		.byte	0x4
 281 00b7 0A050000 		.4byte	.LASF16
 282 00bb 02       		.uleb128 0x2
 283 00bc 01       		.byte	0x1
 284 00bd 08       		.byte	0x8
 285 00be 2D040000 		.4byte	.LASF17
 286 00c2 02       		.uleb128 0x2
 287 00c3 08       		.byte	0x8
 288 00c4 04       		.byte	0x4
 289 00c5 B2000000 		.4byte	.LASF18
 290 00c9 02       		.uleb128 0x2
 291 00ca 04       		.byte	0x4
 292 00cb 07       		.byte	0x7
 293 00cc 74000000 		.4byte	.LASF19
 294 00d0 03       		.uleb128 0x3
 295 00d1 D4030000 		.4byte	.LASF20
 296 00d5 04       		.byte	0x4
 297 00d6 53       		.byte	0x53
 298 00d7 85000000 		.4byte	0x85
 299 00db 03       		.uleb128 0x3
 300 00dc 56030000 		.4byte	.LASF21
 301 00e0 04       		.byte	0x4
 302 00e1 54       		.byte	0x54
 303 00e2 2C000000 		.4byte	0x2c
ARM GAS  C:\Users\giris\AppData\Local\Temp\ccHDo7tl.s 			page 8


 304 00e6 03       		.uleb128 0x3
 305 00e7 05000000 		.4byte	.LASF22
 306 00eb 05       		.byte	0x5
 307 00ec 4D       		.byte	0x4d
 308 00ed DB000000 		.4byte	0xdb
 309 00f1 03       		.uleb128 0x3
 310 00f2 AA000000 		.4byte	.LASF23
 311 00f6 05       		.byte	0x5
 312 00f7 4F       		.byte	0x4f
 313 00f8 DB000000 		.4byte	0xdb
 314 00fc 03       		.uleb128 0x3
 315 00fd F1000000 		.4byte	.LASF24
 316 0101 05       		.byte	0x5
 317 0102 78       		.byte	0x78
 318 0103 D0000000 		.4byte	0xd0
 319 0107 05       		.uleb128 0x5
 320 0108 01       		.byte	0x1
 321 0109 33000000 		.4byte	0x33
 322 010d 06       		.byte	0x6
 323 010e CF       		.byte	0xcf
 324 010f B0010000 		.4byte	0x1b0
 325 0113 06       		.uleb128 0x6
 326 0114 0D000000 		.4byte	.LASF25
 327 0118 00       		.byte	0
 328 0119 07       		.uleb128 0x7
 329 011a BD040000 		.4byte	.LASF26
 330 011e 7F       		.sleb128 -1
 331 011f 07       		.uleb128 0x7
 332 0120 BB030000 		.4byte	.LASF27
 333 0124 7E       		.sleb128 -2
 334 0125 07       		.uleb128 0x7
 335 0126 9C000000 		.4byte	.LASF28
 336 012a 7D       		.sleb128 -3
 337 012b 07       		.uleb128 0x7
 338 012c 3F040000 		.4byte	.LASF29
 339 0130 7C       		.sleb128 -4
 340 0131 07       		.uleb128 0x7
 341 0132 B4010000 		.4byte	.LASF30
 342 0136 7B       		.sleb128 -5
 343 0137 07       		.uleb128 0x7
 344 0138 44000000 		.4byte	.LASF31
 345 013c 7A       		.sleb128 -6
 346 013d 07       		.uleb128 0x7
 347 013e 64020000 		.4byte	.LASF32
 348 0142 79       		.sleb128 -7
 349 0143 07       		.uleb128 0x7
 350 0144 4F040000 		.4byte	.LASF33
 351 0148 78       		.sleb128 -8
 352 0149 07       		.uleb128 0x7
 353 014a 94060000 		.4byte	.LASF34
 354 014e 77       		.sleb128 -9
 355 014f 07       		.uleb128 0x7
 356 0150 7C020000 		.4byte	.LASF35
 357 0154 76       		.sleb128 -10
 358 0155 07       		.uleb128 0x7
 359 0156 B9060000 		.4byte	.LASF36
 360 015a 75       		.sleb128 -11
ARM GAS  C:\Users\giris\AppData\Local\Temp\ccHDo7tl.s 			page 9


 361 015b 07       		.uleb128 0x7
 362 015c A4030000 		.4byte	.LASF37
 363 0160 74       		.sleb128 -12
 364 0161 07       		.uleb128 0x7
 365 0162 28050000 		.4byte	.LASF38
 366 0166 73       		.sleb128 -13
 367 0167 07       		.uleb128 0x7
 368 0168 28030000 		.4byte	.LASF39
 369 016c 72       		.sleb128 -14
 370 016d 07       		.uleb128 0x7
 371 016e 26000000 		.4byte	.LASF40
 372 0172 71       		.sleb128 -15
 373 0173 07       		.uleb128 0x7
 374 0174 99020000 		.4byte	.LASF41
 375 0178 70       		.sleb128 -16
 376 0179 07       		.uleb128 0x7
 377 017a 96040000 		.4byte	.LASF42
 378 017e 6F       		.sleb128 -17
 379 017f 07       		.uleb128 0x7
 380 0180 55000000 		.4byte	.LASF43
 381 0184 6E       		.sleb128 -18
 382 0185 07       		.uleb128 0x7
 383 0186 37020000 		.4byte	.LASF44
 384 018a 6D       		.sleb128 -19
 385 018b 07       		.uleb128 0x7
 386 018c AA040000 		.4byte	.LASF45
 387 0190 6C       		.sleb128 -20
 388 0191 07       		.uleb128 0x7
 389 0192 F9020000 		.4byte	.LASF46
 390 0196 6B       		.sleb128 -21
 391 0197 07       		.uleb128 0x7
 392 0198 6E050000 		.4byte	.LASF47
 393 019c 6A       		.sleb128 -22
 394 019d 07       		.uleb128 0x7
 395 019e 39010000 		.4byte	.LASF48
 396 01a2 69       		.sleb128 -23
 397 01a3 07       		.uleb128 0x7
 398 01a4 4A020000 		.4byte	.LASF49
 399 01a8 68       		.sleb128 -24
 400 01a9 07       		.uleb128 0x7
 401 01aa EA010000 		.4byte	.LASF50
 402 01ae 67       		.sleb128 -25
 403 01af 00       		.byte	0
 404 01b0 03       		.uleb128 0x3
 405 01b1 AA060000 		.4byte	.LASF51
 406 01b5 06       		.byte	0x6
 407 01b6 EA       		.byte	0xea
 408 01b7 07010000 		.4byte	0x107
 409 01bb 05       		.uleb128 0x5
 410 01bc 02       		.byte	0x2
 411 01bd 5E000000 		.4byte	0x5e
 412 01c1 07       		.byte	0x7
 413 01c2 5C       		.byte	0x5c
 414 01c3 59020000 		.4byte	0x259
 415 01c7 08       		.uleb128 0x8
 416 01c8 6C040000 		.4byte	.LASF52
 417 01cc FFFF     		.2byte	0xffff
ARM GAS  C:\Users\giris\AppData\Local\Temp\ccHDo7tl.s 			page 10


 418 01ce 06       		.uleb128 0x6
 419 01cf 90030000 		.4byte	.LASF53
 420 01d3 00       		.byte	0
 421 01d4 08       		.uleb128 0x8
 422 01d5 55060000 		.4byte	.LASF54
 423 01d9 00F8     		.2byte	0xf800
 424 01db 08       		.uleb128 0x8
 425 01dc 8F060000 		.4byte	.LASF55
 426 01e0 1FF8     		.2byte	0xf81f
 427 01e2 08       		.uleb128 0x8
 428 01e3 79010000 		.4byte	.LASF56
 429 01e7 FF07     		.2byte	0x7ff
 430 01e9 08       		.uleb128 0x8
 431 01ea 10010000 		.4byte	.LASF57
 432 01ee E0FF     		.2byte	0xffe0
 433 01f0 09       		.uleb128 0x9
 434 01f1 52454400 		.ascii	"RED\000"
 435 01f5 1F       		.byte	0x1f
 436 01f6 08       		.uleb128 0x8
 437 01f7 20050000 		.4byte	.LASF58
 438 01fb 1FF8     		.2byte	0xf81f
 439 01fd 08       		.uleb128 0x8
 440 01fe 3E060000 		.4byte	.LASF59
 441 0202 E007     		.2byte	0x7e0
 442 0204 08       		.uleb128 0x8
 443 0205 8A020000 		.4byte	.LASF60
 444 0209 E0FF     		.2byte	0xffe0
 445 020b 08       		.uleb128 0x8
 446 020c 50010000 		.4byte	.LASF61
 447 0210 FF07     		.2byte	0x7ff
 448 0212 08       		.uleb128 0x8
 449 0213 58050000 		.4byte	.LASF62
 450 0217 3D02     		.2byte	0x23d
 451 0219 08       		.uleb128 0x8
 452 021a 04050000 		.4byte	.LASF63
 453 021e 3FE0     		.2byte	0xe03f
 454 0220 08       		.uleb128 0x8
 455 0221 96010000 		.4byte	.LASF64
 456 0225 210C     		.2byte	0xc21
 457 0227 08       		.uleb128 0x8
 458 0228 47050000 		.4byte	.LASF65
 459 022c 89F3     		.2byte	0xf389
 460 022e 08       		.uleb128 0x8
 461 022f AA020000 		.4byte	.LASF66
 462 0233 BE3E     		.2byte	0x3ebe
 463 0235 08       		.uleb128 0x8
 464 0236 F7030000 		.4byte	.LASF67
 465 023a 2A1A     		.2byte	0x1a2a
 466 023c 08       		.uleb128 0x8
 467 023d C8000000 		.4byte	.LASF68
 468 0241 21F8     		.2byte	0xf821
 469 0243 08       		.uleb128 0x8
 470 0244 D7010000 		.4byte	.LASF69
 471 0248 6318     		.2byte	0x1863
 472 024a 08       		.uleb128 0x8
 473 024b 7E010000 		.4byte	.LASF70
 474 024f 658A     		.2byte	0x8a65
ARM GAS  C:\Users\giris\AppData\Local\Temp\ccHDo7tl.s 			page 11


 475 0251 08       		.uleb128 0x8
 476 0252 CB040000 		.4byte	.LASF71
 477 0256 D448     		.2byte	0x48d4
 478 0258 00       		.byte	0
 479 0259 03       		.uleb128 0x3
 480 025a 83030000 		.4byte	.LASF72
 481 025e 07       		.byte	0x7
 482 025f 72       		.byte	0x72
 483 0260 BB010000 		.4byte	0x1bb
 484 0264 05       		.uleb128 0x5
 485 0265 01       		.byte	0x1
 486 0266 45000000 		.4byte	0x45
 487 026a 08       		.byte	0x8
 488 026b 6F       		.byte	0x6f
 489 026c 83020000 		.4byte	0x283
 490 0270 06       		.uleb128 0x6
 491 0271 80050000 		.4byte	.LASF73
 492 0275 00       		.byte	0
 493 0276 06       		.uleb128 0x6
 494 0277 A0050000 		.4byte	.LASF74
 495 027b 01       		.byte	0x1
 496 027c 06       		.uleb128 0x6
 497 027d 00000000 		.4byte	.LASF75
 498 0281 02       		.byte	0x2
 499 0282 00       		.byte	0
 500 0283 03       		.uleb128 0x3
 501 0284 79060000 		.4byte	.LASF76
 502 0288 08       		.byte	0x8
 503 0289 73       		.byte	0x73
 504 028a 64020000 		.4byte	0x264
 505 028e 0A       		.uleb128 0xa
 506 028f 08       		.byte	0x8
 507 0290 08       		.byte	0x8
 508 0291 75       		.byte	0x75
 509 0292 D3020000 		.4byte	0x2d3
 510 0296 0B       		.uleb128 0xb
 511 0297 3A050000 		.4byte	.LASF77
 512 029b 08       		.byte	0x8
 513 029c 77       		.byte	0x77
 514 029d 8C000000 		.4byte	0x8c
 515 02a1 00       		.byte	0
 516 02a2 0B       		.uleb128 0xb
 517 02a3 BE000000 		.4byte	.LASF78
 518 02a7 08       		.byte	0x8
 519 02a8 78       		.byte	0x78
 520 02a9 59020000 		.4byte	0x259
 521 02ad 02       		.byte	0x2
 522 02ae 0B       		.uleb128 0xb
 523 02af C3010000 		.4byte	.LASF79
 524 02b3 08       		.byte	0x8
 525 02b4 79       		.byte	0x79
 526 02b5 59020000 		.4byte	0x259
 527 02b9 04       		.byte	0x4
 528 02ba 0B       		.uleb128 0xb
 529 02bb 76020000 		.4byte	.LASF80
 530 02bf 08       		.byte	0x8
 531 02c0 7A       		.byte	0x7a
ARM GAS  C:\Users\giris\AppData\Local\Temp\ccHDo7tl.s 			page 12


 532 02c1 8C000000 		.4byte	0x8c
 533 02c5 06       		.byte	0x6
 534 02c6 0B       		.uleb128 0xb
 535 02c7 D9040000 		.4byte	.LASF81
 536 02cb 08       		.byte	0x8
 537 02cc 7B       		.byte	0x7b
 538 02cd 8C000000 		.4byte	0x8c
 539 02d1 07       		.byte	0x7
 540 02d2 00       		.byte	0
 541 02d3 03       		.uleb128 0x3
 542 02d4 11020000 		.4byte	.LASF82
 543 02d8 08       		.byte	0x8
 544 02d9 7C       		.byte	0x7c
 545 02da 8E020000 		.4byte	0x28e
 546 02de 0C       		.uleb128 0xc
 547 02df 11050000 		.4byte	.LASF120
 548 02e3 0C       		.byte	0xc
 549 02e4 08       		.byte	0x8
 550 02e5 7E       		.byte	0x7e
 551 02e6 0F030000 		.4byte	0x30f
 552 02ea 0B       		.uleb128 0xb
 553 02eb 7C040000 		.4byte	.LASF83
 554 02ef 08       		.byte	0x8
 555 02f0 80       		.byte	0x80
 556 02f1 83020000 		.4byte	0x283
 557 02f5 00       		.byte	0
 558 02f6 0B       		.uleb128 0xb
 559 02f7 AF060000 		.4byte	.LASF84
 560 02fb 08       		.byte	0x8
 561 02fc 81       		.byte	0x81
 562 02fd D3020000 		.4byte	0x2d3
 563 0301 02       		.byte	0x2
 564 0302 0B       		.uleb128 0xb
 565 0303 0A010000 		.4byte	.LASF85
 566 0307 08       		.byte	0x8
 567 0308 82       		.byte	0x82
 568 0309 8C000000 		.4byte	0x8c
 569 030d 0A       		.byte	0xa
 570 030e 00       		.byte	0
 571 030f 03       		.uleb128 0x3
 572 0310 16010000 		.4byte	.LASF86
 573 0314 08       		.byte	0x8
 574 0315 85       		.byte	0x85
 575 0316 DE020000 		.4byte	0x2de
 576 031a 0A       		.uleb128 0xa
 577 031b 18       		.byte	0x18
 578 031c 09       		.byte	0x9
 579 031d 21       		.byte	0x21
 580 031e 3B030000 		.4byte	0x33b
 581 0322 0B       		.uleb128 0xb
 582 0323 3B030000 		.4byte	.LASF87
 583 0327 09       		.byte	0x9
 584 0328 23       		.byte	0x23
 585 0329 0F030000 		.4byte	0x30f
 586 032d 00       		.byte	0
 587 032e 0B       		.uleb128 0xb
 588 032f D2040000 		.4byte	.LASF88
ARM GAS  C:\Users\giris\AppData\Local\Temp\ccHDo7tl.s 			page 13


 589 0333 09       		.byte	0x9
 590 0334 24       		.byte	0x24
 591 0335 0F030000 		.4byte	0x30f
 592 0339 0C       		.byte	0xc
 593 033a 00       		.byte	0
 594 033b 03       		.uleb128 0x3
 595 033c F8000000 		.4byte	.LASF89
 596 0340 09       		.byte	0x9
 597 0341 27       		.byte	0x27
 598 0342 1A030000 		.4byte	0x31a
 599 0346 0D       		.uleb128 0xd
 600 0347 04       		.byte	0x4
 601 0348 4C030000 		.4byte	0x34c
 602 034c 0E       		.uleb128 0xe
 603 034d 3B030000 		.4byte	0x33b
 604 0351 0E       		.uleb128 0xe
 605 0352 46030000 		.4byte	0x346
 606 0356 0F       		.uleb128 0xf
 607 0357 7D000000 		.4byte	.LASF121
 608 035b 01       		.byte	0x1
 609 035c 29       		.byte	0x29
 610 035d B0010000 		.4byte	0x1b0
 611 0361 00000000 		.4byte	.LFB144
 612 0365 B0000000 		.4byte	.LFE144-.LFB144
 613 0369 01       		.uleb128 0x1
 614 036a 9C       		.byte	0x9c
 615 036b 6C050000 		.4byte	0x56c
 616 036f 10       		.uleb128 0x10
 617 0370 C6040000 		.4byte	.LASF122
 618 0374 01       		.byte	0x1
 619 0375 29       		.byte	0x29
 620 0376 51030000 		.4byte	0x351
 621 037a 00000000 		.4byte	.LLST0
 622 037e 11       		.uleb128 0x11
 623 037f 3F050000 		.4byte	.LASF90
 624 0383 01       		.byte	0x1
 625 0384 2D       		.byte	0x2d
 626 0385 BB000000 		.4byte	0xbb
 627 0389 2C000000 		.4byte	.LLST1
 628 038d 12       		.uleb128 0x12
 629 038e 72060000 		.4byte	.LASF91
 630 0392 01       		.byte	0x1
 631 0393 2E       		.byte	0x2e
 632 0394 8C000000 		.4byte	0x8c
 633 0398 05       		.uleb128 0x5
 634 0399 03       		.byte	0x3
 635 039a 00000000 		.4byte	toggle.8065
 636 039e 13       		.uleb128 0x13
 637 039f 18000000 		.4byte	.LASF92
 638 03a3 01       		.byte	0x1
 639 03a4 2F       		.byte	0x2f
 640 03a5 97000000 		.4byte	0x97
 641 03a9 00       		.byte	0
 642 03aa 11       		.uleb128 0x11
 643 03ab 44060000 		.4byte	.LASF93
 644 03af 01       		.byte	0x1
 645 03b0 31       		.byte	0x31
ARM GAS  C:\Users\giris\AppData\Local\Temp\ccHDo7tl.s 			page 14


 646 03b1 97000000 		.4byte	0x97
 647 03b5 59000000 		.4byte	.LLST2
 648 03b9 11       		.uleb128 0x11
 649 03ba D3000000 		.4byte	.LASF94
 650 03be 01       		.byte	0x1
 651 03bf 32       		.byte	0x32
 652 03c0 97000000 		.4byte	0x97
 653 03c4 6C000000 		.4byte	.LLST3
 654 03c8 11       		.uleb128 0x11
 655 03c9 96030000 		.4byte	.LASF95
 656 03cd 01       		.byte	0x1
 657 03ce 34       		.byte	0x34
 658 03cf 59020000 		.4byte	0x259
 659 03d3 7F000000 		.4byte	.LLST4
 660 03d7 11       		.uleb128 0x11
 661 03d8 91050000 		.4byte	.LASF96
 662 03dc 01       		.byte	0x1
 663 03dd 35       		.byte	0x35
 664 03de 59020000 		.4byte	0x259
 665 03e2 92000000 		.4byte	.LLST5
 666 03e6 11       		.uleb128 0x11
 667 03e7 92000000 		.4byte	.LASF97
 668 03eb 01       		.byte	0x1
 669 03ec 37       		.byte	0x37
 670 03ed 97000000 		.4byte	0x97
 671 03f1 A5000000 		.4byte	.LLST6
 672 03f5 11       		.uleb128 0x11
 673 03f6 26010000 		.4byte	.LASF98
 674 03fa 01       		.byte	0x1
 675 03fb 38       		.byte	0x38
 676 03fc 97000000 		.4byte	0x97
 677 0400 BD000000 		.4byte	.LLST7
 678 0404 11       		.uleb128 0x11
 679 0405 C9030000 		.4byte	.LASF99
 680 0409 01       		.byte	0x1
 681 040a 39       		.byte	0x39
 682 040b 97000000 		.4byte	0x97
 683 040f E9000000 		.4byte	.LLST8
 684 0413 11       		.uleb128 0x11
 685 0414 57010000 		.4byte	.LASF100
 686 0418 01       		.byte	0x1
 687 0419 3F       		.byte	0x3f
 688 041a 59020000 		.4byte	0x259
 689 041e 15010000 		.4byte	.LLST9
 690 0422 11       		.uleb128 0x11
 691 0423 13040000 		.4byte	.LASF101
 692 0427 01       		.byte	0x1
 693 0428 40       		.byte	0x40
 694 0429 59020000 		.4byte	0x259
 695 042d 28010000 		.4byte	.LLST10
 696 0431 11       		.uleb128 0x11
 697 0432 21040000 		.4byte	.LASF102
 698 0436 01       		.byte	0x1
 699 0437 42       		.byte	0x42
 700 0438 97000000 		.4byte	0x97
 701 043c 3B010000 		.4byte	.LLST11
 702 0440 11       		.uleb128 0x11
ARM GAS  C:\Users\giris\AppData\Local\Temp\ccHDo7tl.s 			page 15


 703 0441 EA030000 		.4byte	.LASF103
 704 0445 01       		.byte	0x1
 705 0446 43       		.byte	0x43
 706 0447 97000000 		.4byte	0x97
 707 044b 63010000 		.4byte	.LLST12
 708 044f 11       		.uleb128 0x11
 709 0450 DD030000 		.4byte	.LASF104
 710 0454 01       		.byte	0x1
 711 0455 44       		.byte	0x44
 712 0456 97000000 		.4byte	0x97
 713 045a 7D010000 		.4byte	.LLST13
 714 045e 14       		.uleb128 0x14
 715 045f 64000000 		.4byte	.LBB2
 716 0463 36000000 		.4byte	.LBE2-.LBB2
 717 0467 01050000 		.4byte	0x501
 718 046b 12       		.uleb128 0x12
 719 046c 50050000 		.4byte	.LASF105
 720 0470 01       		.byte	0x1
 721 0471 55       		.byte	0x55
 722 0472 6C050000 		.4byte	0x56c
 723 0476 03       		.uleb128 0x3
 724 0477 91       		.byte	0x91
 725 0478 E07E     		.sleb128 -160
 726 047a 15       		.uleb128 0x15
 727 047b 94000000 		.4byte	.LVL22
 728 047f C4050000 		.4byte	0x5c4
 729 0483 EF040000 		.4byte	0x4ef
 730 0487 16       		.uleb128 0x16
 731 0488 01       		.uleb128 0x1
 732 0489 50       		.byte	0x50
 733 048a 03       		.uleb128 0x3
 734 048b 91       		.byte	0x91
 735 048c E07E     		.sleb128 -160
 736 048e 16       		.uleb128 0x16
 737 048f 01       		.uleb128 0x1
 738 0490 51       		.byte	0x51
 739 0491 05       		.uleb128 0x5
 740 0492 03       		.byte	0x3
 741 0493 00000000 		.4byte	.LC0
 742 0497 16       		.uleb128 0x16
 743 0498 01       		.uleb128 0x1
 744 0499 52       		.byte	0x52
 745 049a 1B       		.uleb128 0x1b
 746 049b 76       		.byte	0x76
 747 049c 00       		.sleb128 0
 748 049d F7       		.byte	0xf7
 749 049e 2C       		.uleb128 0x2c
 750 049f F7       		.byte	0xf7
 751 04a0 25       		.uleb128 0x25
 752 04a1 F4       		.byte	0xf4
 753 04a2 25       		.uleb128 0x25
 754 04a3 08       		.byte	0x8
 755 04a4 CDCCCCCC 		.8byte	0xcccccccd
 755      00000000 
 756 04ac 1E       		.byte	0x1e
 757 04ad 08       		.byte	0x8
 758 04ae 20       		.byte	0x20
ARM GAS  C:\Users\giris\AppData\Local\Temp\ccHDo7tl.s 			page 16


 759 04af F7       		.byte	0xf7
 760 04b0 25       		.uleb128 0x25
 761 04b1 25       		.byte	0x25
 762 04b2 F7       		.byte	0xf7
 763 04b3 2C       		.uleb128 0x2c
 764 04b4 33       		.byte	0x33
 765 04b5 25       		.byte	0x25
 766 04b6 16       		.uleb128 0x16
 767 04b7 01       		.uleb128 0x1
 768 04b8 53       		.byte	0x53
 769 04b9 26       		.uleb128 0x26
 770 04ba 76       		.byte	0x76
 771 04bb 00       		.sleb128 0
 772 04bc 76       		.byte	0x76
 773 04bd 00       		.sleb128 0
 774 04be F7       		.byte	0xf7
 775 04bf 2C       		.uleb128 0x2c
 776 04c0 F7       		.byte	0xf7
 777 04c1 25       		.uleb128 0x25
 778 04c2 F4       		.byte	0xf4
 779 04c3 25       		.uleb128 0x25
 780 04c4 08       		.byte	0x8
 781 04c5 CDCCCCCC 		.8byte	0xcccccccd
 781      00000000 
 782 04cd 1E       		.byte	0x1e
 783 04ce 08       		.byte	0x8
 784 04cf 20       		.byte	0x20
 785 04d0 F7       		.byte	0xf7
 786 04d1 25       		.uleb128 0x25
 787 04d2 25       		.byte	0x25
 788 04d3 F7       		.byte	0xf7
 789 04d4 2C       		.uleb128 0x2c
 790 04d5 33       		.byte	0x33
 791 04d6 25       		.byte	0x25
 792 04d7 35       		.byte	0x35
 793 04d8 1E       		.byte	0x1e
 794 04d9 31       		.byte	0x31
 795 04da 24       		.byte	0x24
 796 04db 1C       		.byte	0x1c
 797 04dc 0A       		.byte	0xa
 798 04dd FFFF     		.2byte	0xffff
 799 04df 1A       		.byte	0x1a
 800 04e0 16       		.uleb128 0x16
 801 04e1 02       		.uleb128 0x2
 802 04e2 7D       		.byte	0x7d
 803 04e3 00       		.sleb128 0
 804 04e4 02       		.uleb128 0x2
 805 04e5 77       		.byte	0x77
 806 04e6 00       		.sleb128 0
 807 04e7 16       		.uleb128 0x16
 808 04e8 02       		.uleb128 0x2
 809 04e9 7D       		.byte	0x7d
 810 04ea 08       		.sleb128 8
 811 04eb 02       		.uleb128 0x2
 812 04ec 75       		.byte	0x75
 813 04ed 00       		.sleb128 0
 814 04ee 00       		.byte	0
ARM GAS  C:\Users\giris\AppData\Local\Temp\ccHDo7tl.s 			page 17


 815 04ef 17       		.uleb128 0x17
 816 04f0 9A000000 		.4byte	.LVL23
 817 04f4 CF050000 		.4byte	0x5cf
 818 04f8 16       		.uleb128 0x16
 819 04f9 01       		.uleb128 0x1
 820 04fa 50       		.byte	0x50
 821 04fb 03       		.uleb128 0x3
 822 04fc 91       		.byte	0x91
 823 04fd E07E     		.sleb128 -160
 824 04ff 00       		.byte	0
 825 0500 00       		.byte	0
 826 0501 18       		.uleb128 0x18
 827 0502 1E000000 		.4byte	.LVL8
 828 0506 DB050000 		.4byte	0x5db
 829 050a 15       		.uleb128 0x15
 830 050b 26000000 		.4byte	.LVL9
 831 050f E7050000 		.4byte	0x5e7
 832 0513 24050000 		.4byte	0x524
 833 0517 16       		.uleb128 0x16
 834 0518 01       		.uleb128 0x1
 835 0519 50       		.byte	0x50
 836 051a 02       		.uleb128 0x2
 837 051b 78       		.byte	0x78
 838 051c 00       		.sleb128 0
 839 051d 16       		.uleb128 0x16
 840 051e 01       		.uleb128 0x1
 841 051f 51       		.byte	0x51
 842 0520 02       		.uleb128 0x2
 843 0521 79       		.byte	0x79
 844 0522 00       		.sleb128 0
 845 0523 00       		.byte	0
 846 0524 15       		.uleb128 0x15
 847 0525 2C000000 		.4byte	.LVL10
 848 0529 F2050000 		.4byte	0x5f2
 849 052d 38050000 		.4byte	0x538
 850 0531 16       		.uleb128 0x16
 851 0532 01       		.uleb128 0x1
 852 0533 50       		.byte	0x50
 853 0534 02       		.uleb128 0x2
 854 0535 77       		.byte	0x77
 855 0536 00       		.sleb128 0
 856 0537 00       		.byte	0
 857 0538 18       		.uleb128 0x18
 858 0539 3E000000 		.4byte	.LVL14
 859 053d DB050000 		.4byte	0x5db
 860 0541 15       		.uleb128 0x15
 861 0542 46000000 		.4byte	.LVL15
 862 0546 E7050000 		.4byte	0x5e7
 863 054a 5B050000 		.4byte	0x55b
 864 054e 16       		.uleb128 0x16
 865 054f 01       		.uleb128 0x1
 866 0550 50       		.byte	0x50
 867 0551 02       		.uleb128 0x2
 868 0552 78       		.byte	0x78
 869 0553 00       		.sleb128 0
 870 0554 16       		.uleb128 0x16
 871 0555 01       		.uleb128 0x1
ARM GAS  C:\Users\giris\AppData\Local\Temp\ccHDo7tl.s 			page 18


 872 0556 51       		.byte	0x51
 873 0557 02       		.uleb128 0x2
 874 0558 79       		.byte	0x79
 875 0559 00       		.sleb128 0
 876 055a 00       		.byte	0
 877 055b 17       		.uleb128 0x17
 878 055c 4C000000 		.4byte	.LVL16
 879 0560 F2050000 		.4byte	0x5f2
 880 0564 16       		.uleb128 0x16
 881 0565 01       		.uleb128 0x1
 882 0566 50       		.byte	0x50
 883 0567 02       		.uleb128 0x2
 884 0568 77       		.byte	0x77
 885 0569 00       		.sleb128 0
 886 056a 00       		.byte	0
 887 056b 00       		.byte	0
 888 056c 19       		.uleb128 0x19
 889 056d BB000000 		.4byte	0xbb
 890 0571 7C050000 		.4byte	0x57c
 891 0575 1A       		.uleb128 0x1a
 892 0576 C9000000 		.4byte	0xc9
 893 057a 7F       		.byte	0x7f
 894 057b 00       		.byte	0
 895 057c 1B       		.uleb128 0x1b
 896 057d 5A060000 		.4byte	.LASF106
 897 0581 0A       		.byte	0xa
 898 0582 40       		.byte	0x40
 899 0583 E6000000 		.4byte	0xe6
 900 0587 1B       		.uleb128 0x1b
 901 0588 1E020000 		.4byte	.LASF107
 902 058c 0A       		.byte	0xa
 903 058d 47       		.byte	0x47
 904 058e F1000000 		.4byte	0xf1
 905 0592 1B       		.uleb128 0x1b
 906 0593 DF040000 		.4byte	.LASF108
 907 0597 0A       		.byte	0xa
 908 0598 4A       		.byte	0x4a
 909 0599 E6000000 		.4byte	0xe6
 910 059d 1B       		.uleb128 0x1b
 911 059e 9B010000 		.4byte	.LASF109
 912 05a2 0B       		.byte	0xb
 913 05a3 48       		.byte	0x48
 914 05a4 FC000000 		.4byte	0xfc
 915 05a8 1B       		.uleb128 0x1b
 916 05a9 64010000 		.4byte	.LASF110
 917 05ad 0C       		.byte	0xc
 918 05ae 44       		.byte	0x44
 919 05af E6000000 		.4byte	0xe6
 920 05b3 1C       		.uleb128 0x1c
 921 05b4 32040000 		.4byte	.LASF111
 922 05b8 0D       		.byte	0xd
 923 05b9 1207     		.2byte	0x712
 924 05bb BF050000 		.4byte	0x5bf
 925 05bf 1D       		.uleb128 0x1d
 926 05c0 A2000000 		.4byte	0xa2
 927 05c4 1E       		.uleb128 0x1e
 928 05c5 40030000 		.4byte	.LASF112
ARM GAS  C:\Users\giris\AppData\Local\Temp\ccHDo7tl.s 			page 19


 929 05c9 40030000 		.4byte	.LASF112
 930 05cd 0E       		.byte	0xe
 931 05ce E7       		.byte	0xe7
 932 05cf 1F       		.uleb128 0x1f
 933 05d0 6A000000 		.4byte	.LASF113
 934 05d4 6A000000 		.4byte	.LASF113
 935 05d8 07       		.byte	0x7
 936 05d9 AC01     		.2byte	0x1ac
 937 05db 1F       		.uleb128 0x1f
 938 05dc 88040000 		.4byte	.LASF114
 939 05e0 88040000 		.4byte	.LASF114
 940 05e4 07       		.byte	0x7
 941 05e5 7501     		.2byte	0x175
 942 05e7 1E       		.uleb128 0x1e
 943 05e8 88010000 		.4byte	.LASF115
 944 05ec 88010000 		.4byte	.LASF115
 945 05f0 07       		.byte	0x7
 946 05f1 B9       		.byte	0xb9
 947 05f2 1F       		.uleb128 0x1f
 948 05f3 5E050000 		.4byte	.LASF116
 949 05f7 5E050000 		.4byte	.LASF116
 950 05fb 07       		.byte	0x7
 951 05fc 8A01     		.2byte	0x18a
 952 05fe 00       		.byte	0
 953              		.section	.debug_abbrev,"",%progbits
 954              	.Ldebug_abbrev0:
 955 0000 01       		.uleb128 0x1
 956 0001 11       		.uleb128 0x11
 957 0002 01       		.byte	0x1
 958 0003 25       		.uleb128 0x25
 959 0004 0E       		.uleb128 0xe
 960 0005 13       		.uleb128 0x13
 961 0006 0B       		.uleb128 0xb
 962 0007 03       		.uleb128 0x3
 963 0008 0E       		.uleb128 0xe
 964 0009 1B       		.uleb128 0x1b
 965 000a 0E       		.uleb128 0xe
 966 000b 55       		.uleb128 0x55
 967 000c 17       		.uleb128 0x17
 968 000d 11       		.uleb128 0x11
 969 000e 01       		.uleb128 0x1
 970 000f 10       		.uleb128 0x10
 971 0010 17       		.uleb128 0x17
 972 0011 00       		.byte	0
 973 0012 00       		.byte	0
 974 0013 02       		.uleb128 0x2
 975 0014 24       		.uleb128 0x24
 976 0015 00       		.byte	0
 977 0016 0B       		.uleb128 0xb
 978 0017 0B       		.uleb128 0xb
 979 0018 3E       		.uleb128 0x3e
 980 0019 0B       		.uleb128 0xb
 981 001a 03       		.uleb128 0x3
 982 001b 0E       		.uleb128 0xe
 983 001c 00       		.byte	0
 984 001d 00       		.byte	0
 985 001e 03       		.uleb128 0x3
ARM GAS  C:\Users\giris\AppData\Local\Temp\ccHDo7tl.s 			page 20


 986 001f 16       		.uleb128 0x16
 987 0020 00       		.byte	0
 988 0021 03       		.uleb128 0x3
 989 0022 0E       		.uleb128 0xe
 990 0023 3A       		.uleb128 0x3a
 991 0024 0B       		.uleb128 0xb
 992 0025 3B       		.uleb128 0x3b
 993 0026 0B       		.uleb128 0xb
 994 0027 49       		.uleb128 0x49
 995 0028 13       		.uleb128 0x13
 996 0029 00       		.byte	0
 997 002a 00       		.byte	0
 998 002b 04       		.uleb128 0x4
 999 002c 24       		.uleb128 0x24
 1000 002d 00       		.byte	0
 1001 002e 0B       		.uleb128 0xb
 1002 002f 0B       		.uleb128 0xb
 1003 0030 3E       		.uleb128 0x3e
 1004 0031 0B       		.uleb128 0xb
 1005 0032 03       		.uleb128 0x3
 1006 0033 08       		.uleb128 0x8
 1007 0034 00       		.byte	0
 1008 0035 00       		.byte	0
 1009 0036 05       		.uleb128 0x5
 1010 0037 04       		.uleb128 0x4
 1011 0038 01       		.byte	0x1
 1012 0039 0B       		.uleb128 0xb
 1013 003a 0B       		.uleb128 0xb
 1014 003b 49       		.uleb128 0x49
 1015 003c 13       		.uleb128 0x13
 1016 003d 3A       		.uleb128 0x3a
 1017 003e 0B       		.uleb128 0xb
 1018 003f 3B       		.uleb128 0x3b
 1019 0040 0B       		.uleb128 0xb
 1020 0041 01       		.uleb128 0x1
 1021 0042 13       		.uleb128 0x13
 1022 0043 00       		.byte	0
 1023 0044 00       		.byte	0
 1024 0045 06       		.uleb128 0x6
 1025 0046 28       		.uleb128 0x28
 1026 0047 00       		.byte	0
 1027 0048 03       		.uleb128 0x3
 1028 0049 0E       		.uleb128 0xe
 1029 004a 1C       		.uleb128 0x1c
 1030 004b 0B       		.uleb128 0xb
 1031 004c 00       		.byte	0
 1032 004d 00       		.byte	0
 1033 004e 07       		.uleb128 0x7
 1034 004f 28       		.uleb128 0x28
 1035 0050 00       		.byte	0
 1036 0051 03       		.uleb128 0x3
 1037 0052 0E       		.uleb128 0xe
 1038 0053 1C       		.uleb128 0x1c
 1039 0054 0D       		.uleb128 0xd
 1040 0055 00       		.byte	0
 1041 0056 00       		.byte	0
 1042 0057 08       		.uleb128 0x8
ARM GAS  C:\Users\giris\AppData\Local\Temp\ccHDo7tl.s 			page 21


 1043 0058 28       		.uleb128 0x28
 1044 0059 00       		.byte	0
 1045 005a 03       		.uleb128 0x3
 1046 005b 0E       		.uleb128 0xe
 1047 005c 1C       		.uleb128 0x1c
 1048 005d 05       		.uleb128 0x5
 1049 005e 00       		.byte	0
 1050 005f 00       		.byte	0
 1051 0060 09       		.uleb128 0x9
 1052 0061 28       		.uleb128 0x28
 1053 0062 00       		.byte	0
 1054 0063 03       		.uleb128 0x3
 1055 0064 08       		.uleb128 0x8
 1056 0065 1C       		.uleb128 0x1c
 1057 0066 0B       		.uleb128 0xb
 1058 0067 00       		.byte	0
 1059 0068 00       		.byte	0
 1060 0069 0A       		.uleb128 0xa
 1061 006a 13       		.uleb128 0x13
 1062 006b 01       		.byte	0x1
 1063 006c 0B       		.uleb128 0xb
 1064 006d 0B       		.uleb128 0xb
 1065 006e 3A       		.uleb128 0x3a
 1066 006f 0B       		.uleb128 0xb
 1067 0070 3B       		.uleb128 0x3b
 1068 0071 0B       		.uleb128 0xb
 1069 0072 01       		.uleb128 0x1
 1070 0073 13       		.uleb128 0x13
 1071 0074 00       		.byte	0
 1072 0075 00       		.byte	0
 1073 0076 0B       		.uleb128 0xb
 1074 0077 0D       		.uleb128 0xd
 1075 0078 00       		.byte	0
 1076 0079 03       		.uleb128 0x3
 1077 007a 0E       		.uleb128 0xe
 1078 007b 3A       		.uleb128 0x3a
 1079 007c 0B       		.uleb128 0xb
 1080 007d 3B       		.uleb128 0x3b
 1081 007e 0B       		.uleb128 0xb
 1082 007f 49       		.uleb128 0x49
 1083 0080 13       		.uleb128 0x13
 1084 0081 38       		.uleb128 0x38
 1085 0082 0B       		.uleb128 0xb
 1086 0083 00       		.byte	0
 1087 0084 00       		.byte	0
 1088 0085 0C       		.uleb128 0xc
 1089 0086 13       		.uleb128 0x13
 1090 0087 01       		.byte	0x1
 1091 0088 03       		.uleb128 0x3
 1092 0089 0E       		.uleb128 0xe
 1093 008a 0B       		.uleb128 0xb
 1094 008b 0B       		.uleb128 0xb
 1095 008c 3A       		.uleb128 0x3a
 1096 008d 0B       		.uleb128 0xb
 1097 008e 3B       		.uleb128 0x3b
 1098 008f 0B       		.uleb128 0xb
 1099 0090 01       		.uleb128 0x1
ARM GAS  C:\Users\giris\AppData\Local\Temp\ccHDo7tl.s 			page 22


 1100 0091 13       		.uleb128 0x13
 1101 0092 00       		.byte	0
 1102 0093 00       		.byte	0
 1103 0094 0D       		.uleb128 0xd
 1104 0095 0F       		.uleb128 0xf
 1105 0096 00       		.byte	0
 1106 0097 0B       		.uleb128 0xb
 1107 0098 0B       		.uleb128 0xb
 1108 0099 49       		.uleb128 0x49
 1109 009a 13       		.uleb128 0x13
 1110 009b 00       		.byte	0
 1111 009c 00       		.byte	0
 1112 009d 0E       		.uleb128 0xe
 1113 009e 26       		.uleb128 0x26
 1114 009f 00       		.byte	0
 1115 00a0 49       		.uleb128 0x49
 1116 00a1 13       		.uleb128 0x13
 1117 00a2 00       		.byte	0
 1118 00a3 00       		.byte	0
 1119 00a4 0F       		.uleb128 0xf
 1120 00a5 2E       		.uleb128 0x2e
 1121 00a6 01       		.byte	0x1
 1122 00a7 3F       		.uleb128 0x3f
 1123 00a8 19       		.uleb128 0x19
 1124 00a9 03       		.uleb128 0x3
 1125 00aa 0E       		.uleb128 0xe
 1126 00ab 3A       		.uleb128 0x3a
 1127 00ac 0B       		.uleb128 0xb
 1128 00ad 3B       		.uleb128 0x3b
 1129 00ae 0B       		.uleb128 0xb
 1130 00af 27       		.uleb128 0x27
 1131 00b0 19       		.uleb128 0x19
 1132 00b1 49       		.uleb128 0x49
 1133 00b2 13       		.uleb128 0x13
 1134 00b3 11       		.uleb128 0x11
 1135 00b4 01       		.uleb128 0x1
 1136 00b5 12       		.uleb128 0x12
 1137 00b6 06       		.uleb128 0x6
 1138 00b7 40       		.uleb128 0x40
 1139 00b8 18       		.uleb128 0x18
 1140 00b9 9742     		.uleb128 0x2117
 1141 00bb 19       		.uleb128 0x19
 1142 00bc 01       		.uleb128 0x1
 1143 00bd 13       		.uleb128 0x13
 1144 00be 00       		.byte	0
 1145 00bf 00       		.byte	0
 1146 00c0 10       		.uleb128 0x10
 1147 00c1 05       		.uleb128 0x5
 1148 00c2 00       		.byte	0
 1149 00c3 03       		.uleb128 0x3
 1150 00c4 0E       		.uleb128 0xe
 1151 00c5 3A       		.uleb128 0x3a
 1152 00c6 0B       		.uleb128 0xb
 1153 00c7 3B       		.uleb128 0x3b
 1154 00c8 0B       		.uleb128 0xb
 1155 00c9 49       		.uleb128 0x49
 1156 00ca 13       		.uleb128 0x13
ARM GAS  C:\Users\giris\AppData\Local\Temp\ccHDo7tl.s 			page 23


 1157 00cb 02       		.uleb128 0x2
 1158 00cc 17       		.uleb128 0x17
 1159 00cd 00       		.byte	0
 1160 00ce 00       		.byte	0
 1161 00cf 11       		.uleb128 0x11
 1162 00d0 34       		.uleb128 0x34
 1163 00d1 00       		.byte	0
 1164 00d2 03       		.uleb128 0x3
 1165 00d3 0E       		.uleb128 0xe
 1166 00d4 3A       		.uleb128 0x3a
 1167 00d5 0B       		.uleb128 0xb
 1168 00d6 3B       		.uleb128 0x3b
 1169 00d7 0B       		.uleb128 0xb
 1170 00d8 49       		.uleb128 0x49
 1171 00d9 13       		.uleb128 0x13
 1172 00da 02       		.uleb128 0x2
 1173 00db 17       		.uleb128 0x17
 1174 00dc 00       		.byte	0
 1175 00dd 00       		.byte	0
 1176 00de 12       		.uleb128 0x12
 1177 00df 34       		.uleb128 0x34
 1178 00e0 00       		.byte	0
 1179 00e1 03       		.uleb128 0x3
 1180 00e2 0E       		.uleb128 0xe
 1181 00e3 3A       		.uleb128 0x3a
 1182 00e4 0B       		.uleb128 0xb
 1183 00e5 3B       		.uleb128 0x3b
 1184 00e6 0B       		.uleb128 0xb
 1185 00e7 49       		.uleb128 0x49
 1186 00e8 13       		.uleb128 0x13
 1187 00e9 02       		.uleb128 0x2
 1188 00ea 18       		.uleb128 0x18
 1189 00eb 00       		.byte	0
 1190 00ec 00       		.byte	0
 1191 00ed 13       		.uleb128 0x13
 1192 00ee 34       		.uleb128 0x34
 1193 00ef 00       		.byte	0
 1194 00f0 03       		.uleb128 0x3
 1195 00f1 0E       		.uleb128 0xe
 1196 00f2 3A       		.uleb128 0x3a
 1197 00f3 0B       		.uleb128 0xb
 1198 00f4 3B       		.uleb128 0x3b
 1199 00f5 0B       		.uleb128 0xb
 1200 00f6 49       		.uleb128 0x49
 1201 00f7 13       		.uleb128 0x13
 1202 00f8 1C       		.uleb128 0x1c
 1203 00f9 0B       		.uleb128 0xb
 1204 00fa 00       		.byte	0
 1205 00fb 00       		.byte	0
 1206 00fc 14       		.uleb128 0x14
 1207 00fd 0B       		.uleb128 0xb
 1208 00fe 01       		.byte	0x1
 1209 00ff 11       		.uleb128 0x11
 1210 0100 01       		.uleb128 0x1
 1211 0101 12       		.uleb128 0x12
 1212 0102 06       		.uleb128 0x6
 1213 0103 01       		.uleb128 0x1
ARM GAS  C:\Users\giris\AppData\Local\Temp\ccHDo7tl.s 			page 24


 1214 0104 13       		.uleb128 0x13
 1215 0105 00       		.byte	0
 1216 0106 00       		.byte	0
 1217 0107 15       		.uleb128 0x15
 1218 0108 898201   		.uleb128 0x4109
 1219 010b 01       		.byte	0x1
 1220 010c 11       		.uleb128 0x11
 1221 010d 01       		.uleb128 0x1
 1222 010e 31       		.uleb128 0x31
 1223 010f 13       		.uleb128 0x13
 1224 0110 01       		.uleb128 0x1
 1225 0111 13       		.uleb128 0x13
 1226 0112 00       		.byte	0
 1227 0113 00       		.byte	0
 1228 0114 16       		.uleb128 0x16
 1229 0115 8A8201   		.uleb128 0x410a
 1230 0118 00       		.byte	0
 1231 0119 02       		.uleb128 0x2
 1232 011a 18       		.uleb128 0x18
 1233 011b 9142     		.uleb128 0x2111
 1234 011d 18       		.uleb128 0x18
 1235 011e 00       		.byte	0
 1236 011f 00       		.byte	0
 1237 0120 17       		.uleb128 0x17
 1238 0121 898201   		.uleb128 0x4109
 1239 0124 01       		.byte	0x1
 1240 0125 11       		.uleb128 0x11
 1241 0126 01       		.uleb128 0x1
 1242 0127 31       		.uleb128 0x31
 1243 0128 13       		.uleb128 0x13
 1244 0129 00       		.byte	0
 1245 012a 00       		.byte	0
 1246 012b 18       		.uleb128 0x18
 1247 012c 898201   		.uleb128 0x4109
 1248 012f 00       		.byte	0
 1249 0130 11       		.uleb128 0x11
 1250 0131 01       		.uleb128 0x1
 1251 0132 31       		.uleb128 0x31
 1252 0133 13       		.uleb128 0x13
 1253 0134 00       		.byte	0
 1254 0135 00       		.byte	0
 1255 0136 19       		.uleb128 0x19
 1256 0137 01       		.uleb128 0x1
 1257 0138 01       		.byte	0x1
 1258 0139 49       		.uleb128 0x49
 1259 013a 13       		.uleb128 0x13
 1260 013b 01       		.uleb128 0x1
 1261 013c 13       		.uleb128 0x13
 1262 013d 00       		.byte	0
 1263 013e 00       		.byte	0
 1264 013f 1A       		.uleb128 0x1a
 1265 0140 21       		.uleb128 0x21
 1266 0141 00       		.byte	0
 1267 0142 49       		.uleb128 0x49
 1268 0143 13       		.uleb128 0x13
 1269 0144 2F       		.uleb128 0x2f
 1270 0145 0B       		.uleb128 0xb
ARM GAS  C:\Users\giris\AppData\Local\Temp\ccHDo7tl.s 			page 25


 1271 0146 00       		.byte	0
 1272 0147 00       		.byte	0
 1273 0148 1B       		.uleb128 0x1b
 1274 0149 34       		.uleb128 0x34
 1275 014a 00       		.byte	0
 1276 014b 03       		.uleb128 0x3
 1277 014c 0E       		.uleb128 0xe
 1278 014d 3A       		.uleb128 0x3a
 1279 014e 0B       		.uleb128 0xb
 1280 014f 3B       		.uleb128 0x3b
 1281 0150 0B       		.uleb128 0xb
 1282 0151 49       		.uleb128 0x49
 1283 0152 13       		.uleb128 0x13
 1284 0153 3F       		.uleb128 0x3f
 1285 0154 19       		.uleb128 0x19
 1286 0155 3C       		.uleb128 0x3c
 1287 0156 19       		.uleb128 0x19
 1288 0157 00       		.byte	0
 1289 0158 00       		.byte	0
 1290 0159 1C       		.uleb128 0x1c
 1291 015a 34       		.uleb128 0x34
 1292 015b 00       		.byte	0
 1293 015c 03       		.uleb128 0x3
 1294 015d 0E       		.uleb128 0xe
 1295 015e 3A       		.uleb128 0x3a
 1296 015f 0B       		.uleb128 0xb
 1297 0160 3B       		.uleb128 0x3b
 1298 0161 05       		.uleb128 0x5
 1299 0162 49       		.uleb128 0x49
 1300 0163 13       		.uleb128 0x13
 1301 0164 3F       		.uleb128 0x3f
 1302 0165 19       		.uleb128 0x19
 1303 0166 3C       		.uleb128 0x3c
 1304 0167 19       		.uleb128 0x19
 1305 0168 00       		.byte	0
 1306 0169 00       		.byte	0
 1307 016a 1D       		.uleb128 0x1d
 1308 016b 35       		.uleb128 0x35
 1309 016c 00       		.byte	0
 1310 016d 49       		.uleb128 0x49
 1311 016e 13       		.uleb128 0x13
 1312 016f 00       		.byte	0
 1313 0170 00       		.byte	0
 1314 0171 1E       		.uleb128 0x1e
 1315 0172 2E       		.uleb128 0x2e
 1316 0173 00       		.byte	0
 1317 0174 3F       		.uleb128 0x3f
 1318 0175 19       		.uleb128 0x19
 1319 0176 3C       		.uleb128 0x3c
 1320 0177 19       		.uleb128 0x19
 1321 0178 6E       		.uleb128 0x6e
 1322 0179 0E       		.uleb128 0xe
 1323 017a 03       		.uleb128 0x3
 1324 017b 0E       		.uleb128 0xe
 1325 017c 3A       		.uleb128 0x3a
 1326 017d 0B       		.uleb128 0xb
 1327 017e 3B       		.uleb128 0x3b
ARM GAS  C:\Users\giris\AppData\Local\Temp\ccHDo7tl.s 			page 26


 1328 017f 0B       		.uleb128 0xb
 1329 0180 00       		.byte	0
 1330 0181 00       		.byte	0
 1331 0182 1F       		.uleb128 0x1f
 1332 0183 2E       		.uleb128 0x2e
 1333 0184 00       		.byte	0
 1334 0185 3F       		.uleb128 0x3f
 1335 0186 19       		.uleb128 0x19
 1336 0187 3C       		.uleb128 0x3c
 1337 0188 19       		.uleb128 0x19
 1338 0189 6E       		.uleb128 0x6e
 1339 018a 0E       		.uleb128 0xe
 1340 018b 03       		.uleb128 0x3
 1341 018c 0E       		.uleb128 0xe
 1342 018d 3A       		.uleb128 0x3a
 1343 018e 0B       		.uleb128 0xb
 1344 018f 3B       		.uleb128 0x3b
 1345 0190 05       		.uleb128 0x5
 1346 0191 00       		.byte	0
 1347 0192 00       		.byte	0
 1348 0193 00       		.byte	0
 1349              		.section	.debug_loc,"",%progbits
 1350              	.Ldebug_loc0:
 1351              	.LLST0:
 1352 0000 00000000 		.4byte	.LVL0
 1353 0004 1A000000 		.4byte	.LVL7
 1354 0008 0100     		.2byte	0x1
 1355 000a 50       		.byte	0x50
 1356 000b 1A000000 		.4byte	.LVL7
 1357 000f 7E000000 		.4byte	.LVL20
 1358 0013 0100     		.2byte	0x1
 1359 0015 54       		.byte	0x54
 1360 0016 7E000000 		.4byte	.LVL20
 1361 001a B0000000 		.4byte	.LFE144
 1362 001e 0400     		.2byte	0x4
 1363 0020 F3       		.byte	0xf3
 1364 0021 01       		.uleb128 0x1
 1365 0022 50       		.byte	0x50
 1366 0023 9F       		.byte	0x9f
 1367 0024 00000000 		.4byte	0
 1368 0028 00000000 		.4byte	0
 1369              	.LLST1:
 1370 002c 08000000 		.4byte	.LVL1
 1371 0030 5C000000 		.4byte	.LVL18
 1372 0034 0300     		.2byte	0x3
 1373 0036 08       		.byte	0x8
 1374 0037 3A       		.byte	0x3a
 1375 0038 9F       		.byte	0x9f
 1376 0039 5C000000 		.4byte	.LVL18
 1377 003d 64000000 		.4byte	.LVL19
 1378 0041 0300     		.2byte	0x3
 1379 0043 08       		.byte	0x8
 1380 0044 20       		.byte	0x20
 1381 0045 9F       		.byte	0x9f
 1382 0046 64000000 		.4byte	.LVL19
 1383 004a A2000000 		.4byte	.LVL24
 1384 004e 0100     		.2byte	0x1
ARM GAS  C:\Users\giris\AppData\Local\Temp\ccHDo7tl.s 			page 27


 1385 0050 57       		.byte	0x57
 1386 0051 00000000 		.4byte	0
 1387 0055 00000000 		.4byte	0
 1388              	.LLST2:
 1389 0059 0A000000 		.4byte	.LVL2
 1390 005d A2000000 		.4byte	.LVL24
 1391 0061 0100     		.2byte	0x1
 1392 0063 56       		.byte	0x56
 1393 0064 00000000 		.4byte	0
 1394 0068 00000000 		.4byte	0
 1395              	.LLST3:
 1396 006c 0C000000 		.4byte	.LVL3
 1397 0070 82000000 		.4byte	.LVL21
 1398 0074 0100     		.2byte	0x1
 1399 0076 55       		.byte	0x55
 1400 0077 00000000 		.4byte	0
 1401 007b 00000000 		.4byte	0
 1402              	.LLST4:
 1403 007f 10000000 		.4byte	.LVL4
 1404 0083 30000000 		.4byte	.LVL11
 1405 0087 0100     		.2byte	0x1
 1406 0089 59       		.byte	0x59
 1407 008a 00000000 		.4byte	0
 1408 008e 00000000 		.4byte	0
 1409              	.LLST5:
 1410 0092 14000000 		.4byte	.LVL5
 1411 0096 34000000 		.4byte	.LVL12
 1412 009a 0100     		.2byte	0x1
 1413 009c 58       		.byte	0x58
 1414 009d 00000000 		.4byte	0
 1415 00a1 00000000 		.4byte	0
 1416              	.LLST6:
 1417 00a5 16000000 		.4byte	.LVL6
 1418 00a9 36000000 		.4byte	.LVL13
 1419 00ad 0600     		.2byte	0x6
 1420 00af 77       		.byte	0x77
 1421 00b0 00       		.sleb128 0
 1422 00b1 08       		.byte	0x8
 1423 00b2 FF       		.byte	0xff
 1424 00b3 1A       		.byte	0x1a
 1425 00b4 9F       		.byte	0x9f
 1426 00b5 00000000 		.4byte	0
 1427 00b9 00000000 		.4byte	0
 1428              	.LLST7:
 1429 00bd 16000000 		.4byte	.LVL6
 1430 00c1 1A000000 		.4byte	.LVL7
 1431 00c5 0800     		.2byte	0x8
 1432 00c7 70       		.byte	0x70
 1433 00c8 08       		.sleb128 8
 1434 00c9 94       		.byte	0x94
 1435 00ca 01       		.byte	0x1
 1436 00cb 08       		.byte	0x8
 1437 00cc FF       		.byte	0xff
 1438 00cd 1A       		.byte	0x1a
 1439 00ce 9F       		.byte	0x9f
 1440 00cf 1A000000 		.4byte	.LVL7
 1441 00d3 1D000000 		.4byte	.LVL8-1
ARM GAS  C:\Users\giris\AppData\Local\Temp\ccHDo7tl.s 			page 28


 1442 00d7 0800     		.2byte	0x8
 1443 00d9 74       		.byte	0x74
 1444 00da 08       		.sleb128 8
 1445 00db 94       		.byte	0x94
 1446 00dc 01       		.byte	0x1
 1447 00dd 08       		.byte	0x8
 1448 00de FF       		.byte	0xff
 1449 00df 1A       		.byte	0x1a
 1450 00e0 9F       		.byte	0x9f
 1451 00e1 00000000 		.4byte	0
 1452 00e5 00000000 		.4byte	0
 1453              	.LLST8:
 1454 00e9 16000000 		.4byte	.LVL6
 1455 00ed 1A000000 		.4byte	.LVL7
 1456 00f1 0800     		.2byte	0x8
 1457 00f3 70       		.byte	0x70
 1458 00f4 09       		.sleb128 9
 1459 00f5 94       		.byte	0x94
 1460 00f6 01       		.byte	0x1
 1461 00f7 08       		.byte	0x8
 1462 00f8 FF       		.byte	0xff
 1463 00f9 1A       		.byte	0x1a
 1464 00fa 9F       		.byte	0x9f
 1465 00fb 1A000000 		.4byte	.LVL7
 1466 00ff 1D000000 		.4byte	.LVL8-1
 1467 0103 0800     		.2byte	0x8
 1468 0105 74       		.byte	0x74
 1469 0106 09       		.sleb128 9
 1470 0107 94       		.byte	0x94
 1471 0108 01       		.byte	0x1
 1472 0109 08       		.byte	0x8
 1473 010a FF       		.byte	0xff
 1474 010b 1A       		.byte	0x1a
 1475 010c 9F       		.byte	0x9f
 1476 010d 00000000 		.4byte	0
 1477 0111 00000000 		.4byte	0
 1478              	.LLST9:
 1479 0115 30000000 		.4byte	.LVL11
 1480 0119 A2000000 		.4byte	.LVL24
 1481 011d 0100     		.2byte	0x1
 1482 011f 59       		.byte	0x59
 1483 0120 00000000 		.4byte	0
 1484 0124 00000000 		.4byte	0
 1485              	.LLST10:
 1486 0128 34000000 		.4byte	.LVL12
 1487 012c A2000000 		.4byte	.LVL24
 1488 0130 0100     		.2byte	0x1
 1489 0132 58       		.byte	0x58
 1490 0133 00000000 		.4byte	0
 1491 0137 00000000 		.4byte	0
 1492              	.LLST11:
 1493 013b 36000000 		.4byte	.LVL13
 1494 013f 5A000000 		.4byte	.LVL17
 1495 0143 0600     		.2byte	0x6
 1496 0145 77       		.byte	0x77
 1497 0146 00       		.sleb128 0
 1498 0147 08       		.byte	0x8
ARM GAS  C:\Users\giris\AppData\Local\Temp\ccHDo7tl.s 			page 29


 1499 0148 FF       		.byte	0xff
 1500 0149 1A       		.byte	0x1a
 1501 014a 9F       		.byte	0x9f
 1502 014b 5C000000 		.4byte	.LVL18
 1503 014f 64000000 		.4byte	.LVL19
 1504 0153 0600     		.2byte	0x6
 1505 0155 77       		.byte	0x77
 1506 0156 00       		.sleb128 0
 1507 0157 08       		.byte	0x8
 1508 0158 FF       		.byte	0xff
 1509 0159 1A       		.byte	0x1a
 1510 015a 9F       		.byte	0x9f
 1511 015b 00000000 		.4byte	0
 1512 015f 00000000 		.4byte	0
 1513              	.LLST12:
 1514 0163 36000000 		.4byte	.LVL13
 1515 0167 3D000000 		.4byte	.LVL14-1
 1516 016b 0800     		.2byte	0x8
 1517 016d 74       		.byte	0x74
 1518 016e 14       		.sleb128 20
 1519 016f 94       		.byte	0x94
 1520 0170 01       		.byte	0x1
 1521 0171 08       		.byte	0x8
 1522 0172 FF       		.byte	0xff
 1523 0173 1A       		.byte	0x1a
 1524 0174 9F       		.byte	0x9f
 1525 0175 00000000 		.4byte	0
 1526 0179 00000000 		.4byte	0
 1527              	.LLST13:
 1528 017d 36000000 		.4byte	.LVL13
 1529 0181 3D000000 		.4byte	.LVL14-1
 1530 0185 0800     		.2byte	0x8
 1531 0187 74       		.byte	0x74
 1532 0188 15       		.sleb128 21
 1533 0189 94       		.byte	0x94
 1534 018a 01       		.byte	0x1
 1535 018b 08       		.byte	0x8
 1536 018c FF       		.byte	0xff
 1537 018d 1A       		.byte	0x1a
 1538 018e 9F       		.byte	0x9f
 1539 018f 00000000 		.4byte	0
 1540 0193 00000000 		.4byte	0
 1541              		.section	.debug_aranges,"",%progbits
 1542 0000 1C000000 		.4byte	0x1c
 1543 0004 0200     		.2byte	0x2
 1544 0006 00000000 		.4byte	.Ldebug_info0
 1545 000a 04       		.byte	0x4
 1546 000b 00       		.byte	0
 1547 000c 0000     		.2byte	0
 1548 000e 0000     		.2byte	0
 1549 0010 00000000 		.4byte	.LFB144
 1550 0014 B0000000 		.4byte	.LFE144-.LFB144
 1551 0018 00000000 		.4byte	0
 1552 001c 00000000 		.4byte	0
 1553              		.section	.debug_ranges,"",%progbits
 1554              	.Ldebug_ranges0:
 1555 0000 00000000 		.4byte	.LFB144
ARM GAS  C:\Users\giris\AppData\Local\Temp\ccHDo7tl.s 			page 30


 1556 0004 B0000000 		.4byte	.LFE144
 1557 0008 00000000 		.4byte	0
 1558 000c 00000000 		.4byte	0
 1559              		.section	.debug_line,"",%progbits
 1560              	.Ldebug_line0:
 1561 0000 FC020000 		.section	.debug_str,"MS",%progbits,1
 1561      0200D102 
 1561      00000201 
 1561      FB0E0D00 
 1561      01010101 
 1562              	.LASF75:
 1563 0000 4E4F4E45 		.ascii	"NONE\000"
 1563      00
 1564              	.LASF22:
 1565 0005 45455F55 		.ascii	"EE_UREG\000"
 1565      52454700 
 1566              	.LASF25:
 1567 000d 52435F53 		.ascii	"RC_SUCCESS\000"
 1567      55434345 
 1567      535300
 1568              	.LASF92:
 1569 0018 626C696E 		.ascii	"blinker_count\000"
 1569      6B65725F 
 1569      636F756E 
 1569      7400
 1570              	.LASF40:
 1571 0026 52435F45 		.ascii	"RC_ERROR_WRITE_ONLY\000"
 1571      52524F52 
 1571      5F575249 
 1571      54455F4F 
 1571      4E4C5900 
 1572              	.LASF4:
 1573 003a 73686F72 		.ascii	"short int\000"
 1573      7420696E 
 1573      7400
 1574              	.LASF31:
 1575 0044 52435F45 		.ascii	"RC_ERROR_OVERRUN\000"
 1575      52524F52 
 1575      5F4F5645 
 1575      5252554E 
 1575      00
 1576              	.LASF43:
 1577 0055 52435F45 		.ascii	"RC_ERROR_WRITE_FAILS\000"
 1577      52524F52 
 1577      5F575249 
 1577      54455F46 
 1577      41494C53 
 1578              	.LASF113:
 1579 006a 5446545F 		.ascii	"TFT_print\000"
 1579      7072696E 
 1579      7400
 1580              	.LASF19:
 1581 0074 73697A65 		.ascii	"sizetype\000"
 1581      74797065 
 1581      00
 1582              	.LASF121:
 1583 007d 53435F44 		.ascii	"SC_DISPLAY_driverOut\000"
ARM GAS  C:\Users\giris\AppData\Local\Temp\ccHDo7tl.s 			page 31


 1583      4953504C 
 1583      41595F64 
 1583      72697665 
 1583      724F7574 
 1584              	.LASF97:
 1585 0092 686F7572 		.ascii	"hour_size\000"
 1585      5F73697A 
 1585      6500
 1586              	.LASF28:
 1587 009c 52435F45 		.ascii	"RC_ERROR_ZERO\000"
 1587      52524F52 
 1587      5F5A4552 
 1587      4F00
 1588              	.LASF23:
 1589 00aa 45455F46 		.ascii	"EE_FREG\000"
 1589      52454700 
 1590              	.LASF18:
 1591 00b2 6C6F6E67 		.ascii	"long double\000"
 1591      20646F75 
 1591      626C6500 
 1592              	.LASF78:
 1593 00be 62675F63 		.ascii	"bg_colour\000"
 1593      6F6C6F75 
 1593      7200
 1594              	.LASF68:
 1595 00c8 4C494748 		.ascii	"LIGHTGREEN\000"
 1595      54475245 
 1595      454E00
 1596              	.LASF94:
 1597 00d3 6C6F6361 		.ascii	"local_minute_value\000"
 1597      6C5F6D69 
 1597      6E757465 
 1597      5F76616C 
 1597      756500
 1598              	.LASF6:
 1599 00e6 5F5F7569 		.ascii	"__uint16_t\000"
 1599      6E743136 
 1599      5F7400
 1600              	.LASF24:
 1601 00f1 45455F54 		.ascii	"EE_TID\000"
 1601      494400
 1602              	.LASF89:
 1603 00f8 53435F44 		.ascii	"SC_DISPLAY_data_t\000"
 1603      4953504C 
 1603      41595F64 
 1603      6174615F 
 1603      7400
 1604              	.LASF85:
 1605 010a 76616C75 		.ascii	"value\000"
 1605      6500
 1606              	.LASF57:
 1607 0110 47424C55 		.ascii	"GBLUE\000"
 1607      4500
 1608              	.LASF86:
 1609 0116 434C4F43 		.ascii	"CLOCK_display_t\000"
 1609      4B5F6469 
 1609      73706C61 
ARM GAS  C:\Users\giris\AppData\Local\Temp\ccHDo7tl.s 			page 32


 1609      795F7400 
 1610              	.LASF98:
 1611 0126 686F7572 		.ascii	"hour_x_pos\000"
 1611      5F785F70 
 1611      6F7300
 1612              	.LASF12:
 1613 0131 75696E74 		.ascii	"uint8_t\000"
 1613      385F7400 
 1614              	.LASF48:
 1615 0139 52435F45 		.ascii	"RC_ERROR_INVALID_STATE\000"
 1615      52524F52 
 1615      5F494E56 
 1615      414C4944 
 1615      5F535441 
 1616              	.LASF61:
 1617 0150 59454C4C 		.ascii	"YELLOW\000"
 1617      4F5700
 1618              	.LASF100:
 1619 0157 62675F63 		.ascii	"bg_color_min\000"
 1619      6F6C6F72 
 1619      5F6D696E 
 1619      00
 1620              	.LASF110:
 1621 0164 45455F49 		.ascii	"EE_IRQ_nesting_level\000"
 1621      52515F6E 
 1621      65737469 
 1621      6E675F6C 
 1621      6576656C 
 1622              	.LASF56:
 1623 0179 47524544 		.ascii	"GRED\000"
 1623      00
 1624              	.LASF70:
 1625 017e 4C475241 		.ascii	"LGRAYBLUE\000"
 1625      59424C55 
 1625      4500
 1626              	.LASF115:
 1627 0188 5446545F 		.ascii	"TFT_setColors\000"
 1627      73657443 
 1627      6F6C6F72 
 1627      7300
 1628              	.LASF64:
 1629 0196 47524159 		.ascii	"GRAY\000"
 1629      00
 1630              	.LASF109:
 1631 019b 45455F73 		.ascii	"EE_std_endcycle_next_tid\000"
 1631      74645F65 
 1631      6E646379 
 1631      636C655F 
 1631      6E657874 
 1632              	.LASF30:
 1633 01b4 52435F45 		.ascii	"RC_ERROR_RANGE\000"
 1633      52524F52 
 1633      5F52414E 
 1633      474500
 1634              	.LASF79:
 1635 01c3 77696467 		.ascii	"widget_colour\000"
 1635      65745F63 
ARM GAS  C:\Users\giris\AppData\Local\Temp\ccHDo7tl.s 			page 33


 1635      6F6C6F75 
 1635      7200
 1636              	.LASF15:
 1637 01d1 666C6F61 		.ascii	"float\000"
 1637      7400
 1638              	.LASF69:
 1639 01d7 4C475241 		.ascii	"LGRAY\000"
 1639      5900
 1640              	.LASF1:
 1641 01dd 756E7369 		.ascii	"unsigned int\000"
 1641      676E6564 
 1641      20696E74 
 1641      00
 1642              	.LASF50:
 1643 01ea 52435F45 		.ascii	"RC_ERROR_NOT_IMPLEMENTED\000"
 1643      52524F52 
 1643      5F4E4F54 
 1643      5F494D50 
 1643      4C454D45 
 1644              	.LASF11:
 1645 0203 6C6F6E67 		.ascii	"long long int\000"
 1645      206C6F6E 
 1645      6720696E 
 1645      7400
 1646              	.LASF82:
 1647 0211 434C4F43 		.ascii	"CLOCK_font_t\000"
 1647      4B5F666F 
 1647      6E745F74 
 1647      00
 1648              	.LASF107:
 1649 021e 45455F6F 		.ascii	"EE_oo_IRQ_suspend_status\000"
 1649      6F5F4952 
 1649      515F7375 
 1649      7370656E 
 1649      645F7374 
 1650              	.LASF44:
 1651 0237 52435F45 		.ascii	"RC_ERROR_NOT_MATCH\000"
 1651      52524F52 
 1651      5F4E4F54 
 1651      5F4D4154 
 1651      434800
 1652              	.LASF49:
 1653 024a 52435F45 		.ascii	"RC_ERROR_UNKNOWN\000"
 1653      52524F52 
 1653      5F554E4B 
 1653      4E4F574E 
 1653      00
 1654              	.LASF9:
 1655 025b 6C6F6E67 		.ascii	"long int\000"
 1655      20696E74 
 1655      00
 1656              	.LASF32:
 1657 0264 52435F45 		.ascii	"RC_ERROR_UNDERRUN\000"
 1657      52524F52 
 1657      5F554E44 
 1657      45525255 
 1657      4E00
ARM GAS  C:\Users\giris\AppData\Local\Temp\ccHDo7tl.s 			page 34


 1658              	.LASF80:
 1659 0276 785F706F 		.ascii	"x_pos\000"
 1659      7300
 1660              	.LASF35:
 1661 027c 52435F45 		.ascii	"RC_ERROR_BUSY\000"
 1661      52524F52 
 1661      5F425553 
 1661      5900
 1662              	.LASF60:
 1663 028a 4359414E 		.ascii	"CYAN\000"
 1663      00
 1664              	.LASF5:
 1665 028f 5F5F7569 		.ascii	"__uint8_t\000"
 1665      6E74385F 
 1665      7400
 1666              	.LASF41:
 1667 0299 52435F45 		.ascii	"RC_ERROR_INVALID\000"
 1667      52524F52 
 1667      5F494E56 
 1667      414C4944 
 1667      00
 1668              	.LASF66:
 1669 02aa 4C494748 		.ascii	"LIGHTBLUE\000"
 1669      54424C55 
 1669      4500
 1670              	.LASF119:
 1671 02b4 433A5C55 		.ascii	"C:\\Users\\giris\\OneDrive\\Documents\\PSoC Creator"
 1671      73657273 
 1671      5C676972 
 1671      69735C4F 
 1671      6E654472 
 1672 02e2 5C454141 		.ascii	"\\EAA\\Assignment2.cydsn\000"
 1672      5C417373 
 1672      69676E6D 
 1672      656E7432 
 1672      2E637964 
 1673              	.LASF46:
 1674 02f9 52435F45 		.ascii	"RC_ERROR_BAD_DATA\000"
 1674      52524F52 
 1674      5F424144 
 1674      5F444154 
 1674      4100
 1675              	.LASF118:
 1676 030b 736F7572 		.ascii	"source\\rte\\sc_display_type.c\000"
 1676      63655C72 
 1676      74655C73 
 1676      635F6469 
 1676      73706C61 
 1677              	.LASF39:
 1678 0328 52435F45 		.ascii	"RC_ERROR_READ_ONLY\000"
 1678      52524F52 
 1678      5F524541 
 1678      445F4F4E 
 1678      4C5900
 1679              	.LASF87:
 1680 033b 686F7572 		.ascii	"hour\000"
 1680      00
ARM GAS  C:\Users\giris\AppData\Local\Temp\ccHDo7tl.s 			page 35


 1681              	.LASF112:
 1682 0340 73707269 		.ascii	"sprintf\000"
 1682      6E746600 
 1683              	.LASF3:
 1684 0348 756E7369 		.ascii	"unsigned char\000"
 1684      676E6564 
 1684      20636861 
 1684      7200
 1685              	.LASF21:
 1686 0356 45455F55 		.ascii	"EE_UINT32\000"
 1686      494E5433 
 1686      3200
 1687              	.LASF2:
 1688 0360 7369676E 		.ascii	"signed char\000"
 1688      65642063 
 1688      68617200 
 1689              	.LASF0:
 1690 036c 6C6F6E67 		.ascii	"long long unsigned int\000"
 1690      206C6F6E 
 1690      6720756E 
 1690      7369676E 
 1690      65642069 
 1691              	.LASF72:
 1692 0383 5446545F 		.ascii	"TFT_colors_t\000"
 1692      636F6C6F 
 1692      72735F74 
 1692      00
 1693              	.LASF53:
 1694 0390 424C4143 		.ascii	"BLACK\000"
 1694      4B00
 1695              	.LASF95:
 1696 0396 62675F63 		.ascii	"bg_color_hour\000"
 1696      6F6C6F72 
 1696      5F686F75 
 1696      7200
 1697              	.LASF37:
 1698 03a4 52435F45 		.ascii	"RC_ERROR_OPEN\000"
 1698      52524F52 
 1698      5F4F5045 
 1698      4E00
 1699              	.LASF13:
 1700 03b2 75696E74 		.ascii	"uint16_t\000"
 1700      31365F74 
 1700      00
 1701              	.LASF27:
 1702 03bb 52435F45 		.ascii	"RC_ERROR_NULL\000"
 1702      52524F52 
 1702      5F4E554C 
 1702      4C00
 1703              	.LASF99:
 1704 03c9 686F7572 		.ascii	"hour_y_pos\000"
 1704      5F795F70 
 1704      6F7300
 1705              	.LASF20:
 1706 03d4 45455F49 		.ascii	"EE_INT32\000"
 1706      4E543332 
 1706      00
ARM GAS  C:\Users\giris\AppData\Local\Temp\ccHDo7tl.s 			page 36


 1707              	.LASF104:
 1708 03dd 6D696E75 		.ascii	"minute_y_pos\000"
 1708      74655F79 
 1708      5F706F73 
 1708      00
 1709              	.LASF103:
 1710 03ea 6D696E75 		.ascii	"minute_x_pos\000"
 1710      74655F78 
 1710      5F706F73 
 1710      00
 1711              	.LASF67:
 1712 03f7 47524159 		.ascii	"GRAYBLUE\000"
 1712      424C5545 
 1712      00
 1713              	.LASF7:
 1714 0400 73686F72 		.ascii	"short unsigned int\000"
 1714      7420756E 
 1714      7369676E 
 1714      65642069 
 1714      6E7400
 1715              	.LASF101:
 1716 0413 7478745F 		.ascii	"txt_color_min\000"
 1716      636F6C6F 
 1716      725F6D69 
 1716      6E00
 1717              	.LASF102:
 1718 0421 6D696E75 		.ascii	"minute_size\000"
 1718      74655F73 
 1718      697A6500 
 1719              	.LASF17:
 1720 042d 63686172 		.ascii	"char\000"
 1720      00
 1721              	.LASF111:
 1722 0432 49544D5F 		.ascii	"ITM_RxBuffer\000"
 1722      52784275 
 1722      66666572 
 1722      00
 1723              	.LASF29:
 1724 043f 52435F45 		.ascii	"RC_ERROR_MEMORY\000"
 1724      52524F52 
 1724      5F4D454D 
 1724      4F525900 
 1725              	.LASF33:
 1726 044f 52435F45 		.ascii	"RC_ERROR_BUFFER_FULL\000"
 1726      52524F52 
 1726      5F425546 
 1726      4645525F 
 1726      46554C4C 
 1727              	.LASF14:
 1728 0464 696E7433 		.ascii	"int32_t\000"
 1728      325F7400 
 1729              	.LASF52:
 1730 046c 57484954 		.ascii	"WHITE\000"
 1730      4500
 1731              	.LASF8:
 1732 0472 5F5F696E 		.ascii	"__int32_t\000"
 1732      7433325F 
ARM GAS  C:\Users\giris\AppData\Local\Temp\ccHDo7tl.s 			page 37


 1732      7400
 1733              	.LASF83:
 1734 047c 77696467 		.ascii	"widget_type\000"
 1734      65745F74 
 1734      79706500 
 1735              	.LASF114:
 1736 0488 5446545F 		.ascii	"TFT_setCursor\000"
 1736      73657443 
 1736      7572736F 
 1736      7200
 1737              	.LASF42:
 1738 0496 52435F45 		.ascii	"RC_ERROR_READ_FAILS\000"
 1738      52524F52 
 1738      5F524541 
 1738      445F4641 
 1738      494C5300 
 1739              	.LASF45:
 1740 04aa 52435F45 		.ascii	"RC_ERROR_BAD_PARAM\000"
 1740      52524F52 
 1740      5F424144 
 1740      5F504152 
 1740      414D00
 1741              	.LASF26:
 1742 04bd 52435F45 		.ascii	"RC_ERROR\000"
 1742      52524F52 
 1742      00
 1743              	.LASF122:
 1744 04c6 64617461 		.ascii	"data\000"
 1744      00
 1745              	.LASF71:
 1746 04cb 4C42424C 		.ascii	"LBBLUE\000"
 1746      554500
 1747              	.LASF88:
 1748 04d2 6D696E75 		.ascii	"minute\000"
 1748      746500
 1749              	.LASF81:
 1750 04d9 795F706F 		.ascii	"y_pos\000"
 1750      7300
 1751              	.LASF108:
 1752 04df 45455F41 		.ascii	"EE_ApplicationMode\000"
 1752      70706C69 
 1752      63617469 
 1752      6F6E4D6F 
 1752      646500
 1753              	.LASF10:
 1754 04f2 6C6F6E67 		.ascii	"long unsigned int\000"
 1754      20756E73 
 1754      69676E65 
 1754      6420696E 
 1754      7400
 1755              	.LASF63:
 1756 0504 42525245 		.ascii	"BRRED\000"
 1756      4400
 1757              	.LASF16:
 1758 050a 646F7562 		.ascii	"double\000"
 1758      6C6500
 1759              	.LASF120:
ARM GAS  C:\Users\giris\AppData\Local\Temp\ccHDo7tl.s 			page 38


 1760 0511 65434C4F 		.ascii	"eCLOCK_display\000"
 1760      434B5F64 
 1760      6973706C 
 1760      617900
 1761              	.LASF58:
 1762 0520 4D414745 		.ascii	"MAGENTA\000"
 1762      4E544100 
 1763              	.LASF38:
 1764 0528 52435F45 		.ascii	"RC_ERROR_CHECKSUM\000"
 1764      52524F52 
 1764      5F434845 
 1764      434B5355 
 1764      4D00
 1765              	.LASF77:
 1766 053a 73697A65 		.ascii	"size\000"
 1766      00
 1767              	.LASF90:
 1768 053f 626C696E 		.ascii	"blinker\000"
 1768      6B657200 
 1769              	.LASF65:
 1770 0547 4441524B 		.ascii	"DARKBLUE\000"
 1770      424C5545 
 1770      00
 1771              	.LASF105:
 1772 0550 7466745F 		.ascii	"tft_buf\000"
 1772      62756600 
 1773              	.LASF62:
 1774 0558 42524F57 		.ascii	"BROWN\000"
 1774      4E00
 1775              	.LASF116:
 1776 055e 5446545F 		.ascii	"TFT_setTextSize\000"
 1776      73657454 
 1776      65787453 
 1776      697A6500 
 1777              	.LASF47:
 1778 056e 52435F45 		.ascii	"RC_ERROR_CANCELED\000"
 1778      52524F52 
 1778      5F43414E 
 1778      43454C45 
 1778      4400
 1779              	.LASF73:
 1780 0580 434C4F43 		.ascii	"CLOCK_HOURWIDGET\000"
 1780      4B5F484F 
 1780      55525749 
 1780      44474554 
 1780      00
 1781              	.LASF96:
 1782 0591 7478745F 		.ascii	"txt_color_hour\000"
 1782      636F6C6F 
 1782      725F686F 
 1782      757200
 1783              	.LASF74:
 1784 05a0 434C4F43 		.ascii	"CLOCK_MINWIDGET\000"
 1784      4B5F4D49 
 1784      4E574944 
 1784      47455400 
 1785              	.LASF117:
ARM GAS  C:\Users\giris\AppData\Local\Temp\ccHDo7tl.s 			page 39


 1786 05b0 474E5520 		.ascii	"GNU C11 5.4.1 20160609 (release) [ARM/embedded-5-br"
 1786      43313120 
 1786      352E342E 
 1786      31203230 
 1786      31363036 
 1787 05e3 616E6368 		.ascii	"anch revision 237715] -mcpu=cortex-m3 -mthumb -g -O"
 1787      20726576 
 1787      6973696F 
 1787      6E203233 
 1787      37373135 
 1788 0616 67202D66 		.ascii	"g -ffunction-sections -ffat-lto-objects\000"
 1788      66756E63 
 1788      74696F6E 
 1788      2D736563 
 1788      74696F6E 
 1789              	.LASF59:
 1790 063e 47524545 		.ascii	"GREEN\000"
 1790      4E00
 1791              	.LASF93:
 1792 0644 6C6F6361 		.ascii	"local_hour_value\000"
 1792      6C5F686F 
 1792      75725F76 
 1792      616C7565 
 1792      00
 1793              	.LASF54:
 1794 0655 424C5545 		.ascii	"BLUE\000"
 1794      00
 1795              	.LASF106:
 1796 065a 45455F6F 		.ascii	"EE_oo_IRQ_disable_count\000"
 1796      6F5F4952 
 1796      515F6469 
 1796      7361626C 
 1796      655F636F 
 1797              	.LASF91:
 1798 0672 746F6767 		.ascii	"toggle\000"
 1798      6C6500
 1799              	.LASF76:
 1800 0679 434C4F43 		.ascii	"CLOCK_Active_Widget_t\000"
 1800      4B5F4163 
 1800      74697665 
 1800      5F576964 
 1800      6765745F 
 1801              	.LASF55:
 1802 068f 42524544 		.ascii	"BRED\000"
 1802      00
 1803              	.LASF34:
 1804 0694 52435F45 		.ascii	"RC_ERROR_BUFFER_EMTPY\000"
 1804      52524F52 
 1804      5F425546 
 1804      4645525F 
 1804      454D5450 
 1805              	.LASF51:
 1806 06aa 52435F74 		.ascii	"RC_t\000"
 1806      00
 1807              	.LASF84:
 1808 06af 666F6E74 		.ascii	"font_type\000"
 1808      5F747970 
ARM GAS  C:\Users\giris\AppData\Local\Temp\ccHDo7tl.s 			page 40


 1808      6500
 1809              	.LASF36:
 1810 06b9 52435F45 		.ascii	"RC_ERROR_TIME_OUT\000"
 1810      52524F52 
 1810      5F54494D 
 1810      455F4F55 
 1810      5400
 1811              		.ident	"GCC: (GNU Tools for ARM Embedded Processors) 5.4.1 20160609 (release) [ARM/embedded-5-bran
