ARM GAS  C:\Users\giris\AppData\Local\Temp\cch68yjz.s 			page 1


   1              		.syntax unified
   2              		.cpu cortex-m3
   3              		.fpu softvfp
   4              		.eabi_attribute 20, 1
   5              		.eabi_attribute 21, 1
   6              		.eabi_attribute 23, 3
   7              		.eabi_attribute 24, 1
   8              		.eabi_attribute 25, 1
   9              		.eabi_attribute 26, 1
  10              		.eabi_attribute 30, 1
  11              		.eabi_attribute 34, 1
  12              		.eabi_attribute 18, 4
  13              		.thumb
  14              		.syntax unified
  15              		.file	"sc_input_type.c"
  16              		.text
  17              	.Ltext0:
  18              		.cfi_sections	.debug_frame
  19              		.section	.text.SC_INPUT_driverIn,"ax",%progbits
  20              		.align	2
  21              		.global	SC_INPUT_driverIn
  22              		.thumb
  23              		.thumb_func
  24              		.type	SC_INPUT_driverIn, %function
  25              	SC_INPUT_driverIn:
  26              	.LFB111:
  27              		.file 1 "source\\rte\\sc_input_type.c"
   1:source\rte/sc_input_type.c **** /*
   2:source\rte/sc_input_type.c ****  * Filename: sc_input_type.c
   3:source\rte/sc_input_type.c ****  *
   4:source\rte/sc_input_type.c ****  * Author: Autogenerated by H-DA RTE Generator, (c) Prof. Fromm
   5:source\rte/sc_input_type.c ****  *
   6:source\rte/sc_input_type.c ****  * description: Signalclass
   7:source\rte/sc_input_type.c ****  * name: sc_input
   8:source\rte/sc_input_type.c ****  * shortname: input
   9:source\rte/sc_input_type.c ****  *
  10:source\rte/sc_input_type.c ****  */
  11:source\rte/sc_input_type.c **** 
  12:source\rte/sc_input_type.c **** #include "project.h"
  13:source\rte/sc_input_type.c **** #include "global.h"
  14:source\rte/sc_input_type.c **** #include "rte.h"
  15:source\rte/sc_input_type.c **** #include "rte_types.h"
  16:source\rte/sc_input_type.c **** #include "sc_input_type.h"
  17:source\rte/sc_input_type.c **** 
  18:source\rte/sc_input_type.c **** 
  19:source\rte/sc_input_type.c **** 
  20:source\rte/sc_input_type.c **** /* USER CODE START SC_INPUT_INCLUDE */
  21:source\rte/sc_input_type.c **** #include "stdlib.h"
  22:source\rte/sc_input_type.c **** /* USER CODE END SC_INPUT_INCLUDE */
  23:source\rte/sc_input_type.c **** 
  24:source\rte/sc_input_type.c **** 
  25:source\rte/sc_input_type.c **** 
  26:source\rte/sc_input_type.c **** 
  27:source\rte/sc_input_type.c **** /* USER CODE START SC_INPUT_USERDEFINITIONS */
  28:source\rte/sc_input_type.c **** 
  29:source\rte/sc_input_type.c **** /* USER CODE END SC_INPUT_USERDEFINITIONS */
  30:source\rte/sc_input_type.c **** 
ARM GAS  C:\Users\giris\AppData\Local\Temp\cch68yjz.s 			page 2


  31:source\rte/sc_input_type.c **** 
  32:source\rte/sc_input_type.c **** /*****************************************************************************************
  33:source\rte/sc_input_type.c ****  *************** Port Wrapper Implementation for SC_INPUT signal  ****************
  34:source\rte/sc_input_type.c ****  *****************************************************************************************/
  35:source\rte/sc_input_type.c ****  
  36:source\rte/sc_input_type.c ****  
  37:source\rte/sc_input_type.c **** 
  38:source\rte/sc_input_type.c **** /**
  39:source\rte/sc_input_type.c ****  * Default IN driver API
  40:source\rte/sc_input_type.c ****  */
  41:source\rte/sc_input_type.c **** inline RC_t SC_INPUT_driverIn(SC_INPUT_data_t *const data)
  42:source\rte/sc_input_type.c **** {
  28              		.loc 1 42 0
  29              		.cfi_startproc
  30              		@ args = 0, pretend = 0, frame = 0
  31              		@ frame_needed = 0, uses_anonymous_args = 0
  32              	.LVL0:
  33 0000 10B5     		push	{r4, lr}
  34              		.cfi_def_cfa_offset 8
  35              		.cfi_offset 4, -8
  36              		.cfi_offset 14, -4
  37 0002 0446     		mov	r4, r0
  43:source\rte/sc_input_type.c **** 	/* USER CODE START driverInSC_INPUT */
  44:source\rte/sc_input_type.c ****     
  45:source\rte/sc_input_type.c **** //    UART_LOG_PutString("i am in driverIn");
  46:source\rte/sc_input_type.c **** //    char buffer[100];
  47:source\rte/sc_input_type.c ****     
  48:source\rte/sc_input_type.c ****     static uint16_t KeyLeft_Button_3_flag = 0;
  49:source\rte/sc_input_type.c ****     static uint16_t KeyLeft_Button_4_flag = 0;
  50:source\rte/sc_input_type.c ****     
  51:source\rte/sc_input_type.c ****     static uint16_t tickperiod   =   0;
  52:source\rte/sc_input_type.c ****     
  53:source\rte/sc_input_type.c ****     static uint16_t tick_1min    =   0;
  54:source\rte/sc_input_type.c ****     static uint16_t tick_250ms   =   0;
  55:source\rte/sc_input_type.c ****     
  56:source\rte/sc_input_type.c ****     data->m_ev = EV_NONE;
  38              		.loc 1 56 0
  39 0004 0023     		movs	r3, #0
  40 0006 8370     		strb	r3, [r0, #2]
  57:source\rte/sc_input_type.c ****     
  58:source\rte/sc_input_type.c ****     data->KeyLeft_Button_3_Status  = KeyLeft_Button_3_Read();
  41              		.loc 1 58 0
  42 0008 FFF7FEFF 		bl	KeyLeft_Button_3_Read
  43              	.LVL1:
  44 000c 2070     		strb	r0, [r4]
  59:source\rte/sc_input_type.c ****     data->KeyRight_Button_4_Status = KeyRight_Button_4_Read();
  45              		.loc 1 59 0
  46 000e FFF7FEFF 		bl	KeyRight_Button_4_Read
  47              	.LVL2:
  48 0012 6070     		strb	r0, [r4, #1]
  60:source\rte/sc_input_type.c ****     
  61:source\rte/sc_input_type.c ****     if(tick_250ms == 250)
  49              		.loc 1 61 0
  50 0014 2C4B     		ldr	r3, .L12
  51 0016 1B88     		ldrh	r3, [r3]
  52 0018 FA2B     		cmp	r3, #250
  53 001a 05D1     		bne	.L2
ARM GAS  C:\Users\giris\AppData\Local\Temp\cch68yjz.s 			page 3


  62:source\rte/sc_input_type.c ****     {
  63:source\rte/sc_input_type.c ****         data->m_ev = EV_250MS;
  54              		.loc 1 63 0
  55 001c 0423     		movs	r3, #4
  56 001e A370     		strb	r3, [r4, #2]
  64:source\rte/sc_input_type.c ****         tick_250ms  =   0;
  57              		.loc 1 64 0
  58 0020 0022     		movs	r2, #0
  59 0022 294B     		ldr	r3, .L12
  60 0024 1A80     		strh	r2, [r3]	@ movhi
  61 0026 02E0     		b	.L3
  62              	.L2:
  65:source\rte/sc_input_type.c ****     }
  66:source\rte/sc_input_type.c ****     else
  67:source\rte/sc_input_type.c ****     {
  68:source\rte/sc_input_type.c ****         tick_250ms  =   tick_250ms  +   50;
  63              		.loc 1 68 0
  64 0028 3233     		adds	r3, r3, #50
  65 002a 274A     		ldr	r2, .L12
  66 002c 1380     		strh	r3, [r2]	@ movhi
  67              	.L3:
  69:source\rte/sc_input_type.c ****     }
  70:source\rte/sc_input_type.c ****     
  71:source\rte/sc_input_type.c ****     if(tick_1min == 60000)
  68              		.loc 1 71 0
  69 002e 264B     		ldr	r3, .L12
  70 0030 5B88     		ldrh	r3, [r3, #2]
  71 0032 4EF66022 		movw	r2, #60000
  72 0036 9342     		cmp	r3, r2
  73 0038 05D1     		bne	.L4
  72:source\rte/sc_input_type.c ****     {
  73:source\rte/sc_input_type.c ****         data->m_ev = EV_1MIN;
  74              		.loc 1 73 0
  75 003a 0523     		movs	r3, #5
  76 003c A370     		strb	r3, [r4, #2]
  74:source\rte/sc_input_type.c ****         tick_1min   =   0;
  77              		.loc 1 74 0
  78 003e 0022     		movs	r2, #0
  79 0040 214B     		ldr	r3, .L12
  80 0042 5A80     		strh	r2, [r3, #2]	@ movhi
  81 0044 02E0     		b	.L5
  82              	.L4:
  75:source\rte/sc_input_type.c ****     }
  76:source\rte/sc_input_type.c ****     else
  77:source\rte/sc_input_type.c ****     {
  78:source\rte/sc_input_type.c ****         tick_1min   =   tick_1min   +   50;
  83              		.loc 1 78 0
  84 0046 3233     		adds	r3, r3, #50
  85 0048 1F4A     		ldr	r2, .L12
  86 004a 5380     		strh	r3, [r2, #2]	@ movhi
  87              	.L5:
  79:source\rte/sc_input_type.c ****     }
  80:source\rte/sc_input_type.c ****     
  81:source\rte/sc_input_type.c ****     if(data->KeyLeft_Button_3_Status == 1)
  88              		.loc 1 81 0
  89 004c 2278     		ldrb	r2, [r4]	@ zero_extendqisi2
  90 004e 012A     		cmp	r2, #1
ARM GAS  C:\Users\giris\AppData\Local\Temp\cch68yjz.s 			page 4


  91 0050 02D1     		bne	.L6
  82:source\rte/sc_input_type.c ****     {
  83:source\rte/sc_input_type.c ****         KeyLeft_Button_3_flag = 1;
  92              		.loc 1 83 0
  93 0052 0121     		movs	r1, #1
  94 0054 1C4B     		ldr	r3, .L12
  95 0056 9980     		strh	r1, [r3, #4]	@ movhi
  96              	.L6:
  84:source\rte/sc_input_type.c ****     }
  85:source\rte/sc_input_type.c ****     if(data->KeyRight_Button_4_Status == 1)
  97              		.loc 1 85 0
  98 0058 6378     		ldrb	r3, [r4, #1]	@ zero_extendqisi2
  99 005a 012B     		cmp	r3, #1
 100 005c 05D1     		bne	.L7
  86:source\rte/sc_input_type.c ****     {
  87:source\rte/sc_input_type.c ****         KeyLeft_Button_4_flag = 1;
 101              		.loc 1 87 0
 102 005e 1A49     		ldr	r1, .L12
 103 0060 0120     		movs	r0, #1
 104 0062 C880     		strh	r0, [r1, #6]	@ movhi
  88:source\rte/sc_input_type.c ****         
  89:source\rte/sc_input_type.c ****         tickperiod += 100;
 105              		.loc 1 89 0
 106 0064 0889     		ldrh	r0, [r1, #8]
 107 0066 6430     		adds	r0, r0, #100
 108 0068 0881     		strh	r0, [r1, #8]	@ movhi
 109              	.L7:
  90:source\rte/sc_input_type.c **** //        itoa(tickperiod, buffer, 10);
  91:source\rte/sc_input_type.c **** //        UART_LOG_PutString(buffer);
  92:source\rte/sc_input_type.c **** //        UART_LOG_PutString("\n");
  93:source\rte/sc_input_type.c ****     }
  94:source\rte/sc_input_type.c ****     
  95:source\rte/sc_input_type.c ****     if(data->KeyLeft_Button_3_Status == 0 && KeyLeft_Button_3_flag == 1)
 110              		.loc 1 95 0
 111 006a 4AB9     		cbnz	r2, .L8
 112              		.loc 1 95 0 is_stmt 0 discriminator 1
 113 006c 164A     		ldr	r2, .L12
 114 006e 9288     		ldrh	r2, [r2, #4]
 115 0070 012A     		cmp	r2, #1
 116 0072 05D1     		bne	.L8
  96:source\rte/sc_input_type.c ****     {
  97:source\rte/sc_input_type.c ****         data->m_ev = EV_KEYLEFT;        
 117              		.loc 1 97 0 is_stmt 1
 118 0074 0123     		movs	r3, #1
 119 0076 A370     		strb	r3, [r4, #2]
  98:source\rte/sc_input_type.c ****         KeyLeft_Button_3_flag = 0; 
 120              		.loc 1 98 0
 121 0078 0022     		movs	r2, #0
 122 007a 134B     		ldr	r3, .L12
 123 007c 9A80     		strh	r2, [r3, #4]	@ movhi
 124 007e 20E0     		b	.L9
 125              	.L8:
  99:source\rte/sc_input_type.c ****         
 100:source\rte/sc_input_type.c **** //        itoa(data->m_ev, buffer, 10);
 101:source\rte/sc_input_type.c **** //        UART_LOG_PutString(buffer);
 102:source\rte/sc_input_type.c ****     }
 103:source\rte/sc_input_type.c ****     else if(data->KeyRight_Button_4_Status == 0 && KeyLeft_Button_4_flag == 1 && tickperiod < 1000)
ARM GAS  C:\Users\giris\AppData\Local\Temp\cch68yjz.s 			page 5


 126              		.loc 1 103 0
 127 0080 7BB9     		cbnz	r3, .L10
 128              		.loc 1 103 0 is_stmt 0 discriminator 1
 129 0082 114A     		ldr	r2, .L12
 130 0084 D288     		ldrh	r2, [r2, #6]
 131 0086 012A     		cmp	r2, #1
 132 0088 0BD1     		bne	.L10
 133              		.loc 1 103 0 discriminator 2
 134 008a 0F4A     		ldr	r2, .L12
 135 008c 1289     		ldrh	r2, [r2, #8]
 136 008e B2F57A7F 		cmp	r2, #1000
 137 0092 06D2     		bcs	.L10
 104:source\rte/sc_input_type.c ****     {
 105:source\rte/sc_input_type.c ****         data->m_ev = EV_KEYRIGHT;
 138              		.loc 1 105 0 is_stmt 1
 139 0094 0223     		movs	r3, #2
 140 0096 A370     		strb	r3, [r4, #2]
 106:source\rte/sc_input_type.c ****         KeyLeft_Button_4_flag = 0;
 141              		.loc 1 106 0
 142 0098 0B4B     		ldr	r3, .L12
 143 009a 0022     		movs	r2, #0
 144 009c DA80     		strh	r2, [r3, #6]	@ movhi
 107:source\rte/sc_input_type.c ****         tickperiod = 0;
 145              		.loc 1 107 0
 146 009e 1A81     		strh	r2, [r3, #8]	@ movhi
 147 00a0 0FE0     		b	.L9
 148              	.L10:
 108:source\rte/sc_input_type.c ****         
 109:source\rte/sc_input_type.c **** //        itoa(data->m_ev, buffer, 10);
 110:source\rte/sc_input_type.c **** //        UART_LOG_PutString(buffer);
 111:source\rte/sc_input_type.c ****     }
 112:source\rte/sc_input_type.c ****     else if(data->KeyRight_Button_4_Status == 0 && KeyLeft_Button_4_flag == 1 && tickperiod > 1000)
 149              		.loc 1 112 0
 150 00a2 73B9     		cbnz	r3, .L9
 151              		.loc 1 112 0 is_stmt 0 discriminator 1
 152 00a4 084B     		ldr	r3, .L12
 153 00a6 DB88     		ldrh	r3, [r3, #6]
 154 00a8 012B     		cmp	r3, #1
 155 00aa 0AD1     		bne	.L9
 156              		.loc 1 112 0 discriminator 2
 157 00ac 064B     		ldr	r3, .L12
 158 00ae 1B89     		ldrh	r3, [r3, #8]
 159 00b0 B3F57A7F 		cmp	r3, #1000
 160 00b4 05D9     		bls	.L9
 113:source\rte/sc_input_type.c ****     {
 114:source\rte/sc_input_type.c ****         data->m_ev = EV_KEYRIGHTLONGPRESS;
 161              		.loc 1 114 0 is_stmt 1
 162 00b6 0323     		movs	r3, #3
 163 00b8 A370     		strb	r3, [r4, #2]
 115:source\rte/sc_input_type.c ****         KeyLeft_Button_4_flag = 0;
 164              		.loc 1 115 0
 165 00ba 034B     		ldr	r3, .L12
 166 00bc 0022     		movs	r2, #0
 167 00be DA80     		strh	r2, [r3, #6]	@ movhi
 116:source\rte/sc_input_type.c ****         tickperiod = 0;
 168              		.loc 1 116 0
 169 00c0 1A81     		strh	r2, [r3, #8]	@ movhi
ARM GAS  C:\Users\giris\AppData\Local\Temp\cch68yjz.s 			page 6


 170              	.L9:
 117:source\rte/sc_input_type.c ****         
 118:source\rte/sc_input_type.c **** //        itoa(data->m_ev, buffer, 10);
 119:source\rte/sc_input_type.c **** //        UART_LOG_PutString(buffer);
 120:source\rte/sc_input_type.c ****     }
 121:source\rte/sc_input_type.c ****     
 122:source\rte/sc_input_type.c **** 	//Read data from the MCAL driver
 123:source\rte/sc_input_type.c **** 
 124:source\rte/sc_input_type.c **** 	//Scale it to the application type
 125:source\rte/sc_input_type.c **** 
 126:source\rte/sc_input_type.c **** 	return RC_SUCCESS;
 127:source\rte/sc_input_type.c **** 	/* USER CODE END driverInSC_INPUT */
 128:source\rte/sc_input_type.c **** }
 171              		.loc 1 128 0
 172 00c2 0020     		movs	r0, #0
 173 00c4 10BD     		pop	{r4, pc}
 174              	.LVL3:
 175              	.L13:
 176 00c6 00BF     		.align	2
 177              	.L12:
 178 00c8 00000000 		.word	.LANCHOR0
 179              		.cfi_endproc
 180              	.LFE111:
 181              		.size	SC_INPUT_driverIn, .-SC_INPUT_driverIn
 182              		.bss
 183              		.align	1
 184              		.set	.LANCHOR0,. + 0
 185              		.type	tick_250ms.7821, %object
 186              		.size	tick_250ms.7821, 2
 187              	tick_250ms.7821:
 188 0000 0000     		.space	2
 189              		.type	tick_1min.7820, %object
 190              		.size	tick_1min.7820, 2
 191              	tick_1min.7820:
 192 0002 0000     		.space	2
 193              		.type	KeyLeft_Button_3_flag.7817, %object
 194              		.size	KeyLeft_Button_3_flag.7817, 2
 195              	KeyLeft_Button_3_flag.7817:
 196 0004 0000     		.space	2
 197              		.type	KeyLeft_Button_4_flag.7818, %object
 198              		.size	KeyLeft_Button_4_flag.7818, 2
 199              	KeyLeft_Button_4_flag.7818:
 200 0006 0000     		.space	2
 201              		.type	tickperiod.7819, %object
 202              		.size	tickperiod.7819, 2
 203              	tickperiod.7819:
 204 0008 0000     		.space	2
 205              		.text
 206              	.Letext0:
 207              		.file 2 "c:\\program files (x86)\\cypress\\psoc creator\\4.4\\psoc creator\\import\\gnu\\arm\\5.4.
 208              		.file 3 "c:\\program files (x86)\\cypress\\psoc creator\\4.4\\psoc creator\\import\\gnu\\arm\\5.4.
 209              		.file 4 "Generated_Source\\PSoC5/ErikaOS_common_ee_types.inc"
 210              		.file 5 "Generated_Source\\PSoC5/ErikaOS_cortex_mx_ee_cpu.inc"
 211              		.file 6 ".\\source\\bsw/global.h"
 212              		.file 7 ".\\source\\bsw\\tft/tft.h"
 213              		.file 8 ".\\source\\asw/clock_type.h"
 214              		.file 9 ".\\source\\asw/statemachine.h"
ARM GAS  C:\Users\giris\AppData\Local\Temp\cch68yjz.s 			page 7


 215              		.file 10 "source\\rte\\sc_input_type.h"
 216              		.file 11 "Generated_Source\\PSoC5/ErikaOS_ee_oo_intfunc.inc"
 217              		.file 12 "Generated_Source\\PSoC5/ErikaOS_cortex_mx_ee_context.inc"
 218              		.file 13 "Generated_Source\\PSoC5/ErikaOS_common_ee_primitives.inc"
 219              		.file 14 "Generated_Source\\PSoC5/core_cm3.h"
 220              		.file 15 "Generated_Source\\PSoC5/KeyLeft_Button_3.h"
 221              		.file 16 "Generated_Source\\PSoC5/KeyRight_Button_4.h"
 222              		.section	.debug_info,"",%progbits
 223              	.Ldebug_info0:
 224 0000 2F060000 		.4byte	0x62f
 225 0004 0400     		.2byte	0x4
 226 0006 00000000 		.4byte	.Ldebug_abbrev0
 227 000a 04       		.byte	0x4
 228 000b 01       		.uleb128 0x1
 229 000c 17060000 		.4byte	.LASF141
 230 0010 0C       		.byte	0xc
 231 0011 24020000 		.4byte	.LASF142
 232 0015 72020000 		.4byte	.LASF143
 233 0019 00000000 		.4byte	.Ldebug_ranges0+0
 234 001d 00000000 		.4byte	0
 235 0021 00000000 		.4byte	.Ldebug_line0
 236 0025 02       		.uleb128 0x2
 237 0026 01       		.byte	0x1
 238 0027 06       		.byte	0x6
 239 0028 00010000 		.4byte	.LASF0
 240 002c 03       		.uleb128 0x3
 241 002d 45000000 		.4byte	.LASF3
 242 0031 02       		.byte	0x2
 243 0032 1D       		.byte	0x1d
 244 0033 37000000 		.4byte	0x37
 245 0037 02       		.uleb128 0x2
 246 0038 01       		.byte	0x1
 247 0039 08       		.byte	0x8
 248 003a A7050000 		.4byte	.LASF1
 249 003e 02       		.uleb128 0x2
 250 003f 02       		.byte	0x2
 251 0040 05       		.byte	0x5
 252 0041 D7050000 		.4byte	.LASF2
 253 0045 03       		.uleb128 0x3
 254 0046 0D070000 		.4byte	.LASF4
 255 004a 02       		.byte	0x2
 256 004b 2B       		.byte	0x2b
 257 004c 50000000 		.4byte	0x50
 258 0050 02       		.uleb128 0x2
 259 0051 02       		.byte	0x2
 260 0052 07       		.byte	0x7
 261 0053 7A030000 		.4byte	.LASF5
 262 0057 03       		.uleb128 0x3
 263 0058 1D040000 		.4byte	.LASF6
 264 005c 02       		.byte	0x2
 265 005d 3F       		.byte	0x3f
 266 005e 62000000 		.4byte	0x62
 267 0062 02       		.uleb128 0x2
 268 0063 04       		.byte	0x4
 269 0064 05       		.byte	0x5
 270 0065 7A010000 		.4byte	.LASF7
 271 0069 02       		.uleb128 0x2
ARM GAS  C:\Users\giris\AppData\Local\Temp\cch68yjz.s 			page 8


 272 006a 04       		.byte	0x4
 273 006b 07       		.byte	0x7
 274 006c 00030000 		.4byte	.LASF8
 275 0070 02       		.uleb128 0x2
 276 0071 08       		.byte	0x8
 277 0072 05       		.byte	0x5
 278 0073 F2000000 		.4byte	.LASF9
 279 0077 02       		.uleb128 0x2
 280 0078 08       		.byte	0x8
 281 0079 07       		.byte	0x7
 282 007a 58030000 		.4byte	.LASF10
 283 007e 04       		.uleb128 0x4
 284 007f 04       		.byte	0x4
 285 0080 05       		.byte	0x5
 286 0081 696E7400 		.ascii	"int\000"
 287 0085 02       		.uleb128 0x2
 288 0086 04       		.byte	0x4
 289 0087 07       		.byte	0x7
 290 0088 B7020000 		.4byte	.LASF11
 291 008c 03       		.uleb128 0x3
 292 008d 0E080000 		.4byte	.LASF12
 293 0091 03       		.byte	0x3
 294 0092 18       		.byte	0x18
 295 0093 2C000000 		.4byte	0x2c
 296 0097 03       		.uleb128 0x3
 297 0098 CC020000 		.4byte	.LASF13
 298 009c 03       		.byte	0x3
 299 009d 24       		.byte	0x24
 300 009e 45000000 		.4byte	0x45
 301 00a2 03       		.uleb128 0x3
 302 00a3 9F050000 		.4byte	.LASF14
 303 00a7 03       		.byte	0x3
 304 00a8 2C       		.byte	0x2c
 305 00a9 57000000 		.4byte	0x57
 306 00ad 02       		.uleb128 0x2
 307 00ae 04       		.byte	0x4
 308 00af 04       		.byte	0x4
 309 00b0 F5060000 		.4byte	.LASF15
 310 00b4 02       		.uleb128 0x2
 311 00b5 08       		.byte	0x8
 312 00b6 04       		.byte	0x4
 313 00b7 C0010000 		.4byte	.LASF16
 314 00bb 02       		.uleb128 0x2
 315 00bc 01       		.byte	0x1
 316 00bd 08       		.byte	0x8
 317 00be FB060000 		.4byte	.LASF17
 318 00c2 02       		.uleb128 0x2
 319 00c3 08       		.byte	0x8
 320 00c4 04       		.byte	0x4
 321 00c5 77040000 		.4byte	.LASF18
 322 00c9 02       		.uleb128 0x2
 323 00ca 04       		.byte	0x4
 324 00cb 07       		.byte	0x7
 325 00cc 5C040000 		.4byte	.LASF19
 326 00d0 03       		.uleb128 0x3
 327 00d1 05080000 		.4byte	.LASF20
 328 00d5 04       		.byte	0x4
ARM GAS  C:\Users\giris\AppData\Local\Temp\cch68yjz.s 			page 9


 329 00d6 53       		.byte	0x53
 330 00d7 7E000000 		.4byte	0x7e
 331 00db 03       		.uleb128 0x3
 332 00dc EC070000 		.4byte	.LASF21
 333 00e0 04       		.byte	0x4
 334 00e1 54       		.byte	0x54
 335 00e2 85000000 		.4byte	0x85
 336 00e6 03       		.uleb128 0x3
 337 00e7 E6020000 		.4byte	.LASF22
 338 00eb 05       		.byte	0x5
 339 00ec 4D       		.byte	0x4d
 340 00ed DB000000 		.4byte	0xdb
 341 00f1 03       		.uleb128 0x3
 342 00f2 76080000 		.4byte	.LASF23
 343 00f6 05       		.byte	0x5
 344 00f7 4F       		.byte	0x4f
 345 00f8 DB000000 		.4byte	0xdb
 346 00fc 03       		.uleb128 0x3
 347 00fd 59020000 		.4byte	.LASF24
 348 0101 05       		.byte	0x5
 349 0102 78       		.byte	0x78
 350 0103 D0000000 		.4byte	0xd0
 351 0107 03       		.uleb128 0x3
 352 0108 83040000 		.4byte	.LASF25
 353 010c 06       		.byte	0x6
 354 010d 9C       		.byte	0x9c
 355 010e 37000000 		.4byte	0x37
 356 0112 05       		.uleb128 0x5
 357 0113 01       		.byte	0x1
 358 0114 25000000 		.4byte	0x25
 359 0118 06       		.byte	0x6
 360 0119 CF       		.byte	0xcf
 361 011a BB010000 		.4byte	0x1bb
 362 011e 06       		.uleb128 0x6
 363 011f 2F030000 		.4byte	.LASF26
 364 0123 00       		.byte	0
 365 0124 07       		.uleb128 0x7
 366 0125 38050000 		.4byte	.LASF27
 367 0129 7F       		.sleb128 -1
 368 012a 07       		.uleb128 0x7
 369 012b 12030000 		.4byte	.LASF28
 370 012f 7E       		.sleb128 -2
 371 0130 07       		.uleb128 0x7
 372 0131 AA060000 		.4byte	.LASF29
 373 0135 7D       		.sleb128 -3
 374 0136 07       		.uleb128 0x7
 375 0137 79070000 		.4byte	.LASF30
 376 013b 7C       		.sleb128 -4
 377 013c 07       		.uleb128 0x7
 378 013d F6070000 		.4byte	.LASF31
 379 0141 7B       		.sleb128 -5
 380 0142 07       		.uleb128 0x7
 381 0143 53070000 		.4byte	.LASF32
 382 0147 7A       		.sleb128 -6
 383 0148 07       		.uleb128 0x7
 384 0149 F3040000 		.4byte	.LASF33
 385 014d 79       		.sleb128 -7
ARM GAS  C:\Users\giris\AppData\Local\Temp\cch68yjz.s 			page 10


 386 014e 07       		.uleb128 0x7
 387 014f A5030000 		.4byte	.LASF34
 388 0153 78       		.sleb128 -8
 389 0154 07       		.uleb128 0x7
 390 0155 4D010000 		.4byte	.LASF35
 391 0159 77       		.sleb128 -9
 392 015a 07       		.uleb128 0x7
 393 015b 53050000 		.4byte	.LASF36
 394 015f 76       		.sleb128 -10
 395 0160 07       		.uleb128 0x7
 396 0161 90000000 		.4byte	.LASF37
 397 0165 75       		.sleb128 -11
 398 0166 07       		.uleb128 0x7
 399 0167 A9010000 		.4byte	.LASF38
 400 016b 74       		.sleb128 -12
 401 016c 07       		.uleb128 0x7
 402 016d EE020000 		.4byte	.LASF39
 403 0171 73       		.sleb128 -13
 404 0172 07       		.uleb128 0x7
 405 0173 E2060000 		.4byte	.LASF40
 406 0177 72       		.sleb128 -14
 407 0178 07       		.uleb128 0x7
 408 0179 54000000 		.4byte	.LASF41
 409 017d 71       		.sleb128 -15
 410 017e 07       		.uleb128 0x7
 411 017f B8040000 		.4byte	.LASF42
 412 0183 70       		.sleb128 -16
 413 0184 07       		.uleb128 0x7
 414 0185 05050000 		.4byte	.LASF43
 415 0189 6F       		.sleb128 -17
 416 018a 07       		.uleb128 0x7
 417 018b DC030000 		.4byte	.LASF44
 418 018f 6E       		.sleb128 -18
 419 0190 07       		.uleb128 0x7
 420 0191 0A040000 		.4byte	.LASF45
 421 0195 6D       		.sleb128 -19
 422 0196 07       		.uleb128 0x7
 423 0197 CF060000 		.4byte	.LASF46
 424 019b 6C       		.sleb128 -20
 425 019c 07       		.uleb128 0x7
 426 019d 7E000000 		.4byte	.LASF47
 427 01a1 6B       		.sleb128 -21
 428 01a2 07       		.uleb128 0x7
 429 01a3 DC040000 		.4byte	.LASF48
 430 01a7 6A       		.sleb128 -22
 431 01a8 07       		.uleb128 0x7
 432 01a9 21000000 		.4byte	.LASF49
 433 01ad 69       		.sleb128 -23
 434 01ae 07       		.uleb128 0x7
 435 01af D5020000 		.4byte	.LASF50
 436 01b3 68       		.sleb128 -24
 437 01b4 07       		.uleb128 0x7
 438 01b5 32070000 		.4byte	.LASF51
 439 01b9 67       		.sleb128 -25
 440 01ba 00       		.byte	0
 441 01bb 03       		.uleb128 0x3
 442 01bc 4F000000 		.4byte	.LASF52
ARM GAS  C:\Users\giris\AppData\Local\Temp\cch68yjz.s 			page 11


 443 01c0 06       		.byte	0x6
 444 01c1 EA       		.byte	0xea
 445 01c2 12010000 		.4byte	0x112
 446 01c6 05       		.uleb128 0x5
 447 01c7 02       		.byte	0x2
 448 01c8 50000000 		.4byte	0x50
 449 01cc 07       		.byte	0x7
 450 01cd 5C       		.byte	0x5c
 451 01ce 64020000 		.4byte	0x264
 452 01d2 08       		.uleb128 0x8
 453 01d3 DF000000 		.4byte	.LASF53
 454 01d7 FFFF     		.2byte	0xffff
 455 01d9 06       		.uleb128 0x6
 456 01da 00070000 		.4byte	.LASF54
 457 01de 00       		.byte	0
 458 01df 08       		.uleb128 0x8
 459 01e0 18070000 		.4byte	.LASF55
 460 01e4 00F8     		.2byte	0xf800
 461 01e6 08       		.uleb128 0x8
 462 01e7 41050000 		.4byte	.LASF56
 463 01eb 1FF8     		.2byte	0xf81f
 464 01ed 08       		.uleb128 0x8
 465 01ee 40000000 		.4byte	.LASF57
 466 01f2 FF07     		.2byte	0x7ff
 467 01f4 08       		.uleb128 0x8
 468 01f5 52030000 		.4byte	.LASF58
 469 01f9 E0FF     		.2byte	0xffe0
 470 01fb 09       		.uleb128 0x9
 471 01fc 52454400 		.ascii	"RED\000"
 472 0200 1F       		.byte	0x1f
 473 0201 08       		.uleb128 0x8
 474 0202 38000000 		.4byte	.LASF59
 475 0206 1FF8     		.2byte	0xf81f
 476 0208 08       		.uleb128 0x8
 477 0209 2C070000 		.4byte	.LASF60
 478 020d E007     		.2byte	0x7e0
 479 020f 08       		.uleb128 0x8
 480 0210 A5060000 		.4byte	.LASF61
 481 0214 E0FF     		.2byte	0xffe0
 482 0216 08       		.uleb128 0x8
 483 0217 A2010000 		.4byte	.LASF62
 484 021b FF07     		.2byte	0x7ff
 485 021d 08       		.uleb128 0x8
 486 021e 83010000 		.4byte	.LASF63
 487 0222 3D02     		.2byte	0x23d
 488 0224 08       		.uleb128 0x8
 489 0225 1E020000 		.4byte	.LASF64
 490 0229 3FE0     		.2byte	0xe03f
 491 022b 08       		.uleb128 0x8
 492 022c EE040000 		.4byte	.LASF65
 493 0230 210C     		.2byte	0xc21
 494 0232 08       		.uleb128 0x8
 495 0233 19050000 		.4byte	.LASF66
 496 0237 89F3     		.2byte	0xf389
 497 0239 08       		.uleb128 0x8
 498 023a 27040000 		.4byte	.LASF67
 499 023e BE3E     		.2byte	0x3ebe
ARM GAS  C:\Users\giris\AppData\Local\Temp\cch68yjz.s 			page 12


 500 0240 08       		.uleb128 0x8
 501 0241 44080000 		.4byte	.LASF68
 502 0245 2A1A     		.2byte	0x1a2a
 503 0247 08       		.uleb128 0x8
 504 0248 64070000 		.4byte	.LASF69
 505 024c 21F8     		.2byte	0xf821
 506 024e 08       		.uleb128 0x8
 507 024f 3F020000 		.4byte	.LASF70
 508 0253 6318     		.2byte	0x1863
 509 0255 08       		.uleb128 0x8
 510 0256 D2030000 		.4byte	.LASF71
 511 025a 658A     		.2byte	0x8a65
 512 025c 08       		.uleb128 0x8
 513 025d BA030000 		.4byte	.LASF72
 514 0261 D448     		.2byte	0x48d4
 515 0263 00       		.byte	0
 516 0264 03       		.uleb128 0x3
 517 0265 E5000000 		.4byte	.LASF73
 518 0269 07       		.byte	0x7
 519 026a 72       		.byte	0x72
 520 026b C6010000 		.4byte	0x1c6
 521 026f 05       		.uleb128 0x5
 522 0270 01       		.byte	0x1
 523 0271 37000000 		.4byte	0x37
 524 0275 08       		.byte	0x8
 525 0276 56       		.byte	0x56
 526 0277 A0020000 		.4byte	0x2a0
 527 027b 06       		.uleb128 0x6
 528 027c 4B070000 		.4byte	.LASF74
 529 0280 00       		.byte	0
 530 0281 06       		.uleb128 0x6
 531 0282 16000000 		.4byte	.LASF75
 532 0286 01       		.byte	0x1
 533 0287 06       		.uleb128 0x6
 534 0288 12020000 		.4byte	.LASF76
 535 028c 02       		.byte	0x2
 536 028d 06       		.uleb128 0x6
 537 028e 2F080000 		.4byte	.LASF77
 538 0292 03       		.byte	0x3
 539 0293 06       		.uleb128 0x6
 540 0294 B7010000 		.4byte	.LASF78
 541 0298 04       		.byte	0x4
 542 0299 06       		.uleb128 0x6
 543 029a C4020000 		.4byte	.LASF79
 544 029e 05       		.byte	0x5
 545 029f 00       		.byte	0
 546 02a0 03       		.uleb128 0x3
 547 02a1 54040000 		.4byte	.LASF80
 548 02a5 08       		.byte	0x8
 549 02a6 5F       		.byte	0x5f
 550 02a7 6F020000 		.4byte	0x26f
 551 02ab 05       		.uleb128 0x5
 552 02ac 01       		.byte	0x1
 553 02ad 37000000 		.4byte	0x37
 554 02b1 08       		.byte	0x8
 555 02b2 62       		.byte	0x62
 556 02b3 DC020000 		.4byte	0x2dc
ARM GAS  C:\Users\giris\AppData\Local\Temp\cch68yjz.s 			page 13


 557 02b7 06       		.uleb128 0x6
 558 02b8 A2000000 		.4byte	.LASF81
 559 02bc 00       		.byte	0
 560 02bd 06       		.uleb128 0x6
 561 02be 24010000 		.4byte	.LASF82
 562 02c2 01       		.byte	0x1
 563 02c3 06       		.uleb128 0x6
 564 02c4 E1050000 		.4byte	.LASF83
 565 02c8 02       		.byte	0x2
 566 02c9 06       		.uleb128 0x6
 567 02ca 89070000 		.4byte	.LASF84
 568 02ce 03       		.byte	0x3
 569 02cf 06       		.uleb128 0x6
 570 02d0 65040000 		.4byte	.LASF85
 571 02d4 04       		.byte	0x4
 572 02d5 06       		.uleb128 0x6
 573 02d6 3A030000 		.4byte	.LASF86
 574 02da 05       		.byte	0x5
 575 02db 00       		.byte	0
 576 02dc 03       		.uleb128 0x3
 577 02dd 41040000 		.4byte	.LASF87
 578 02e1 08       		.byte	0x8
 579 02e2 6C       		.byte	0x6c
 580 02e3 AB020000 		.4byte	0x2ab
 581 02e7 05       		.uleb128 0x5
 582 02e8 01       		.byte	0x1
 583 02e9 37000000 		.4byte	0x37
 584 02ed 08       		.byte	0x8
 585 02ee 6F       		.byte	0x6f
 586 02ef 06030000 		.4byte	0x306
 587 02f3 06       		.uleb128 0x6
 588 02f4 C1000000 		.4byte	.LASF88
 589 02f8 00       		.byte	0
 590 02f9 06       		.uleb128 0x6
 591 02fa 31040000 		.4byte	.LASF89
 592 02fe 01       		.byte	0x1
 593 02ff 06       		.uleb128 0x6
 594 0300 CD030000 		.4byte	.LASF90
 595 0304 02       		.byte	0x2
 596 0305 00       		.byte	0
 597 0306 03       		.uleb128 0x3
 598 0307 00000000 		.4byte	.LASF91
 599 030b 08       		.byte	0x8
 600 030c 73       		.byte	0x73
 601 030d E7020000 		.4byte	0x2e7
 602 0311 0A       		.uleb128 0xa
 603 0312 08       		.byte	0x8
 604 0313 08       		.byte	0x8
 605 0314 75       		.byte	0x75
 606 0315 56030000 		.4byte	0x356
 607 0319 0B       		.uleb128 0xb
 608 031a 75030000 		.4byte	.LASF92
 609 031e 08       		.byte	0x8
 610 031f 77       		.byte	0x77
 611 0320 8C000000 		.4byte	0x8c
 612 0324 00       		.byte	0
 613 0325 0B       		.uleb128 0xb
ARM GAS  C:\Users\giris\AppData\Local\Temp\cch68yjz.s 			page 14


 614 0326 CD070000 		.4byte	.LASF93
 615 032a 08       		.byte	0x8
 616 032b 78       		.byte	0x78
 617 032c 64020000 		.4byte	0x264
 618 0330 02       		.byte	0x2
 619 0331 0B       		.uleb128 0xb
 620 0332 94010000 		.4byte	.LASF94
 621 0336 08       		.byte	0x8
 622 0337 79       		.byte	0x79
 623 0338 64020000 		.4byte	0x264
 624 033c 04       		.byte	0x4
 625 033d 0B       		.uleb128 0xb
 626 033e 53020000 		.4byte	.LASF95
 627 0342 08       		.byte	0x8
 628 0343 7A       		.byte	0x7a
 629 0344 8C000000 		.4byte	0x8c
 630 0348 06       		.byte	0x6
 631 0349 0B       		.uleb128 0xb
 632 034a CF010000 		.4byte	.LASF96
 633 034e 08       		.byte	0x8
 634 034f 7B       		.byte	0x7b
 635 0350 8C000000 		.4byte	0x8c
 636 0354 07       		.byte	0x7
 637 0355 00       		.byte	0
 638 0356 03       		.uleb128 0x3
 639 0357 4D080000 		.4byte	.LASF97
 640 035b 08       		.byte	0x8
 641 035c 7C       		.byte	0x7c
 642 035d 11030000 		.4byte	0x311
 643 0361 03       		.uleb128 0x3
 644 0362 F1030000 		.4byte	.LASF98
 645 0366 08       		.byte	0x8
 646 0367 8A       		.byte	0x8a
 647 0368 A0020000 		.4byte	0x2a0
 648 036c 03       		.uleb128 0x3
 649 036d 45020000 		.4byte	.LASF99
 650 0371 08       		.byte	0x8
 651 0372 8D       		.byte	0x8d
 652 0373 DC020000 		.4byte	0x2dc
 653 0377 03       		.uleb128 0x3
 654 0378 60020000 		.4byte	.LASF100
 655 037c 09       		.byte	0x9
 656 037d 2C       		.byte	0x2c
 657 037e 82030000 		.4byte	0x382
 658 0382 0C       		.uleb128 0xc
 659 0383 04       		.byte	0x4
 660 0384 88030000 		.4byte	0x388
 661 0388 0D       		.uleb128 0xd
 662 0389 8F030000 		.4byte	0x38f
 663 038d 0E       		.uleb128 0xe
 664 038e 00       		.byte	0
 665 038f 03       		.uleb128 0x3
 666 0390 69010000 		.4byte	.LASF101
 667 0394 09       		.byte	0x9
 668 0395 31       		.byte	0x31
 669 0396 9A030000 		.4byte	0x39a
 670 039a 0C       		.uleb128 0xc
ARM GAS  C:\Users\giris\AppData\Local\Temp\cch68yjz.s 			page 15


 671 039b 04       		.byte	0x4
 672 039c A0030000 		.4byte	0x3a0
 673 03a0 0F       		.uleb128 0xf
 674 03a1 07010000 		.4byte	0x107
 675 03a5 AB030000 		.4byte	0x3ab
 676 03a9 0E       		.uleb128 0xe
 677 03aa 00       		.byte	0
 678 03ab 0A       		.uleb128 0xa
 679 03ac 0C       		.byte	0xc
 680 03ad 09       		.byte	0x9
 681 03ae 38       		.byte	0x38
 682 03af E4030000 		.4byte	0x3e4
 683 03b3 0B       		.uleb128 0xb
 684 03b4 6F030000 		.4byte	.LASF102
 685 03b8 09       		.byte	0x9
 686 03b9 3A       		.byte	0x3a
 687 03ba 61030000 		.4byte	0x361
 688 03be 00       		.byte	0
 689 03bf 0B       		.uleb128 0xb
 690 03c0 68000000 		.4byte	.LASF103
 691 03c4 09       		.byte	0x9
 692 03c5 3B       		.byte	0x3b
 693 03c6 6C030000 		.4byte	0x36c
 694 03ca 01       		.byte	0x1
 695 03cb 0B       		.uleb128 0xb
 696 03cc 70080000 		.4byte	.LASF104
 697 03d0 09       		.byte	0x9
 698 03d1 3C       		.byte	0x3c
 699 03d2 8F030000 		.4byte	0x38f
 700 03d6 04       		.byte	0x4
 701 03d7 0B       		.uleb128 0xb
 702 03d8 9E070000 		.4byte	.LASF105
 703 03dc 09       		.byte	0x9
 704 03dd 3D       		.byte	0x3d
 705 03de 77030000 		.4byte	0x377
 706 03e2 08       		.byte	0x8
 707 03e3 00       		.byte	0
 708 03e4 03       		.uleb128 0x3
 709 03e5 8D040000 		.4byte	.LASF106
 710 03e9 09       		.byte	0x9
 711 03ea 3F       		.byte	0x3f
 712 03eb AB030000 		.4byte	0x3ab
 713 03ef 03       		.uleb128 0x3
 714 03f0 B5050000 		.4byte	.LASF107
 715 03f4 09       		.byte	0x9
 716 03f5 41       		.byte	0x41
 717 03f6 FA030000 		.4byte	0x3fa
 718 03fa 10       		.uleb128 0x10
 719 03fb E4030000 		.4byte	0x3e4
 720 03ff 05040000 		.4byte	0x405
 721 0403 11       		.uleb128 0x11
 722 0404 00       		.byte	0
 723 0405 0A       		.uleb128 0xa
 724 0406 0C       		.byte	0xc
 725 0407 09       		.byte	0x9
 726 0408 54       		.byte	0x54
 727 0409 32040000 		.4byte	0x432
ARM GAS  C:\Users\giris\AppData\Local\Temp\cch68yjz.s 			page 16


 728 040d 0B       		.uleb128 0xb
 729 040e 63010000 		.4byte	.LASF108
 730 0412 09       		.byte	0x9
 731 0413 56       		.byte	0x56
 732 0414 6C030000 		.4byte	0x36c
 733 0418 00       		.byte	0
 734 0419 0B       		.uleb128 0xb
 735 041a C1030000 		.4byte	.LASF109
 736 041e 09       		.byte	0x9
 737 041f 57       		.byte	0x57
 738 0420 77030000 		.4byte	0x377
 739 0424 04       		.byte	0x4
 740 0425 0B       		.uleb128 0xb
 741 0426 89010000 		.4byte	.LASF110
 742 042a 09       		.byte	0x9
 743 042b 58       		.byte	0x58
 744 042c 77030000 		.4byte	0x377
 745 0430 08       		.byte	0x8
 746 0431 00       		.byte	0
 747 0432 03       		.uleb128 0x3
 748 0433 B9070000 		.4byte	.LASF111
 749 0437 09       		.byte	0x9
 750 0438 59       		.byte	0x59
 751 0439 05040000 		.4byte	0x405
 752 043d 0A       		.uleb128 0xa
 753 043e 18       		.byte	0x18
 754 043f 09       		.byte	0x9
 755 0440 5F       		.byte	0x5f
 756 0441 82040000 		.4byte	0x482
 757 0445 0B       		.uleb128 0xb
 758 0446 AA040000 		.4byte	.LASF112
 759 044a 09       		.byte	0x9
 760 044b 61       		.byte	0x61
 761 044c DC020000 		.4byte	0x2dc
 762 0450 00       		.byte	0
 763 0451 0B       		.uleb128 0xb
 764 0452 70000000 		.4byte	.LASF113
 765 0456 09       		.byte	0x9
 766 0457 62       		.byte	0x62
 767 0458 82040000 		.4byte	0x482
 768 045c 04       		.byte	0x4
 769 045d 0B       		.uleb128 0xb
 770 045e 90050000 		.4byte	.LASF114
 771 0462 09       		.byte	0x9
 772 0463 63       		.byte	0x63
 773 0464 88040000 		.4byte	0x488
 774 0468 08       		.byte	0x8
 775 0469 0B       		.uleb128 0xb
 776 046a C7010000 		.4byte	.LASF115
 777 046e 09       		.byte	0x9
 778 046f 64       		.byte	0x64
 779 0470 8C000000 		.4byte	0x8c
 780 0474 0C       		.byte	0xc
 781 0475 0B       		.uleb128 0xb
 782 0476 06070000 		.4byte	.LASF116
 783 047a 09       		.byte	0x9
 784 047b 65       		.byte	0x65
ARM GAS  C:\Users\giris\AppData\Local\Temp\cch68yjz.s 			page 17


 785 047c 56030000 		.4byte	0x356
 786 0480 0E       		.byte	0xe
 787 0481 00       		.byte	0
 788 0482 0C       		.uleb128 0xc
 789 0483 04       		.byte	0x4
 790 0484 EF030000 		.4byte	0x3ef
 791 0488 0C       		.uleb128 0xc
 792 0489 04       		.byte	0x4
 793 048a 32040000 		.4byte	0x432
 794 048e 03       		.uleb128 0x3
 795 048f 20030000 		.4byte	.LASF117
 796 0493 09       		.byte	0x9
 797 0494 66       		.byte	0x66
 798 0495 3D040000 		.4byte	0x43d
 799 0499 0A       		.uleb128 0xa
 800 049a 40       		.byte	0x40
 801 049b 0A       		.byte	0xa
 802 049c 1D       		.byte	0x1d
 803 049d EA040000 		.4byte	0x4ea
 804 04a1 0B       		.uleb128 0xb
 805 04a2 1E080000 		.4byte	.LASF118
 806 04a6 0A       		.byte	0xa
 807 04a7 1F       		.byte	0x1f
 808 04a8 DC020000 		.4byte	0x2dc
 809 04ac 00       		.byte	0
 810 04ad 0B       		.uleb128 0xb
 811 04ae 70000000 		.4byte	.LASF113
 812 04b2 0A       		.byte	0xa
 813 04b3 20       		.byte	0x20
 814 04b4 82040000 		.4byte	0x482
 815 04b8 04       		.byte	0x4
 816 04b9 0B       		.uleb128 0xb
 817 04ba 90050000 		.4byte	.LASF114
 818 04be 0A       		.byte	0xa
 819 04bf 21       		.byte	0x21
 820 04c0 88040000 		.4byte	0x488
 821 04c4 08       		.byte	0x8
 822 04c5 0B       		.uleb128 0xb
 823 04c6 1D070000 		.4byte	.LASF119
 824 04ca 0A       		.byte	0xa
 825 04cb 22       		.byte	0x22
 826 04cc 06030000 		.4byte	0x306
 827 04d0 0C       		.byte	0xc
 828 04d1 0B       		.uleb128 0xb
 829 04d2 16080000 		.4byte	.LASF120
 830 04d6 0A       		.byte	0xa
 831 04d7 23       		.byte	0x23
 832 04d8 8E040000 		.4byte	0x48e
 833 04dc 10       		.byte	0x10
 834 04dd 0B       		.uleb128 0xb
 835 04de AF070000 		.4byte	.LASF121
 836 04e2 0A       		.byte	0xa
 837 04e3 24       		.byte	0x24
 838 04e4 8E040000 		.4byte	0x48e
 839 04e8 28       		.byte	0x28
 840 04e9 00       		.byte	0
 841 04ea 03       		.uleb128 0x3
ARM GAS  C:\Users\giris\AppData\Local\Temp\cch68yjz.s 			page 18


 842 04eb FA050000 		.4byte	.LASF122
 843 04ef 0A       		.byte	0xa
 844 04f0 25       		.byte	0x25
 845 04f1 99040000 		.4byte	0x499
 846 04f5 0A       		.uleb128 0xa
 847 04f6 44       		.byte	0x44
 848 04f7 0A       		.byte	0xa
 849 04f8 2A       		.byte	0x2a
 850 04f9 2E050000 		.4byte	0x52e
 851 04fd 0B       		.uleb128 0xb
 852 04fe 0C010000 		.4byte	.LASF123
 853 0502 0A       		.byte	0xa
 854 0503 2C       		.byte	0x2c
 855 0504 8C000000 		.4byte	0x8c
 856 0508 00       		.byte	0
 857 0509 0B       		.uleb128 0xb
 858 050a 77050000 		.4byte	.LASF124
 859 050e 0A       		.byte	0xa
 860 050f 2D       		.byte	0x2d
 861 0510 8C000000 		.4byte	0x8c
 862 0514 01       		.byte	0x1
 863 0515 0B       		.uleb128 0xb
 864 0516 74070000 		.4byte	.LASF125
 865 051a 0A       		.byte	0xa
 866 051b 2E       		.byte	0x2e
 867 051c A0020000 		.4byte	0x2a0
 868 0520 02       		.byte	0x2
 869 0521 0B       		.uleb128 0xb
 870 0522 46050000 		.4byte	.LASF126
 871 0526 0A       		.byte	0xa
 872 0527 2F       		.byte	0x2f
 873 0528 EA040000 		.4byte	0x4ea
 874 052c 04       		.byte	0x4
 875 052d 00       		.byte	0
 876 052e 03       		.uleb128 0x3
 877 052f 07060000 		.4byte	.LASF127
 878 0533 0A       		.byte	0xa
 879 0534 32       		.byte	0x32
 880 0535 F5040000 		.4byte	0x4f5
 881 0539 12       		.uleb128 0x12
 882 053a 3B010000 		.4byte	.LASF144
 883 053e 01       		.byte	0x1
 884 053f 29       		.byte	0x29
 885 0540 BB010000 		.4byte	0x1bb
 886 0544 00000000 		.4byte	.LFB111
 887 0548 CC000000 		.4byte	.LFE111-.LFB111
 888 054c 01       		.uleb128 0x1
 889 054d 9C       		.byte	0x9c
 890 054e C9050000 		.4byte	0x5c9
 891 0552 13       		.uleb128 0x13
 892 0553 6F070000 		.4byte	.LASF145
 893 0557 01       		.byte	0x1
 894 0558 29       		.byte	0x29
 895 0559 CF050000 		.4byte	0x5cf
 896 055d 00000000 		.4byte	.LLST0
 897 0561 14       		.uleb128 0x14
 898 0562 22050000 		.4byte	.LASF128
ARM GAS  C:\Users\giris\AppData\Local\Temp\cch68yjz.s 			page 19


 899 0566 01       		.byte	0x1
 900 0567 30       		.byte	0x30
 901 0568 97000000 		.4byte	0x97
 902 056c 05       		.uleb128 0x5
 903 056d 03       		.byte	0x3
 904 056e 04000000 		.4byte	KeyLeft_Button_3_flag.7817
 905 0572 14       		.uleb128 0x14
 906 0573 61050000 		.4byte	.LASF129
 907 0577 01       		.byte	0x1
 908 0578 31       		.byte	0x31
 909 0579 97000000 		.4byte	0x97
 910 057d 05       		.uleb128 0x5
 911 057e 03       		.byte	0x3
 912 057f 06000000 		.4byte	KeyLeft_Button_4_flag.7818
 913 0583 14       		.uleb128 0x14
 914 0584 FF030000 		.4byte	.LASF130
 915 0588 01       		.byte	0x1
 916 0589 33       		.byte	0x33
 917 058a 97000000 		.4byte	0x97
 918 058e 05       		.uleb128 0x5
 919 058f 03       		.byte	0x3
 920 0590 08000000 		.4byte	tickperiod.7819
 921 0594 14       		.uleb128 0x14
 922 0595 B7000000 		.4byte	.LASF131
 923 0599 01       		.byte	0x1
 924 059a 35       		.byte	0x35
 925 059b 97000000 		.4byte	0x97
 926 059f 05       		.uleb128 0x5
 927 05a0 03       		.byte	0x3
 928 05a1 02000000 		.4byte	tick_1min.7820
 929 05a5 14       		.uleb128 0x14
 930 05a6 EE010000 		.4byte	.LASF132
 931 05aa 01       		.byte	0x1
 932 05ab 36       		.byte	0x36
 933 05ac 97000000 		.4byte	0x97
 934 05b0 05       		.uleb128 0x5
 935 05b1 03       		.byte	0x3
 936 05b2 00000000 		.4byte	tick_250ms.7821
 937 05b6 15       		.uleb128 0x15
 938 05b7 0C000000 		.4byte	.LVL1
 939 05bb 1C060000 		.4byte	0x61c
 940 05bf 15       		.uleb128 0x15
 941 05c0 12000000 		.4byte	.LVL2
 942 05c4 27060000 		.4byte	0x627
 943 05c8 00       		.byte	0
 944 05c9 0C       		.uleb128 0xc
 945 05ca 04       		.byte	0x4
 946 05cb 2E050000 		.4byte	0x52e
 947 05cf 16       		.uleb128 0x16
 948 05d0 C9050000 		.4byte	0x5c9
 949 05d4 17       		.uleb128 0x17
 950 05d5 8D030000 		.4byte	.LASF133
 951 05d9 0B       		.byte	0xb
 952 05da 40       		.byte	0x40
 953 05db E6000000 		.4byte	0xe6
 954 05df 17       		.uleb128 0x17
 955 05e0 D5010000 		.4byte	.LASF134
ARM GAS  C:\Users\giris\AppData\Local\Temp\cch68yjz.s 			page 20


 956 05e4 0B       		.byte	0xb
 957 05e5 47       		.byte	0x47
 958 05e6 F1000000 		.4byte	0xf1
 959 05ea 17       		.uleb128 0x17
 960 05eb C9040000 		.4byte	.LASF135
 961 05ef 0B       		.byte	0xb
 962 05f0 4A       		.byte	0x4a
 963 05f1 E6000000 		.4byte	0xe6
 964 05f5 17       		.uleb128 0x17
 965 05f6 F9010000 		.4byte	.LASF136
 966 05fa 0C       		.byte	0xc
 967 05fb 48       		.byte	0x48
 968 05fc FC000000 		.4byte	0xfc
 969 0600 17       		.uleb128 0x17
 970 0601 D7070000 		.4byte	.LASF137
 971 0605 0D       		.byte	0xd
 972 0606 44       		.byte	0x44
 973 0607 E6000000 		.4byte	0xe6
 974 060b 18       		.uleb128 0x18
 975 060c D2000000 		.4byte	.LASF138
 976 0610 0E       		.byte	0xe
 977 0611 1207     		.2byte	0x712
 978 0613 17060000 		.4byte	0x617
 979 0617 19       		.uleb128 0x19
 980 0618 A2000000 		.4byte	0xa2
 981 061c 1A       		.uleb128 0x1a
 982 061d 5A080000 		.4byte	.LASF139
 983 0621 5A080000 		.4byte	.LASF139
 984 0625 0F       		.byte	0xf
 985 0626 29       		.byte	0x29
 986 0627 1A       		.uleb128 0x1a
 987 0628 B8060000 		.4byte	.LASF140
 988 062c B8060000 		.4byte	.LASF140
 989 0630 10       		.byte	0x10
 990 0631 29       		.byte	0x29
 991 0632 00       		.byte	0
 992              		.section	.debug_abbrev,"",%progbits
 993              	.Ldebug_abbrev0:
 994 0000 01       		.uleb128 0x1
 995 0001 11       		.uleb128 0x11
 996 0002 01       		.byte	0x1
 997 0003 25       		.uleb128 0x25
 998 0004 0E       		.uleb128 0xe
 999 0005 13       		.uleb128 0x13
 1000 0006 0B       		.uleb128 0xb
 1001 0007 03       		.uleb128 0x3
 1002 0008 0E       		.uleb128 0xe
 1003 0009 1B       		.uleb128 0x1b
 1004 000a 0E       		.uleb128 0xe
 1005 000b 55       		.uleb128 0x55
 1006 000c 17       		.uleb128 0x17
 1007 000d 11       		.uleb128 0x11
 1008 000e 01       		.uleb128 0x1
 1009 000f 10       		.uleb128 0x10
 1010 0010 17       		.uleb128 0x17
 1011 0011 00       		.byte	0
 1012 0012 00       		.byte	0
ARM GAS  C:\Users\giris\AppData\Local\Temp\cch68yjz.s 			page 21


 1013 0013 02       		.uleb128 0x2
 1014 0014 24       		.uleb128 0x24
 1015 0015 00       		.byte	0
 1016 0016 0B       		.uleb128 0xb
 1017 0017 0B       		.uleb128 0xb
 1018 0018 3E       		.uleb128 0x3e
 1019 0019 0B       		.uleb128 0xb
 1020 001a 03       		.uleb128 0x3
 1021 001b 0E       		.uleb128 0xe
 1022 001c 00       		.byte	0
 1023 001d 00       		.byte	0
 1024 001e 03       		.uleb128 0x3
 1025 001f 16       		.uleb128 0x16
 1026 0020 00       		.byte	0
 1027 0021 03       		.uleb128 0x3
 1028 0022 0E       		.uleb128 0xe
 1029 0023 3A       		.uleb128 0x3a
 1030 0024 0B       		.uleb128 0xb
 1031 0025 3B       		.uleb128 0x3b
 1032 0026 0B       		.uleb128 0xb
 1033 0027 49       		.uleb128 0x49
 1034 0028 13       		.uleb128 0x13
 1035 0029 00       		.byte	0
 1036 002a 00       		.byte	0
 1037 002b 04       		.uleb128 0x4
 1038 002c 24       		.uleb128 0x24
 1039 002d 00       		.byte	0
 1040 002e 0B       		.uleb128 0xb
 1041 002f 0B       		.uleb128 0xb
 1042 0030 3E       		.uleb128 0x3e
 1043 0031 0B       		.uleb128 0xb
 1044 0032 03       		.uleb128 0x3
 1045 0033 08       		.uleb128 0x8
 1046 0034 00       		.byte	0
 1047 0035 00       		.byte	0
 1048 0036 05       		.uleb128 0x5
 1049 0037 04       		.uleb128 0x4
 1050 0038 01       		.byte	0x1
 1051 0039 0B       		.uleb128 0xb
 1052 003a 0B       		.uleb128 0xb
 1053 003b 49       		.uleb128 0x49
 1054 003c 13       		.uleb128 0x13
 1055 003d 3A       		.uleb128 0x3a
 1056 003e 0B       		.uleb128 0xb
 1057 003f 3B       		.uleb128 0x3b
 1058 0040 0B       		.uleb128 0xb
 1059 0041 01       		.uleb128 0x1
 1060 0042 13       		.uleb128 0x13
 1061 0043 00       		.byte	0
 1062 0044 00       		.byte	0
 1063 0045 06       		.uleb128 0x6
 1064 0046 28       		.uleb128 0x28
 1065 0047 00       		.byte	0
 1066 0048 03       		.uleb128 0x3
 1067 0049 0E       		.uleb128 0xe
 1068 004a 1C       		.uleb128 0x1c
 1069 004b 0B       		.uleb128 0xb
ARM GAS  C:\Users\giris\AppData\Local\Temp\cch68yjz.s 			page 22


 1070 004c 00       		.byte	0
 1071 004d 00       		.byte	0
 1072 004e 07       		.uleb128 0x7
 1073 004f 28       		.uleb128 0x28
 1074 0050 00       		.byte	0
 1075 0051 03       		.uleb128 0x3
 1076 0052 0E       		.uleb128 0xe
 1077 0053 1C       		.uleb128 0x1c
 1078 0054 0D       		.uleb128 0xd
 1079 0055 00       		.byte	0
 1080 0056 00       		.byte	0
 1081 0057 08       		.uleb128 0x8
 1082 0058 28       		.uleb128 0x28
 1083 0059 00       		.byte	0
 1084 005a 03       		.uleb128 0x3
 1085 005b 0E       		.uleb128 0xe
 1086 005c 1C       		.uleb128 0x1c
 1087 005d 05       		.uleb128 0x5
 1088 005e 00       		.byte	0
 1089 005f 00       		.byte	0
 1090 0060 09       		.uleb128 0x9
 1091 0061 28       		.uleb128 0x28
 1092 0062 00       		.byte	0
 1093 0063 03       		.uleb128 0x3
 1094 0064 08       		.uleb128 0x8
 1095 0065 1C       		.uleb128 0x1c
 1096 0066 0B       		.uleb128 0xb
 1097 0067 00       		.byte	0
 1098 0068 00       		.byte	0
 1099 0069 0A       		.uleb128 0xa
 1100 006a 13       		.uleb128 0x13
 1101 006b 01       		.byte	0x1
 1102 006c 0B       		.uleb128 0xb
 1103 006d 0B       		.uleb128 0xb
 1104 006e 3A       		.uleb128 0x3a
 1105 006f 0B       		.uleb128 0xb
 1106 0070 3B       		.uleb128 0x3b
 1107 0071 0B       		.uleb128 0xb
 1108 0072 01       		.uleb128 0x1
 1109 0073 13       		.uleb128 0x13
 1110 0074 00       		.byte	0
 1111 0075 00       		.byte	0
 1112 0076 0B       		.uleb128 0xb
 1113 0077 0D       		.uleb128 0xd
 1114 0078 00       		.byte	0
 1115 0079 03       		.uleb128 0x3
 1116 007a 0E       		.uleb128 0xe
 1117 007b 3A       		.uleb128 0x3a
 1118 007c 0B       		.uleb128 0xb
 1119 007d 3B       		.uleb128 0x3b
 1120 007e 0B       		.uleb128 0xb
 1121 007f 49       		.uleb128 0x49
 1122 0080 13       		.uleb128 0x13
 1123 0081 38       		.uleb128 0x38
 1124 0082 0B       		.uleb128 0xb
 1125 0083 00       		.byte	0
 1126 0084 00       		.byte	0
ARM GAS  C:\Users\giris\AppData\Local\Temp\cch68yjz.s 			page 23


 1127 0085 0C       		.uleb128 0xc
 1128 0086 0F       		.uleb128 0xf
 1129 0087 00       		.byte	0
 1130 0088 0B       		.uleb128 0xb
 1131 0089 0B       		.uleb128 0xb
 1132 008a 49       		.uleb128 0x49
 1133 008b 13       		.uleb128 0x13
 1134 008c 00       		.byte	0
 1135 008d 00       		.byte	0
 1136 008e 0D       		.uleb128 0xd
 1137 008f 15       		.uleb128 0x15
 1138 0090 01       		.byte	0x1
 1139 0091 01       		.uleb128 0x1
 1140 0092 13       		.uleb128 0x13
 1141 0093 00       		.byte	0
 1142 0094 00       		.byte	0
 1143 0095 0E       		.uleb128 0xe
 1144 0096 18       		.uleb128 0x18
 1145 0097 00       		.byte	0
 1146 0098 00       		.byte	0
 1147 0099 00       		.byte	0
 1148 009a 0F       		.uleb128 0xf
 1149 009b 15       		.uleb128 0x15
 1150 009c 01       		.byte	0x1
 1151 009d 49       		.uleb128 0x49
 1152 009e 13       		.uleb128 0x13
 1153 009f 01       		.uleb128 0x1
 1154 00a0 13       		.uleb128 0x13
 1155 00a1 00       		.byte	0
 1156 00a2 00       		.byte	0
 1157 00a3 10       		.uleb128 0x10
 1158 00a4 01       		.uleb128 0x1
 1159 00a5 01       		.byte	0x1
 1160 00a6 49       		.uleb128 0x49
 1161 00a7 13       		.uleb128 0x13
 1162 00a8 01       		.uleb128 0x1
 1163 00a9 13       		.uleb128 0x13
 1164 00aa 00       		.byte	0
 1165 00ab 00       		.byte	0
 1166 00ac 11       		.uleb128 0x11
 1167 00ad 21       		.uleb128 0x21
 1168 00ae 00       		.byte	0
 1169 00af 00       		.byte	0
 1170 00b0 00       		.byte	0
 1171 00b1 12       		.uleb128 0x12
 1172 00b2 2E       		.uleb128 0x2e
 1173 00b3 01       		.byte	0x1
 1174 00b4 3F       		.uleb128 0x3f
 1175 00b5 19       		.uleb128 0x19
 1176 00b6 03       		.uleb128 0x3
 1177 00b7 0E       		.uleb128 0xe
 1178 00b8 3A       		.uleb128 0x3a
 1179 00b9 0B       		.uleb128 0xb
 1180 00ba 3B       		.uleb128 0x3b
 1181 00bb 0B       		.uleb128 0xb
 1182 00bc 27       		.uleb128 0x27
 1183 00bd 19       		.uleb128 0x19
ARM GAS  C:\Users\giris\AppData\Local\Temp\cch68yjz.s 			page 24


 1184 00be 49       		.uleb128 0x49
 1185 00bf 13       		.uleb128 0x13
 1186 00c0 11       		.uleb128 0x11
 1187 00c1 01       		.uleb128 0x1
 1188 00c2 12       		.uleb128 0x12
 1189 00c3 06       		.uleb128 0x6
 1190 00c4 40       		.uleb128 0x40
 1191 00c5 18       		.uleb128 0x18
 1192 00c6 9742     		.uleb128 0x2117
 1193 00c8 19       		.uleb128 0x19
 1194 00c9 01       		.uleb128 0x1
 1195 00ca 13       		.uleb128 0x13
 1196 00cb 00       		.byte	0
 1197 00cc 00       		.byte	0
 1198 00cd 13       		.uleb128 0x13
 1199 00ce 05       		.uleb128 0x5
 1200 00cf 00       		.byte	0
 1201 00d0 03       		.uleb128 0x3
 1202 00d1 0E       		.uleb128 0xe
 1203 00d2 3A       		.uleb128 0x3a
 1204 00d3 0B       		.uleb128 0xb
 1205 00d4 3B       		.uleb128 0x3b
 1206 00d5 0B       		.uleb128 0xb
 1207 00d6 49       		.uleb128 0x49
 1208 00d7 13       		.uleb128 0x13
 1209 00d8 02       		.uleb128 0x2
 1210 00d9 17       		.uleb128 0x17
 1211 00da 00       		.byte	0
 1212 00db 00       		.byte	0
 1213 00dc 14       		.uleb128 0x14
 1214 00dd 34       		.uleb128 0x34
 1215 00de 00       		.byte	0
 1216 00df 03       		.uleb128 0x3
 1217 00e0 0E       		.uleb128 0xe
 1218 00e1 3A       		.uleb128 0x3a
 1219 00e2 0B       		.uleb128 0xb
 1220 00e3 3B       		.uleb128 0x3b
 1221 00e4 0B       		.uleb128 0xb
 1222 00e5 49       		.uleb128 0x49
 1223 00e6 13       		.uleb128 0x13
 1224 00e7 02       		.uleb128 0x2
 1225 00e8 18       		.uleb128 0x18
 1226 00e9 00       		.byte	0
 1227 00ea 00       		.byte	0
 1228 00eb 15       		.uleb128 0x15
 1229 00ec 898201   		.uleb128 0x4109
 1230 00ef 00       		.byte	0
 1231 00f0 11       		.uleb128 0x11
 1232 00f1 01       		.uleb128 0x1
 1233 00f2 31       		.uleb128 0x31
 1234 00f3 13       		.uleb128 0x13
 1235 00f4 00       		.byte	0
 1236 00f5 00       		.byte	0
 1237 00f6 16       		.uleb128 0x16
 1238 00f7 26       		.uleb128 0x26
 1239 00f8 00       		.byte	0
 1240 00f9 49       		.uleb128 0x49
ARM GAS  C:\Users\giris\AppData\Local\Temp\cch68yjz.s 			page 25


 1241 00fa 13       		.uleb128 0x13
 1242 00fb 00       		.byte	0
 1243 00fc 00       		.byte	0
 1244 00fd 17       		.uleb128 0x17
 1245 00fe 34       		.uleb128 0x34
 1246 00ff 00       		.byte	0
 1247 0100 03       		.uleb128 0x3
 1248 0101 0E       		.uleb128 0xe
 1249 0102 3A       		.uleb128 0x3a
 1250 0103 0B       		.uleb128 0xb
 1251 0104 3B       		.uleb128 0x3b
 1252 0105 0B       		.uleb128 0xb
 1253 0106 49       		.uleb128 0x49
 1254 0107 13       		.uleb128 0x13
 1255 0108 3F       		.uleb128 0x3f
 1256 0109 19       		.uleb128 0x19
 1257 010a 3C       		.uleb128 0x3c
 1258 010b 19       		.uleb128 0x19
 1259 010c 00       		.byte	0
 1260 010d 00       		.byte	0
 1261 010e 18       		.uleb128 0x18
 1262 010f 34       		.uleb128 0x34
 1263 0110 00       		.byte	0
 1264 0111 03       		.uleb128 0x3
 1265 0112 0E       		.uleb128 0xe
 1266 0113 3A       		.uleb128 0x3a
 1267 0114 0B       		.uleb128 0xb
 1268 0115 3B       		.uleb128 0x3b
 1269 0116 05       		.uleb128 0x5
 1270 0117 49       		.uleb128 0x49
 1271 0118 13       		.uleb128 0x13
 1272 0119 3F       		.uleb128 0x3f
 1273 011a 19       		.uleb128 0x19
 1274 011b 3C       		.uleb128 0x3c
 1275 011c 19       		.uleb128 0x19
 1276 011d 00       		.byte	0
 1277 011e 00       		.byte	0
 1278 011f 19       		.uleb128 0x19
 1279 0120 35       		.uleb128 0x35
 1280 0121 00       		.byte	0
 1281 0122 49       		.uleb128 0x49
 1282 0123 13       		.uleb128 0x13
 1283 0124 00       		.byte	0
 1284 0125 00       		.byte	0
 1285 0126 1A       		.uleb128 0x1a
 1286 0127 2E       		.uleb128 0x2e
 1287 0128 00       		.byte	0
 1288 0129 3F       		.uleb128 0x3f
 1289 012a 19       		.uleb128 0x19
 1290 012b 3C       		.uleb128 0x3c
 1291 012c 19       		.uleb128 0x19
 1292 012d 6E       		.uleb128 0x6e
 1293 012e 0E       		.uleb128 0xe
 1294 012f 03       		.uleb128 0x3
 1295 0130 0E       		.uleb128 0xe
 1296 0131 3A       		.uleb128 0x3a
 1297 0132 0B       		.uleb128 0xb
ARM GAS  C:\Users\giris\AppData\Local\Temp\cch68yjz.s 			page 26


 1298 0133 3B       		.uleb128 0x3b
 1299 0134 0B       		.uleb128 0xb
 1300 0135 00       		.byte	0
 1301 0136 00       		.byte	0
 1302 0137 00       		.byte	0
 1303              		.section	.debug_loc,"",%progbits
 1304              	.Ldebug_loc0:
 1305              	.LLST0:
 1306 0000 00000000 		.4byte	.LVL0
 1307 0004 0B000000 		.4byte	.LVL1-1
 1308 0008 0100     		.2byte	0x1
 1309 000a 50       		.byte	0x50
 1310 000b 0B000000 		.4byte	.LVL1-1
 1311 000f C6000000 		.4byte	.LVL3
 1312 0013 0100     		.2byte	0x1
 1313 0015 54       		.byte	0x54
 1314 0016 C6000000 		.4byte	.LVL3
 1315 001a CC000000 		.4byte	.LFE111
 1316 001e 0400     		.2byte	0x4
 1317 0020 F3       		.byte	0xf3
 1318 0021 01       		.uleb128 0x1
 1319 0022 50       		.byte	0x50
 1320 0023 9F       		.byte	0x9f
 1321 0024 00000000 		.4byte	0
 1322 0028 00000000 		.4byte	0
 1323              		.section	.debug_aranges,"",%progbits
 1324 0000 1C000000 		.4byte	0x1c
 1325 0004 0200     		.2byte	0x2
 1326 0006 00000000 		.4byte	.Ldebug_info0
 1327 000a 04       		.byte	0x4
 1328 000b 00       		.byte	0
 1329 000c 0000     		.2byte	0
 1330 000e 0000     		.2byte	0
 1331 0010 00000000 		.4byte	.LFB111
 1332 0014 CC000000 		.4byte	.LFE111-.LFB111
 1333 0018 00000000 		.4byte	0
 1334 001c 00000000 		.4byte	0
 1335              		.section	.debug_ranges,"",%progbits
 1336              	.Ldebug_ranges0:
 1337 0000 00000000 		.4byte	.LFB111
 1338 0004 CC000000 		.4byte	.LFE111
 1339 0008 00000000 		.4byte	0
 1340 000c 00000000 		.4byte	0
 1341              		.section	.debug_line,"",%progbits
 1342              	.Ldebug_line0:
 1343 0000 ED020000 		.section	.debug_str,"MS",%progbits,1
 1343      02009902 
 1343      00000201 
 1343      FB0E0D00 
 1343      01010101 
 1344              	.LASF91:
 1345 0000 434C4F43 		.ascii	"CLOCK_Active_Widget_t\000"
 1345      4B5F4163 
 1345      74697665 
 1345      5F576964 
 1345      6765745F 
 1346              	.LASF75:
ARM GAS  C:\Users\giris\AppData\Local\Temp\cch68yjz.s 			page 27


 1347 0016 45565F4B 		.ascii	"EV_KEYLEFT\000"
 1347      45594C45 
 1347      465400
 1348              	.LASF49:
 1349 0021 52435F45 		.ascii	"RC_ERROR_INVALID_STATE\000"
 1349      52524F52 
 1349      5F494E56 
 1349      414C4944 
 1349      5F535441 
 1350              	.LASF59:
 1351 0038 4D414745 		.ascii	"MAGENTA\000"
 1351      4E544100 
 1352              	.LASF57:
 1353 0040 47524544 		.ascii	"GRED\000"
 1353      00
 1354              	.LASF3:
 1355 0045 5F5F7569 		.ascii	"__uint8_t\000"
 1355      6E74385F 
 1355      7400
 1356              	.LASF52:
 1357 004f 52435F74 		.ascii	"RC_t\000"
 1357      00
 1358              	.LASF41:
 1359 0054 52435F45 		.ascii	"RC_ERROR_WRITE_ONLY\000"
 1359      52524F52 
 1359      5F575249 
 1359      54455F4F 
 1359      4E4C5900 
 1360              	.LASF103:
 1361 0068 746F5374 		.ascii	"toState\000"
 1361      61746500 
 1362              	.LASF113:
 1363 0070 6D5F7472 		.ascii	"m_transitions\000"
 1363      616E7369 
 1363      74696F6E 
 1363      7300
 1364              	.LASF47:
 1365 007e 52435F45 		.ascii	"RC_ERROR_BAD_DATA\000"
 1365      52524F52 
 1365      5F424144 
 1365      5F444154 
 1365      4100
 1366              	.LASF37:
 1367 0090 52435F45 		.ascii	"RC_ERROR_TIME_OUT\000"
 1367      52524F52 
 1367      5F54494D 
 1367      455F4F55 
 1367      5400
 1368              	.LASF81:
 1369 00a2 434C4F43 		.ascii	"CLOCK_C_ISDISPLAYING\000"
 1369      4B5F435F 
 1369      49534449 
 1369      53504C41 
 1369      59494E47 
 1370              	.LASF131:
 1371 00b7 7469636B 		.ascii	"tick_1min\000"
 1371      5F316D69 
ARM GAS  C:\Users\giris\AppData\Local\Temp\cch68yjz.s 			page 28


 1371      6E00
 1372              	.LASF88:
 1373 00c1 434C4F43 		.ascii	"CLOCK_HOURWIDGET\000"
 1373      4B5F484F 
 1373      55525749 
 1373      44474554 
 1373      00
 1374              	.LASF138:
 1375 00d2 49544D5F 		.ascii	"ITM_RxBuffer\000"
 1375      52784275 
 1375      66666572 
 1375      00
 1376              	.LASF53:
 1377 00df 57484954 		.ascii	"WHITE\000"
 1377      4500
 1378              	.LASF73:
 1379 00e5 5446545F 		.ascii	"TFT_colors_t\000"
 1379      636F6C6F 
 1379      72735F74 
 1379      00
 1380              	.LASF9:
 1381 00f2 6C6F6E67 		.ascii	"long long int\000"
 1381      206C6F6E 
 1381      6720696E 
 1381      7400
 1382              	.LASF0:
 1383 0100 7369676E 		.ascii	"signed char\000"
 1383      65642063 
 1383      68617200 
 1384              	.LASF123:
 1385 010c 4B65794C 		.ascii	"KeyLeft_Button_3_Status\000"
 1385      6566745F 
 1385      42757474 
 1385      6F6E5F33 
 1385      5F537461 
 1386              	.LASF82:
 1387 0124 434C4F43 		.ascii	"CLOCK_C_ISEDITINGHOURS\000"
 1387      4B5F435F 
 1387      49534544 
 1387      4954494E 
 1387      47484F55 
 1388              	.LASF144:
 1389 013b 53435F49 		.ascii	"SC_INPUT_driverIn\000"
 1389      4E505554 
 1389      5F647269 
 1389      76657249 
 1389      6E00
 1390              	.LASF35:
 1391 014d 52435F45 		.ascii	"RC_ERROR_BUFFER_EMTPY\000"
 1391      52524F52 
 1391      5F425546 
 1391      4645525F 
 1391      454D5450 
 1392              	.LASF108:
 1393 0163 73746174 		.ascii	"state\000"
 1393      6500
 1394              	.LASF101:
ARM GAS  C:\Users\giris\AppData\Local\Temp\cch68yjz.s 			page 29


 1395 0169 53544154 		.ascii	"STATE_GuardPtr_t\000"
 1395      455F4775 
 1395      61726450 
 1395      74725F74 
 1395      00
 1396              	.LASF7:
 1397 017a 6C6F6E67 		.ascii	"long int\000"
 1397      20696E74 
 1397      00
 1398              	.LASF63:
 1399 0183 42524F57 		.ascii	"BROWN\000"
 1399      4E00
 1400              	.LASF110:
 1401 0189 61637469 		.ascii	"actionExit\000"
 1401      6F6E4578 
 1401      697400
 1402              	.LASF94:
 1403 0194 77696467 		.ascii	"widget_colour\000"
 1403      65745F63 
 1403      6F6C6F75 
 1403      7200
 1404              	.LASF62:
 1405 01a2 59454C4C 		.ascii	"YELLOW\000"
 1405      4F5700
 1406              	.LASF38:
 1407 01a9 52435F45 		.ascii	"RC_ERROR_OPEN\000"
 1407      52524F52 
 1407      5F4F5045 
 1407      4E00
 1408              	.LASF78:
 1409 01b7 45565F32 		.ascii	"EV_250MS\000"
 1409      35304D53 
 1409      00
 1410              	.LASF16:
 1411 01c0 646F7562 		.ascii	"double\000"
 1411      6C6500
 1412              	.LASF115:
 1413 01c7 6D5F7661 		.ascii	"m_value\000"
 1413      6C756500 
 1414              	.LASF96:
 1415 01cf 795F706F 		.ascii	"y_pos\000"
 1415      7300
 1416              	.LASF134:
 1417 01d5 45455F6F 		.ascii	"EE_oo_IRQ_suspend_status\000"
 1417      6F5F4952 
 1417      515F7375 
 1417      7370656E 
 1417      645F7374 
 1418              	.LASF132:
 1419 01ee 7469636B 		.ascii	"tick_250ms\000"
 1419      5F323530 
 1419      6D7300
 1420              	.LASF136:
 1421 01f9 45455F73 		.ascii	"EE_std_endcycle_next_tid\000"
 1421      74645F65 
 1421      6E646379 
 1421      636C655F 
ARM GAS  C:\Users\giris\AppData\Local\Temp\cch68yjz.s 			page 30


 1421      6E657874 
 1422              	.LASF76:
 1423 0212 45565F4B 		.ascii	"EV_KEYRIGHT\000"
 1423      45595249 
 1423      47485400 
 1424              	.LASF64:
 1425 021e 42525245 		.ascii	"BRRED\000"
 1425      4400
 1426              	.LASF142:
 1427 0224 736F7572 		.ascii	"source\\rte\\sc_input_type.c\000"
 1427      63655C72 
 1427      74655C73 
 1427      635F696E 
 1427      7075745F 
 1428              	.LASF70:
 1429 023f 4C475241 		.ascii	"LGRAY\000"
 1429      5900
 1430              	.LASF99:
 1431 0245 53544154 		.ascii	"STATE_state_t\000"
 1431      455F7374 
 1431      6174655F 
 1431      7400
 1432              	.LASF95:
 1433 0253 785F706F 		.ascii	"x_pos\000"
 1433      7300
 1434              	.LASF24:
 1435 0259 45455F54 		.ascii	"EE_TID\000"
 1435      494400
 1436              	.LASF100:
 1437 0260 53544154 		.ascii	"STATE_ActionPtr_t\000"
 1437      455F4163 
 1437      74696F6E 
 1437      5074725F 
 1437      7400
 1438              	.LASF143:
 1439 0272 433A5C55 		.ascii	"C:\\Users\\giris\\OneDrive\\Documents\\PSoC Creator"
 1439      73657273 
 1439      5C676972 
 1439      69735C4F 
 1439      6E654472 
 1440 02a0 5C454141 		.ascii	"\\EAA\\Assignment2.cydsn\000"
 1440      5C417373 
 1440      69676E6D 
 1440      656E7432 
 1440      2E637964 
 1441              	.LASF11:
 1442 02b7 756E7369 		.ascii	"unsigned int\000"
 1442      676E6564 
 1442      20696E74 
 1442      00
 1443              	.LASF79:
 1444 02c4 45565F31 		.ascii	"EV_1MIN\000"
 1444      4D494E00 
 1445              	.LASF13:
 1446 02cc 75696E74 		.ascii	"uint16_t\000"
 1446      31365F74 
 1446      00
ARM GAS  C:\Users\giris\AppData\Local\Temp\cch68yjz.s 			page 31


 1447              	.LASF50:
 1448 02d5 52435F45 		.ascii	"RC_ERROR_UNKNOWN\000"
 1448      52524F52 
 1448      5F554E4B 
 1448      4E4F574E 
 1448      00
 1449              	.LASF22:
 1450 02e6 45455F55 		.ascii	"EE_UREG\000"
 1450      52454700 
 1451              	.LASF39:
 1452 02ee 52435F45 		.ascii	"RC_ERROR_CHECKSUM\000"
 1452      52524F52 
 1452      5F434845 
 1452      434B5355 
 1452      4D00
 1453              	.LASF8:
 1454 0300 6C6F6E67 		.ascii	"long unsigned int\000"
 1454      20756E73 
 1454      69676E65 
 1454      6420696E 
 1454      7400
 1455              	.LASF28:
 1456 0312 52435F45 		.ascii	"RC_ERROR_NULL\000"
 1456      52524F52 
 1456      5F4E554C 
 1456      4C00
 1457              	.LASF117:
 1458 0320 434C4F43 		.ascii	"CLOCK_Widget_t\000"
 1458      4B5F5769 
 1458      64676574 
 1458      5F7400
 1459              	.LASF26:
 1460 032f 52435F53 		.ascii	"RC_SUCCESS\000"
 1460      55434345 
 1460      535300
 1461              	.LASF86:
 1462 033a 434C4F43 		.ascii	"CLOCK_W_ISAUTOINCREMENT\000"
 1462      4B5F575F 
 1462      49534155 
 1462      544F494E 
 1462      4352454D 
 1463              	.LASF58:
 1464 0352 47424C55 		.ascii	"GBLUE\000"
 1464      4500
 1465              	.LASF10:
 1466 0358 6C6F6E67 		.ascii	"long long unsigned int\000"
 1466      206C6F6E 
 1466      6720756E 
 1466      7369676E 
 1466      65642069 
 1467              	.LASF102:
 1468 036f 6576656E 		.ascii	"event\000"
 1468      7400
 1469              	.LASF92:
 1470 0375 73697A65 		.ascii	"size\000"
 1470      00
 1471              	.LASF5:
ARM GAS  C:\Users\giris\AppData\Local\Temp\cch68yjz.s 			page 32


 1472 037a 73686F72 		.ascii	"short unsigned int\000"
 1472      7420756E 
 1472      7369676E 
 1472      65642069 
 1472      6E7400
 1473              	.LASF133:
 1474 038d 45455F6F 		.ascii	"EE_oo_IRQ_disable_count\000"
 1474      6F5F4952 
 1474      515F6469 
 1474      7361626C 
 1474      655F636F 
 1475              	.LASF34:
 1476 03a5 52435F45 		.ascii	"RC_ERROR_BUFFER_FULL\000"
 1476      52524F52 
 1476      5F425546 
 1476      4645525F 
 1476      46554C4C 
 1477              	.LASF72:
 1478 03ba 4C42424C 		.ascii	"LBBLUE\000"
 1478      554500
 1479              	.LASF109:
 1480 03c1 61637469 		.ascii	"actionEntry\000"
 1480      6F6E456E 
 1480      74727900 
 1481              	.LASF90:
 1482 03cd 4E4F4E45 		.ascii	"NONE\000"
 1482      00
 1483              	.LASF71:
 1484 03d2 4C475241 		.ascii	"LGRAYBLUE\000"
 1484      59424C55 
 1484      4500
 1485              	.LASF44:
 1486 03dc 52435F45 		.ascii	"RC_ERROR_WRITE_FAILS\000"
 1486      52524F52 
 1486      5F575249 
 1486      54455F46 
 1486      41494C53 
 1487              	.LASF98:
 1488 03f1 53544154 		.ascii	"STATE_event_t\000"
 1488      455F6576 
 1488      656E745F 
 1488      7400
 1489              	.LASF130:
 1490 03ff 7469636B 		.ascii	"tickperiod\000"
 1490      70657269 
 1490      6F6400
 1491              	.LASF45:
 1492 040a 52435F45 		.ascii	"RC_ERROR_NOT_MATCH\000"
 1492      52524F52 
 1492      5F4E4F54 
 1492      5F4D4154 
 1492      434800
 1493              	.LASF6:
 1494 041d 5F5F696E 		.ascii	"__int32_t\000"
 1494      7433325F 
 1494      7400
 1495              	.LASF67:
ARM GAS  C:\Users\giris\AppData\Local\Temp\cch68yjz.s 			page 33


 1496 0427 4C494748 		.ascii	"LIGHTBLUE\000"
 1496      54424C55 
 1496      4500
 1497              	.LASF89:
 1498 0431 434C4F43 		.ascii	"CLOCK_MINWIDGET\000"
 1498      4B5F4D49 
 1498      4E574944 
 1498      47455400 
 1499              	.LASF87:
 1500 0441 436C6F63 		.ascii	"Clock_State_Enum_t\000"
 1500      6B5F5374 
 1500      6174655F 
 1500      456E756D 
 1500      5F7400
 1501              	.LASF80:
 1502 0454 4556454E 		.ascii	"EVENT_t\000"
 1502      545F7400 
 1503              	.LASF19:
 1504 045c 73697A65 		.ascii	"sizetype\000"
 1504      74797065 
 1504      00
 1505              	.LASF85:
 1506 0465 434C4F43 		.ascii	"CLOCK_W_ISEDITING\000"
 1506      4B5F575F 
 1506      49534544 
 1506      4954494E 
 1506      4700
 1507              	.LASF18:
 1508 0477 6C6F6E67 		.ascii	"long double\000"
 1508      20646F75 
 1508      626C6500 
 1509              	.LASF25:
 1510 0483 626F6F6C 		.ascii	"boolean_t\000"
 1510      65616E5F 
 1510      7400
 1511              	.LASF106:
 1512 048d 53544154 		.ascii	"STATE_stateInnerTransition_t\000"
 1512      455F7374 
 1512      61746549 
 1512      6E6E6572 
 1512      5472616E 
 1513              	.LASF112:
 1514 04aa 6D5F7769 		.ascii	"m_widgetState\000"
 1514      64676574 
 1514      53746174 
 1514      6500
 1515              	.LASF42:
 1516 04b8 52435F45 		.ascii	"RC_ERROR_INVALID\000"
 1516      52524F52 
 1516      5F494E56 
 1516      414C4944 
 1516      00
 1517              	.LASF135:
 1518 04c9 45455F41 		.ascii	"EE_ApplicationMode\000"
 1518      70706C69 
 1518      63617469 
 1518      6F6E4D6F 
ARM GAS  C:\Users\giris\AppData\Local\Temp\cch68yjz.s 			page 34


 1518      646500
 1519              	.LASF48:
 1520 04dc 52435F45 		.ascii	"RC_ERROR_CANCELED\000"
 1520      52524F52 
 1520      5F43414E 
 1520      43454C45 
 1520      4400
 1521              	.LASF65:
 1522 04ee 47524159 		.ascii	"GRAY\000"
 1522      00
 1523              	.LASF33:
 1524 04f3 52435F45 		.ascii	"RC_ERROR_UNDERRUN\000"
 1524      52524F52 
 1524      5F554E44 
 1524      45525255 
 1524      4E00
 1525              	.LASF43:
 1526 0505 52435F45 		.ascii	"RC_ERROR_READ_FAILS\000"
 1526      52524F52 
 1526      5F524541 
 1526      445F4641 
 1526      494C5300 
 1527              	.LASF66:
 1528 0519 4441524B 		.ascii	"DARKBLUE\000"
 1528      424C5545 
 1528      00
 1529              	.LASF128:
 1530 0522 4B65794C 		.ascii	"KeyLeft_Button_3_flag\000"
 1530      6566745F 
 1530      42757474 
 1530      6F6E5F33 
 1530      5F666C61 
 1531              	.LASF27:
 1532 0538 52435F45 		.ascii	"RC_ERROR\000"
 1532      52524F52 
 1532      00
 1533              	.LASF56:
 1534 0541 42524544 		.ascii	"BRED\000"
 1534      00
 1535              	.LASF126:
 1536 0546 6D5F636C 		.ascii	"m_clock_data\000"
 1536      6F636B5F 
 1536      64617461 
 1536      00
 1537              	.LASF36:
 1538 0553 52435F45 		.ascii	"RC_ERROR_BUSY\000"
 1538      52524F52 
 1538      5F425553 
 1538      5900
 1539              	.LASF129:
 1540 0561 4B65794C 		.ascii	"KeyLeft_Button_4_flag\000"
 1540      6566745F 
 1540      42757474 
 1540      6F6E5F34 
 1540      5F666C61 
 1541              	.LASF124:
 1542 0577 4B657952 		.ascii	"KeyRight_Button_4_Status\000"
ARM GAS  C:\Users\giris\AppData\Local\Temp\cch68yjz.s 			page 35


 1542      69676874 
 1542      5F427574 
 1542      746F6E5F 
 1542      345F5374 
 1543              	.LASF114:
 1544 0590 6D5F7374 		.ascii	"m_stateActions\000"
 1544      61746541 
 1544      6374696F 
 1544      6E7300
 1545              	.LASF14:
 1546 059f 696E7433 		.ascii	"int32_t\000"
 1546      325F7400 
 1547              	.LASF1:
 1548 05a7 756E7369 		.ascii	"unsigned char\000"
 1548      676E6564 
 1548      20636861 
 1548      7200
 1549              	.LASF107:
 1550 05b5 53544154 		.ascii	"STATE_stateInnerTransitionTable_t\000"
 1550      455F7374 
 1550      61746549 
 1550      6E6E6572 
 1550      5472616E 
 1551              	.LASF2:
 1552 05d7 73686F72 		.ascii	"short int\000"
 1552      7420696E 
 1552      7400
 1553              	.LASF83:
 1554 05e1 434C4F43 		.ascii	"CLOCK_C_ISEDITINGMINUTES\000"
 1554      4B5F435F 
 1554      49534544 
 1554      4954494E 
 1554      474D494E 
 1555              	.LASF122:
 1556 05fa 434C4F43 		.ascii	"CLOCK_data_t\000"
 1556      4B5F6461 
 1556      74615F74 
 1556      00
 1557              	.LASF127:
 1558 0607 53435F49 		.ascii	"SC_INPUT_data_t\000"
 1558      4E505554 
 1558      5F646174 
 1558      615F7400 
 1559              	.LASF141:
 1560 0617 474E5520 		.ascii	"GNU C11 5.4.1 20160609 (release) [ARM/embedded-5-br"
 1560      43313120 
 1560      352E342E 
 1560      31203230 
 1560      31363036 
 1561 064a 616E6368 		.ascii	"anch revision 237715] -mcpu=cortex-m3 -mthumb -g -O"
 1561      20726576 
 1561      6973696F 
 1561      6E203233 
 1561      37373135 
 1562 067d 67202D66 		.ascii	"g -ffunction-sections -ffat-lto-objects\000"
 1562      66756E63 
 1562      74696F6E 
ARM GAS  C:\Users\giris\AppData\Local\Temp\cch68yjz.s 			page 36


 1562      2D736563 
 1562      74696F6E 
 1563              	.LASF61:
 1564 06a5 4359414E 		.ascii	"CYAN\000"
 1564      00
 1565              	.LASF29:
 1566 06aa 52435F45 		.ascii	"RC_ERROR_ZERO\000"
 1566      52524F52 
 1566      5F5A4552 
 1566      4F00
 1567              	.LASF140:
 1568 06b8 4B657952 		.ascii	"KeyRight_Button_4_Read\000"
 1568      69676874 
 1568      5F427574 
 1568      746F6E5F 
 1568      345F5265 
 1569              	.LASF46:
 1570 06cf 52435F45 		.ascii	"RC_ERROR_BAD_PARAM\000"
 1570      52524F52 
 1570      5F424144 
 1570      5F504152 
 1570      414D00
 1571              	.LASF40:
 1572 06e2 52435F45 		.ascii	"RC_ERROR_READ_ONLY\000"
 1572      52524F52 
 1572      5F524541 
 1572      445F4F4E 
 1572      4C5900
 1573              	.LASF15:
 1574 06f5 666C6F61 		.ascii	"float\000"
 1574      7400
 1575              	.LASF17:
 1576 06fb 63686172 		.ascii	"char\000"
 1576      00
 1577              	.LASF54:
 1578 0700 424C4143 		.ascii	"BLACK\000"
 1578      4B00
 1579              	.LASF116:
 1580 0706 6D5F666F 		.ascii	"m_font\000"
 1580      6E7400
 1581              	.LASF4:
 1582 070d 5F5F7569 		.ascii	"__uint16_t\000"
 1582      6E743136 
 1582      5F7400
 1583              	.LASF55:
 1584 0718 424C5545 		.ascii	"BLUE\000"
 1584      00
 1585              	.LASF119:
 1586 071d 6D5F6163 		.ascii	"m_activeWidget\000"
 1586      74697665 
 1586      57696467 
 1586      657400
 1587              	.LASF60:
 1588 072c 47524545 		.ascii	"GREEN\000"
 1588      4E00
 1589              	.LASF51:
 1590 0732 52435F45 		.ascii	"RC_ERROR_NOT_IMPLEMENTED\000"
ARM GAS  C:\Users\giris\AppData\Local\Temp\cch68yjz.s 			page 37


 1590      52524F52 
 1590      5F4E4F54 
 1590      5F494D50 
 1590      4C454D45 
 1591              	.LASF74:
 1592 074b 45565F4E 		.ascii	"EV_NONE\000"
 1592      4F4E4500 
 1593              	.LASF32:
 1594 0753 52435F45 		.ascii	"RC_ERROR_OVERRUN\000"
 1594      52524F52 
 1594      5F4F5645 
 1594      5252554E 
 1594      00
 1595              	.LASF69:
 1596 0764 4C494748 		.ascii	"LIGHTGREEN\000"
 1596      54475245 
 1596      454E00
 1597              	.LASF145:
 1598 076f 64617461 		.ascii	"data\000"
 1598      00
 1599              	.LASF125:
 1600 0774 6D5F6576 		.ascii	"m_ev\000"
 1600      00
 1601              	.LASF30:
 1602 0779 52435F45 		.ascii	"RC_ERROR_MEMORY\000"
 1602      52524F52 
 1602      5F4D454D 
 1602      4F525900 
 1603              	.LASF84:
 1604 0789 434C4F43 		.ascii	"CLOCK_W_ISDISPLAYING\000"
 1604      4B5F575F 
 1604      49534449 
 1604      53504C41 
 1604      59494E47 
 1605              	.LASF105:
 1606 079e 61637469 		.ascii	"actionTransition\000"
 1606      6F6E5472 
 1606      616E7369 
 1606      74696F6E 
 1606      00
 1607              	.LASF121:
 1608 07af 6D5F6D69 		.ascii	"m_minutes\000"
 1608      6E757465 
 1608      7300
 1609              	.LASF111:
 1610 07b9 53544154 		.ascii	"STATE_stateAction_t\000"
 1610      455F7374 
 1610      61746541 
 1610      6374696F 
 1610      6E5F7400 
 1611              	.LASF93:
 1612 07cd 62675F63 		.ascii	"bg_colour\000"
 1612      6F6C6F75 
 1612      7200
 1613              	.LASF137:
 1614 07d7 45455F49 		.ascii	"EE_IRQ_nesting_level\000"
 1614      52515F6E 
ARM GAS  C:\Users\giris\AppData\Local\Temp\cch68yjz.s 			page 38


 1614      65737469 
 1614      6E675F6C 
 1614      6576656C 
 1615              	.LASF21:
 1616 07ec 45455F55 		.ascii	"EE_UINT32\000"
 1616      494E5433 
 1616      3200
 1617              	.LASF31:
 1618 07f6 52435F45 		.ascii	"RC_ERROR_RANGE\000"
 1618      52524F52 
 1618      5F52414E 
 1618      474500
 1619              	.LASF20:
 1620 0805 45455F49 		.ascii	"EE_INT32\000"
 1620      4E543332 
 1620      00
 1621              	.LASF12:
 1622 080e 75696E74 		.ascii	"uint8_t\000"
 1622      385F7400 
 1623              	.LASF120:
 1624 0816 6D5F686F 		.ascii	"m_hours\000"
 1624      75727300 
 1625              	.LASF118:
 1626 081e 6D5F636F 		.ascii	"m_containerState\000"
 1626      6E746169 
 1626      6E657253 
 1626      74617465 
 1626      00
 1627              	.LASF77:
 1628 082f 45565F4B 		.ascii	"EV_KEYRIGHTLONGPRESS\000"
 1628      45595249 
 1628      4748544C 
 1628      4F4E4750 
 1628      52455353 
 1629              	.LASF68:
 1630 0844 47524159 		.ascii	"GRAYBLUE\000"
 1630      424C5545 
 1630      00
 1631              	.LASF97:
 1632 084d 434C4F43 		.ascii	"CLOCK_font_t\000"
 1632      4B5F666F 
 1632      6E745F74 
 1632      00
 1633              	.LASF139:
 1634 085a 4B65794C 		.ascii	"KeyLeft_Button_3_Read\000"
 1634      6566745F 
 1634      42757474 
 1634      6F6E5F33 
 1634      5F526561 
 1635              	.LASF104:
 1636 0870 67756172 		.ascii	"guard\000"
 1636      6400
 1637              	.LASF23:
 1638 0876 45455F46 		.ascii	"EE_FREG\000"
 1638      52454700 
 1639              		.ident	"GCC: (GNU Tools for ARM Embedded Processors) 5.4.1 20160609 (release) [ARM/embedded-5-bran
